
  .   ____          _            __ _ _
 /\\ / ___'_ __ _ _(_)_ __  __ _ \ \ \ \
( ( )\___ | '_ | '_| | '_ \/ _` | \ \ \ \
 \\/  ___)| |_)| | | | | || (_| |  ) ) ) )
  '  |____| .__|_| |_|_| |_\__, | / / / /
 =========|_|==============|___/=/_/_/_/

 :: Spring Boot ::                (v3.5.7)

2026-04-14T13:05:04.472+05:30  INFO 7360 --- [eureka-server] [           main] c.e.eureka.EurekaServerApplication       : Starting EurekaServerApplication v0.0.1-SNAPSHOT using Java 25.0.1 with PID 7360 (C:\Users\abbuz\Downloads\EduLearn\OnlineLearningManagementSystem-Backend-demo\eureka-server\target\eureka-server-0.0.1-SNAPSHOT.jar started by abbuz in C:\Users\abbuz\Downloads\EduLearn\OnlineLearningManagementSystem-Backend-demo\eureka-server)
2026-04-14T13:05:04.478+05:30  INFO 7360 --- [eureka-server] [           main] c.e.eureka.EurekaServerApplication       : No active profile set, falling back to 1 default profile: "default"
2026-04-14T13:05:07.335+05:30  INFO 7360 --- [eureka-server] [           main] o.s.cloud.context.scope.GenericScope     : BeanFactory id=d798da87-dbd7-382e-80ed-0f878de59127
2026-04-14T13:05:08.035+05:30  INFO 7360 --- [eureka-server] [           main] o.s.b.w.embedded.tomcat.TomcatWebServer  : Tomcat initialized with port 8761 (http)
2026-04-14T13:05:08.072+05:30  INFO 7360 --- [eureka-server] [           main] o.apache.catalina.core.StandardService   : Starting service [Tomcat]
2026-04-14T13:05:08.074+05:30  INFO 7360 --- [eureka-server] [           main] o.apache.catalina.core.StandardEngine    : Starting Servlet engine: [Apache Tomcat/10.1.48]
2026-04-14T13:05:08.146+05:30  INFO 7360 --- [eureka-server] [           main] o.a.c.c.C.[Tomcat].[localhost].[/]       : Initializing Spring embedded WebApplicationContext
2026-04-14T13:05:08.148+05:30  INFO 7360 --- [eureka-server] [           main] w.s.c.ServletWebServerApplicationContext : Root WebApplicationContext: initialization completed in 3561 ms
2026-04-14T13:05:10.818+05:30  INFO 7360 --- [eureka-server] [           main] o.s.v.b.OptionalValidatorFactoryBean     : Failed to set up a Bean Validation provider: jakarta.validation.NoProviderFoundException: Unable to create a Configuration, because no Jakarta Bean Validation provider could be found. Add a provider like Hibernate Validator (RI) to your classpath.
2026-04-14T13:05:12.078+05:30  WARN 7360 --- [eureka-server] [           main] iguration$LoadBalancerCaffeineWarnLogger : Spring Cloud LoadBalancer is currently working with the default cache. While this cache implementation is useful for development and tests, it's recommended to use Caffeine cache in production.You can switch to using Caffeine cache, by adding it and org.springframework.cache.caffeine.CaffeineCacheManager to the classpath.
2026-04-14T13:05:12.118+05:30  INFO 7360 --- [eureka-server] [           main] o.s.c.n.eureka.InstanceInfoFactory       : Setting initial instance status as: STARTING
2026-04-14T13:05:12.239+05:30  WARN 7360 --- [eureka-server] [           main] c.n.eureka.cluster.PeerEurekaNodes       : The replica size seems to be empty. Check the route 53 DNS Registry
2026-04-14T13:05:12.282+05:30  INFO 7360 --- [eureka-server] [           main] o.s.b.a.e.web.EndpointLinksResolver      : Exposing 1 endpoint beneath base path '/actuator'
2026-04-14T13:05:12.361+05:30  INFO 7360 --- [eureka-server] [           main] o.s.c.n.e.s.EurekaServiceRegistry        : Registering application EUREKA-SERVER with eureka with status UP
2026-04-14T13:05:12.377+05:30  INFO 7360 --- [eureka-server] [       Thread-9] o.s.c.n.e.server.EurekaServerBootstrap   : isAws returned false
2026-04-14T13:05:12.378+05:30  INFO 7360 --- [eureka-server] [       Thread-9] o.s.c.n.e.server.EurekaServerBootstrap   : Initialized server context
2026-04-14T13:05:12.381+05:30  INFO 7360 --- [eureka-server] [       Thread-9] e.s.EurekaServerInitializerConfiguration : Started Eureka Server
2026-04-14T13:05:12.419+05:30  INFO 7360 --- [eureka-server] [           main] o.s.b.w.embedded.tomcat.TomcatWebServer  : Tomcat started on port 8761 (http) with context path '/'
2026-04-14T13:05:12.422+05:30  INFO 7360 --- [eureka-server] [           main] .s.c.n.e.s.EurekaAutoServiceRegistration : Updating port to 8761
2026-04-14T13:05:12.457+05:30  INFO 7360 --- [eureka-server] [           main] c.e.eureka.EurekaServerApplication       : Started EurekaServerApplication in 9.152 seconds (process running for 10.264)
