#
# There is insufficient memory for the Java Runtime Environment to continue.
# Native memory allocation (malloc) failed to allocate 1395288 bytes. Error detail: Chunk::new
# Possible reasons:
#   The system is out of physical RAM or swap space
#   This process is running with CompressedOops enabled, and the Java Heap may be blocking the growth of the native heap
# Possible solutions:
#   Reduce memory load on the system
#   Increase physical memory or swap space
#   Check if swap backing store is full
#   Decrease Java heap size (-Xmx/-Xms)
#   Decrease number of Java threads
#   Decrease Java thread stack sizes (-Xss)
#   Set larger code cache with -XX:ReservedCodeCacheSize=
#   JVM is running with Unscaled Compressed Oops mode in which the Java heap is
#     placed in the first 4GB address space. The Java Heap base address is the
#     maximum limit for the native heap growth. Please use -XX:HeapBaseMinAddress
#     to set the Java Heap base and to place the Java Heap above 4GB virtual address.
# This output file may be truncated or incomplete.
#
#  Out of Memory Error (arena.cpp:186), pid=25460, tid=23596
#
# JRE version: Java(TM) SE Runtime Environment (25.0.1+8) (build 25.0.1+8-LTS-27)
# Java VM: Java HotSpot(TM) 64-Bit Server VM (25.0.1+8-LTS-27, mixed mode, sharing, tiered, compressed oops, compressed class ptrs, g1 gc, windows-amd64)
# No core dump will be written. Minidumps are not enabled by default on client versions of Windows
#

---------------  S U M M A R Y ------------

Command Line: --enable-native-access=ALL-UNNAMED -Dclassworlds.conf=C:\Program Files\Apache\Maven\bin\m2.conf -Dmaven.home=C:\Program Files\Apache\Maven -Dlibrary.jansi.path=C:\Program Files\Apache\Maven\lib\jansi-native -Dmaven.multiModuleProjectDirectory=D:\workspace-spring-tools-for-eclipse-5.0.1.RELEASE\OnlineLearningManagementSystem\backend\lesson-service org.codehaus.plexus.classworlds.launcher.Launcher spring-boot:run

Host: 11th Gen Intel(R) Core(TM) i5-1135G7 @ 2.40GHz, 8 cores, 7G,  Windows 11 , 64 bit Build 26100 (10.0.26100.8328)
Time: Fri May 15 01:41:32 2026 India Standard Time elapsed time: 45.618532 seconds (0d 0h 0m 45s)

---------------  T H R E A D  ---------------

Current thread (0x000001f3f40766d0):  JavaThread "C2 CompilerThread0" daemon [_thread_in_native, id=23596, stack(0x0000002b28f00000,0x0000002b29000000) (1024K)]


Current CompileTask:
C2:45618 5394 %     4       sun.nio.fs.WindowsPathParser::normalize @ 61 (339 bytes)

Stack: [0x0000002b28f00000,0x0000002b29000000]
Native frames: (J=compiled Java code, j=interpreted, Vv=VM code, C=native code)
V  [jvm.dll+0x7a6b59]  (no source info available)
V  [jvm.dll+0x77290d]  (no source info available)
V  [jvm.dll+0x966153]  (no source info available)
V  [jvm.dll+0x968751]  (no source info available)
V  [jvm.dll+0x968e53]  (no source info available)
V  [jvm.dll+0x2fc756]  (no source info available)
V  [jvm.dll+0x111b26]  (no source info available)
V  [jvm.dll+0x111e4e]  (no source info available)
V  [jvm.dll+0x1a0a22]  (no source info available)
V  [jvm.dll+0x3b53c2]  (no source info available)
V  [jvm.dll+0x7ac4ef]  (no source info available)
V  [jvm.dll+0x2c0ac7]  (no source info available)
V  [jvm.dll+0x2bfa8f]  (no source info available)
V  [jvm.dll+0x237b60]  (no source info available)
V  [jvm.dll+0x2cfb56]  (no source info available)
V  [jvm.dll+0x2cddd5]  (no source info available)
V  [jvm.dll+0x48e6d1]  (no source info available)
V  [jvm.dll+0x906a0d]  (no source info available)
V  [jvm.dll+0x7a5135]  (no source info available)
C  [ucrtbase.dll+0x37b0]  (no source info available)
C  [KERNEL32.DLL+0x2e957]  (no source info available)
C  [ntdll.dll+0x427c]  (no source info available)

Lock stack of current Java thread (top to bottom):


---------------  P R O C E S S  ---------------

Threads class SMR info:
_java_thread_list=0x000001f3f4dfb330, length=12, elements={
0x000001f3d7425660, 0x000001f3f4069150, 0x000001f3f4069d10, 0x000001f3f406c3b0,
0x000001f3f406e0d0, 0x000001f3f4070c10, 0x000001f3f40717d0, 0x000001f3f40766d0,
0x000001f3f40772e0, 0x000001f3f40d5700, 0x000001f3f40dfe30, 0x000001f3f4e67d50
}

Java Threads: ( => current thread )
  0x000001f3d7425660 JavaThread "main"                              [_thread_in_native, id=19036, stack(0x0000002b28100000,0x0000002b28200000) (1024K)]
  0x000001f3f4069150 JavaThread "Reference Handler"          daemon [_thread_blocked, id=26580, stack(0x0000002b28900000,0x0000002b28a00000) (1024K)]
  0x000001f3f4069d10 JavaThread "Finalizer"                  daemon [_thread_blocked, id=26712, stack(0x0000002b28a00000,0x0000002b28b00000) (1024K)]
  0x000001f3f406c3b0 JavaThread "Signal Dispatcher"          daemon [_thread_blocked, id=25236, stack(0x0000002b28b00000,0x0000002b28c00000) (1024K)]
  0x000001f3f406e0d0 JavaThread "Attach Listener"            daemon [_thread_blocked, id=14904, stack(0x0000002b28c00000,0x0000002b28d00000) (1024K)]
  0x000001f3f4070c10 JavaThread "Service Thread"             daemon [_thread_blocked, id=16608, stack(0x0000002b28d00000,0x0000002b28e00000) (1024K)]
  0x000001f3f40717d0 JavaThread "Monitor Deflation Thread"   daemon [_thread_blocked, id=23704, stack(0x0000002b28e00000,0x0000002b28f00000) (1024K)]
=>0x000001f3f40766d0 JavaThread "C2 CompilerThread0"         daemon [_thread_in_native, id=23596, stack(0x0000002b28f00000,0x0000002b29000000) (1024K)]
  0x000001f3f40772e0 JavaThread "C1 CompilerThread0"         daemon [_thread_blocked, id=13264, stack(0x0000002b29000000,0x0000002b29100000) (1024K)]
  0x000001f3f40d5700 JavaThread "Notification Thread"        daemon [_thread_blocked, id=1572, stack(0x0000002b29100000,0x0000002b29200000) (1024K)]
  0x000001f3f40dfe30 JavaThread "Common-Cleaner"             daemon [_thread_blocked, id=27212, stack(0x0000002b29200000,0x0000002b29300000) (1024K)]
  0x000001f3f4e67d50 JavaThread "Thread-1"                   daemon [_thread_blocked, id=25244, stack(0x0000002b29700000,0x0000002b29800000) (1024K)]
Total: 12

Other Threads:
  0x000001f3f4055200 VMThread "VM Thread"                           [id=21992, stack(0x0000002b28800000,0x0000002b28900000) (1024K)]
  0x000001f3f4043980 WatcherThread "VM Periodic Task Thread"        [id=6556, stack(0x0000002b28700000,0x0000002b28800000) (1024K)]
  0x000001f3d747a5f0 WorkerThread "GC Thread#0"                     [id=26488, stack(0x0000002b28200000,0x0000002b28300000) (1024K)]
  0x000001f3f4b77050 WorkerThread "GC Thread#1"                     [id=7700, stack(0x0000002b29300000,0x0000002b29400000) (1024K)]
  0x000001f3f4b854d0 WorkerThread "GC Thread#2"                     [id=10352, stack(0x0000002b29400000,0x0000002b29500000) (1024K)]
  0x000001f3f4c4ed60 WorkerThread "GC Thread#3"                     [id=18960, stack(0x0000002b29500000,0x0000002b29600000) (1024K)]
  0x000001f3f4c4f190 WorkerThread "GC Thread#4"                     [id=27032, stack(0x0000002b29600000,0x0000002b29700000) (1024K)]
  0x000001f3f47135c0 WorkerThread "GC Thread#5"                     [id=23908, stack(0x0000002b27f00000,0x0000002b28000000) (1024K)]
  0x000001f3f47160e0 WorkerThread "GC Thread#6"                     [id=25812, stack(0x0000002b29800000,0x0000002b29900000) (1024K)]
  0x000001f3f47142b0 WorkerThread "GC Thread#7"                     [id=26852, stack(0x0000002b29900000,0x0000002b29a00000) (1024K)]
  0x000001f3d74928c0 ConcurrentGCThread "G1 Main Marker"            [id=4076, stack(0x0000002b28300000,0x0000002b28400000) (1024K)]
  0x000001f3d7493260 WorkerThread "G1 Conc#0"                       [id=11688, stack(0x0000002b28400000,0x0000002b28500000) (1024K)]
  0x000001f3d74de7b0 ConcurrentGCThread "G1 Refine#0"               [id=25380, stack(0x0000002b28500000,0x0000002b28600000) (1024K)]
  0x000001f3f3f10480 ConcurrentGCThread "G1 Service"                [id=11296, stack(0x0000002b28600000,0x0000002b28700000) (1024K)]
Total: 14

Threads with active compile tasks:
C2 CompilerThread0  45777 5394 %     4       sun.nio.fs.WindowsPathParser::normalize @ 61 (339 bytes)
Total: 1

VM state: not at safepoint (normal execution)

VM Mutex/Monitor currently owned by a thread: None

Heap address: 0x0000000084000000, size: 1984 MB, Compressed Oops mode: 32-bit

CDS archive(s) mapped at: [0x0000000026000000-0x0000000026dd0000-0x0000000026dd0000), size 14483456, SharedBaseAddress: 0x0000000026000000, ArchiveRelocationMode: 1.
Compressed class space mapped at: 0x0000000027000000-0x0000000067000000, reserved size: 1073741824
UseCompressedClassPointers 1, UseCompactObjectHeaders 0
Narrow klass pointer bits 32, Max shift 3
Narrow klass base: 0x0000000026000000, Narrow klass shift: 0
Encoding Range: [0x0000000026000000 - 0x0000000126000000), (4294967296 bytes)
Klass Range:    [0x0000000026010000 - 0x0000000067000000), (1090453504 bytes)
Klass ID Range:  [65536 - 1090519033) (1090453497)
Protection zone: [0x0000000026000000 - 0x0000000026010000), (65536 bytes)

GC Precious Log:
 CardTable entry size: 512
 Card Set container configuration: InlinePtr #cards 5 size 8 Array Of Cards #cards 10 size 36 Howl #buckets 4 coarsen threshold 1843 Howl Bitmap #cards 512 size 80 coarsen threshold 460 Card regions per heap region 1 cards per card region 2048
 CPUs: 8 total, 8 available
 Memory: 7930M
 Large Page Support: Disabled
 NUMA Support: Disabled
 Compressed Oops: Enabled (32-bit)
 Heap Region Size: 1M
 Heap Min Capacity: 8M
 Heap Initial Capacity: 124M
 Heap Max Capacity: 1984M
 Pre-touch: Disabled
 Parallel Workers: 8
 Concurrent Workers: 2
 Concurrent Refinement Workers: 8
 Periodic GC: Disabled

Heap:
 garbage-first heap   total reserved 2031616K, committed 129024K, used 26997K [0x0000000084000000, 0x0000000100000000)
  region size 1024K, 16 young (16384K), 5 survivors (5120K)

Heap Regions: E=young(eden), S=young(survivor), O=old, HS=humongous(starts), HC=humongous(continues), CS=collection set, F=free, TAMS=top-at-mark-start, PB=parsable bottom
|   0|0x0000000084000000, 0x0000000084100000, 0x0000000084100000|100%| O|  |TAMS 0x0000000084000000| PB 0x0000000084000000| Untracked |  0
|   1|0x0000000084100000, 0x0000000084200000, 0x0000000084200000|100%| O|  |TAMS 0x0000000084100000| PB 0x0000000084100000| Untracked |  0
|   2|0x0000000084200000, 0x0000000084300000, 0x0000000084300000|100%| O|  |TAMS 0x0000000084200000| PB 0x0000000084200000| Untracked |  0
|   3|0x0000000084300000, 0x0000000084400000, 0x0000000084400000|100%| O|  |TAMS 0x0000000084300000| PB 0x0000000084300000| Untracked |  0
|   4|0x0000000084400000, 0x0000000084500000, 0x0000000084500000|100%| O|  |TAMS 0x0000000084400000| PB 0x0000000084400000| Untracked |  0
|   5|0x0000000084500000, 0x0000000084600000, 0x0000000084600000|100%| O|  |TAMS 0x0000000084500000| PB 0x0000000084500000| Untracked |  0
|   6|0x0000000084600000, 0x0000000084700000, 0x0000000084700000|100%| O|  |TAMS 0x0000000084600000| PB 0x0000000084600000| Untracked |  0
|   7|0x0000000084700000, 0x0000000084800000, 0x0000000084800000|100%| O|  |TAMS 0x0000000084700000| PB 0x0000000084700000| Untracked |  0
|   8|0x0000000084800000, 0x0000000084900000, 0x0000000084900000|100%| O|  |TAMS 0x0000000084800000| PB 0x0000000084800000| Untracked |  0
|   9|0x0000000084900000, 0x0000000084a00000, 0x0000000084a00000|100%| O|  |TAMS 0x0000000084900000| PB 0x0000000084900000| Untracked |  0
|  10|0x0000000084a00000, 0x0000000084a591f0, 0x0000000084b00000| 34%| O|  |TAMS 0x0000000084a00000| PB 0x0000000084a00000| Untracked |  0
|  11|0x0000000084b00000, 0x0000000084b00000, 0x0000000084c00000|  0%| F|  |TAMS 0x0000000084b00000| PB 0x0000000084b00000| Untracked |  0
|  12|0x0000000084c00000, 0x0000000084c00000, 0x0000000084d00000|  0%| F|  |TAMS 0x0000000084c00000| PB 0x0000000084c00000| Untracked |  0
|  13|0x0000000084d00000, 0x0000000084d00000, 0x0000000084e00000|  0%| F|  |TAMS 0x0000000084d00000| PB 0x0000000084d00000| Untracked |  0
|  14|0x0000000084e00000, 0x0000000084e00000, 0x0000000084f00000|  0%| F|  |TAMS 0x0000000084e00000| PB 0x0000000084e00000| Untracked |  0
|  15|0x0000000084f00000, 0x0000000084f00000, 0x0000000085000000|  0%| F|  |TAMS 0x0000000084f00000| PB 0x0000000084f00000| Untracked |  0
|  16|0x0000000085000000, 0x0000000085000000, 0x0000000085100000|  0%| F|  |TAMS 0x0000000085000000| PB 0x0000000085000000| Untracked |  0
|  17|0x0000000085100000, 0x0000000085100000, 0x0000000085200000|  0%| F|  |TAMS 0x0000000085100000| PB 0x0000000085100000| Untracked |  0
|  18|0x0000000085200000, 0x0000000085200000, 0x0000000085300000|  0%| F|  |TAMS 0x0000000085200000| PB 0x0000000085200000| Untracked |  0
|  19|0x0000000085300000, 0x0000000085300000, 0x0000000085400000|  0%| F|  |TAMS 0x0000000085300000| PB 0x0000000085300000| Untracked |  0
|  20|0x0000000085400000, 0x0000000085400000, 0x0000000085500000|  0%| F|  |TAMS 0x0000000085400000| PB 0x0000000085400000| Untracked |  0
|  21|0x0000000085500000, 0x0000000085500000, 0x0000000085600000|  0%| F|  |TAMS 0x0000000085500000| PB 0x0000000085500000| Untracked |  0
|  22|0x0000000085600000, 0x0000000085600000, 0x0000000085700000|  0%| F|  |TAMS 0x0000000085600000| PB 0x0000000085600000| Untracked |  0
|  23|0x0000000085700000, 0x0000000085700000, 0x0000000085800000|  0%| F|  |TAMS 0x0000000085700000| PB 0x0000000085700000| Untracked |  0
|  24|0x0000000085800000, 0x0000000085800000, 0x0000000085900000|  0%| F|  |TAMS 0x0000000085800000| PB 0x0000000085800000| Untracked |  0
|  25|0x0000000085900000, 0x0000000085900000, 0x0000000085a00000|  0%| F|  |TAMS 0x0000000085900000| PB 0x0000000085900000| Untracked |  0
|  26|0x0000000085a00000, 0x0000000085a00000, 0x0000000085b00000|  0%| F|  |TAMS 0x0000000085a00000| PB 0x0000000085a00000| Untracked |  0
|  27|0x0000000085b00000, 0x0000000085b00000, 0x0000000085c00000|  0%| F|  |TAMS 0x0000000085b00000| PB 0x0000000085b00000| Untracked |  0
|  28|0x0000000085c00000, 0x0000000085c00000, 0x0000000085d00000|  0%| F|  |TAMS 0x0000000085c00000| PB 0x0000000085c00000| Untracked |  0
|  29|0x0000000085d00000, 0x0000000085d00000, 0x0000000085e00000|  0%| F|  |TAMS 0x0000000085d00000| PB 0x0000000085d00000| Untracked |  0
|  30|0x0000000085e00000, 0x0000000085e00000, 0x0000000085f00000|  0%| F|  |TAMS 0x0000000085e00000| PB 0x0000000085e00000| Untracked |  0
|  31|0x0000000085f00000, 0x0000000085f00000, 0x0000000086000000|  0%| F|  |TAMS 0x0000000085f00000| PB 0x0000000085f00000| Untracked |  0
|  32|0x0000000086000000, 0x0000000086000000, 0x0000000086100000|  0%| F|  |TAMS 0x0000000086000000| PB 0x0000000086000000| Untracked |  0
|  33|0x0000000086100000, 0x0000000086100000, 0x0000000086200000|  0%| F|  |TAMS 0x0000000086100000| PB 0x0000000086100000| Untracked |  0
|  34|0x0000000086200000, 0x0000000086200000, 0x0000000086300000|  0%| F|  |TAMS 0x0000000086200000| PB 0x0000000086200000| Untracked |  0
|  35|0x0000000086300000, 0x0000000086300000, 0x0000000086400000|  0%| F|  |TAMS 0x0000000086300000| PB 0x0000000086300000| Untracked |  0
|  36|0x0000000086400000, 0x0000000086400000, 0x0000000086500000|  0%| F|  |TAMS 0x0000000086400000| PB 0x0000000086400000| Untracked |  0
|  37|0x0000000086500000, 0x0000000086500000, 0x0000000086600000|  0%| F|  |TAMS 0x0000000086500000| PB 0x0000000086500000| Untracked |  0
|  38|0x0000000086600000, 0x0000000086600000, 0x0000000086700000|  0%| F|  |TAMS 0x0000000086600000| PB 0x0000000086600000| Untracked |  0
|  39|0x0000000086700000, 0x0000000086700000, 0x0000000086800000|  0%| F|  |TAMS 0x0000000086700000| PB 0x0000000086700000| Untracked |  0
|  40|0x0000000086800000, 0x0000000086800000, 0x0000000086900000|  0%| F|  |TAMS 0x0000000086800000| PB 0x0000000086800000| Untracked |  0
|  41|0x0000000086900000, 0x0000000086900000, 0x0000000086a00000|  0%| F|  |TAMS 0x0000000086900000| PB 0x0000000086900000| Untracked |  0
|  42|0x0000000086a00000, 0x0000000086a00000, 0x0000000086b00000|  0%| F|  |TAMS 0x0000000086a00000| PB 0x0000000086a00000| Untracked |  0
|  43|0x0000000086b00000, 0x0000000086b00000, 0x0000000086c00000|  0%| F|  |TAMS 0x0000000086b00000| PB 0x0000000086b00000| Untracked |  0
|  44|0x0000000086c00000, 0x0000000086c00000, 0x0000000086d00000|  0%| F|  |TAMS 0x0000000086c00000| PB 0x0000000086c00000| Untracked |  0
|  45|0x0000000086d00000, 0x0000000086d00000, 0x0000000086e00000|  0%| F|  |TAMS 0x0000000086d00000| PB 0x0000000086d00000| Untracked |  0
|  46|0x0000000086e00000, 0x0000000086e00000, 0x0000000086f00000|  0%| F|  |TAMS 0x0000000086e00000| PB 0x0000000086e00000| Untracked |  0
|  47|0x0000000086f00000, 0x0000000086f00000, 0x0000000087000000|  0%| F|  |TAMS 0x0000000086f00000| PB 0x0000000086f00000| Untracked |  0
|  48|0x0000000087000000, 0x0000000087000000, 0x0000000087100000|  0%| F|  |TAMS 0x0000000087000000| PB 0x0000000087000000| Untracked |  0
|  49|0x0000000087100000, 0x0000000087100000, 0x0000000087200000|  0%| F|  |TAMS 0x0000000087100000| PB 0x0000000087100000| Untracked |  0
|  50|0x0000000087200000, 0x0000000087200000, 0x0000000087300000|  0%| F|  |TAMS 0x0000000087200000| PB 0x0000000087200000| Untracked |  0
|  51|0x0000000087300000, 0x00000000873dec78, 0x0000000087400000| 87%| S|CS|TAMS 0x0000000087300000| PB 0x0000000087300000| Complete |  0
|  52|0x0000000087400000, 0x0000000087500000, 0x0000000087500000|100%| S|CS|TAMS 0x0000000087400000| PB 0x0000000087400000| Complete |  0
|  53|0x0000000087500000, 0x0000000087600000, 0x0000000087600000|100%| S|CS|TAMS 0x0000000087500000| PB 0x0000000087500000| Complete |  0
|  54|0x0000000087600000, 0x0000000087700000, 0x0000000087700000|100%| S|CS|TAMS 0x0000000087600000| PB 0x0000000087600000| Complete |  0
|  55|0x0000000087700000, 0x0000000087800000, 0x0000000087800000|100%| S|CS|TAMS 0x0000000087700000| PB 0x0000000087700000| Complete |  0
|  56|0x0000000087800000, 0x0000000087800000, 0x0000000087900000|  0%| F|  |TAMS 0x0000000087800000| PB 0x0000000087800000| Untracked |  0
|  57|0x0000000087900000, 0x0000000087900000, 0x0000000087a00000|  0%| F|  |TAMS 0x0000000087900000| PB 0x0000000087900000| Untracked |  0
|  58|0x0000000087a00000, 0x0000000087a00000, 0x0000000087b00000|  0%| F|  |TAMS 0x0000000087a00000| PB 0x0000000087a00000| Untracked |  0
|  59|0x0000000087b00000, 0x0000000087b00000, 0x0000000087c00000|  0%| F|  |TAMS 0x0000000087b00000| PB 0x0000000087b00000| Untracked |  0
|  60|0x0000000087c00000, 0x0000000087c00000, 0x0000000087d00000|  0%| F|  |TAMS 0x0000000087c00000| PB 0x0000000087c00000| Untracked |  0
|  61|0x0000000087d00000, 0x0000000087d00000, 0x0000000087e00000|  0%| F|  |TAMS 0x0000000087d00000| PB 0x0000000087d00000| Untracked |  0
|  62|0x0000000087e00000, 0x0000000087e00000, 0x0000000087f00000|  0%| F|  |TAMS 0x0000000087e00000| PB 0x0000000087e00000| Untracked |  0
|  63|0x0000000087f00000, 0x0000000087f00000, 0x0000000088000000|  0%| F|  |TAMS 0x0000000087f00000| PB 0x0000000087f00000| Untracked |  0
|  64|0x0000000088000000, 0x0000000088000000, 0x0000000088100000|  0%| F|  |TAMS 0x0000000088000000| PB 0x0000000088000000| Untracked |  0
|  65|0x0000000088100000, 0x0000000088100000, 0x0000000088200000|  0%| F|  |TAMS 0x0000000088100000| PB 0x0000000088100000| Untracked |  0
|  66|0x0000000088200000, 0x0000000088200000, 0x0000000088300000|  0%| F|  |TAMS 0x0000000088200000| PB 0x0000000088200000| Untracked |  0
|  67|0x0000000088300000, 0x0000000088300000, 0x0000000088400000|  0%| F|  |TAMS 0x0000000088300000| PB 0x0000000088300000| Untracked |  0
|  68|0x0000000088400000, 0x0000000088400000, 0x0000000088500000|  0%| F|  |TAMS 0x0000000088400000| PB 0x0000000088400000| Untracked |  0
|  69|0x0000000088500000, 0x0000000088500000, 0x0000000088600000|  0%| F|  |TAMS 0x0000000088500000| PB 0x0000000088500000| Untracked |  0
|  70|0x0000000088600000, 0x0000000088600000, 0x0000000088700000|  0%| F|  |TAMS 0x0000000088600000| PB 0x0000000088600000| Untracked |  0
|  71|0x0000000088700000, 0x0000000088700000, 0x0000000088800000|  0%| F|  |TAMS 0x0000000088700000| PB 0x0000000088700000| Untracked |  0
|  72|0x0000000088800000, 0x0000000088800000, 0x0000000088900000|  0%| F|  |TAMS 0x0000000088800000| PB 0x0000000088800000| Untracked |  0
|  73|0x0000000088900000, 0x0000000088900000, 0x0000000088a00000|  0%| F|  |TAMS 0x0000000088900000| PB 0x0000000088900000| Untracked |  0
|  74|0x0000000088a00000, 0x0000000088a00000, 0x0000000088b00000|  0%| F|  |TAMS 0x0000000088a00000| PB 0x0000000088a00000| Untracked |  0
|  75|0x0000000088b00000, 0x0000000088b00000, 0x0000000088c00000|  0%| F|  |TAMS 0x0000000088b00000| PB 0x0000000088b00000| Untracked |  0
|  76|0x0000000088c00000, 0x0000000088c00000, 0x0000000088d00000|  0%| F|  |TAMS 0x0000000088c00000| PB 0x0000000088c00000| Untracked |  0
|  77|0x0000000088d00000, 0x0000000088d00000, 0x0000000088e00000|  0%| F|  |TAMS 0x0000000088d00000| PB 0x0000000088d00000| Untracked |  0
|  78|0x0000000088e00000, 0x0000000088e00000, 0x0000000088f00000|  0%| F|  |TAMS 0x0000000088e00000| PB 0x0000000088e00000| Untracked |  0
|  79|0x0000000088f00000, 0x0000000088f00000, 0x0000000089000000|  0%| F|  |TAMS 0x0000000088f00000| PB 0x0000000088f00000| Untracked |  0
|  80|0x0000000089000000, 0x0000000089000000, 0x0000000089100000|  0%| F|  |TAMS 0x0000000089000000| PB 0x0000000089000000| Untracked |  0
|  81|0x0000000089100000, 0x0000000089100000, 0x0000000089200000|  0%| F|  |TAMS 0x0000000089100000| PB 0x0000000089100000| Untracked |  0
|  82|0x0000000089200000, 0x0000000089200000, 0x0000000089300000|  0%| F|  |TAMS 0x0000000089200000| PB 0x0000000089200000| Untracked |  0
|  83|0x0000000089300000, 0x0000000089300000, 0x0000000089400000|  0%| F|  |TAMS 0x0000000089300000| PB 0x0000000089300000| Untracked |  0
|  84|0x0000000089400000, 0x0000000089400000, 0x0000000089500000|  0%| F|  |TAMS 0x0000000089400000| PB 0x0000000089400000| Untracked |  0
|  85|0x0000000089500000, 0x0000000089500000, 0x0000000089600000|  0%| F|  |TAMS 0x0000000089500000| PB 0x0000000089500000| Untracked |  0
|  86|0x0000000089600000, 0x0000000089600000, 0x0000000089700000|  0%| F|  |TAMS 0x0000000089600000| PB 0x0000000089600000| Untracked |  0
|  87|0x0000000089700000, 0x0000000089700000, 0x0000000089800000|  0%| F|  |TAMS 0x0000000089700000| PB 0x0000000089700000| Untracked |  0
|  88|0x0000000089800000, 0x0000000089800000, 0x0000000089900000|  0%| F|  |TAMS 0x0000000089800000| PB 0x0000000089800000| Untracked |  0
|  89|0x0000000089900000, 0x0000000089900000, 0x0000000089a00000|  0%| F|  |TAMS 0x0000000089900000| PB 0x0000000089900000| Untracked |  0
|  90|0x0000000089a00000, 0x0000000089a00000, 0x0000000089b00000|  0%| F|  |TAMS 0x0000000089a00000| PB 0x0000000089a00000| Untracked |  0
|  91|0x0000000089b00000, 0x0000000089b00000, 0x0000000089c00000|  0%| F|  |TAMS 0x0000000089b00000| PB 0x0000000089b00000| Untracked |  0
|  92|0x0000000089c00000, 0x0000000089c00000, 0x0000000089d00000|  0%| F|  |TAMS 0x0000000089c00000| PB 0x0000000089c00000| Untracked |  0
|  93|0x0000000089d00000, 0x0000000089d00000, 0x0000000089e00000|  0%| F|  |TAMS 0x0000000089d00000| PB 0x0000000089d00000| Untracked |  0
|  94|0x0000000089e00000, 0x0000000089e00000, 0x0000000089f00000|  0%| F|  |TAMS 0x0000000089e00000| PB 0x0000000089e00000| Untracked |  0
|  95|0x0000000089f00000, 0x0000000089f00000, 0x000000008a000000|  0%| F|  |TAMS 0x0000000089f00000| PB 0x0000000089f00000| Untracked |  0
|  96|0x000000008a000000, 0x000000008a000000, 0x000000008a100000|  0%| F|  |TAMS 0x000000008a000000| PB 0x000000008a000000| Untracked |  0
|  97|0x000000008a100000, 0x000000008a100000, 0x000000008a200000|  0%| F|  |TAMS 0x000000008a100000| PB 0x000000008a100000| Untracked |  0
|  98|0x000000008a200000, 0x000000008a200000, 0x000000008a300000|  0%| F|  |TAMS 0x000000008a200000| PB 0x000000008a200000| Untracked |  0
|  99|0x000000008a300000, 0x000000008a300000, 0x000000008a400000|  0%| F|  |TAMS 0x000000008a300000| PB 0x000000008a300000| Untracked |  0
| 100|0x000000008a400000, 0x000000008a400000, 0x000000008a500000|  0%| F|  |TAMS 0x000000008a400000| PB 0x000000008a400000| Untracked |  0
| 101|0x000000008a500000, 0x000000008a500000, 0x000000008a600000|  0%| F|  |TAMS 0x000000008a500000| PB 0x000000008a500000| Untracked |  0
| 102|0x000000008a600000, 0x000000008a600000, 0x000000008a700000|  0%| F|  |TAMS 0x000000008a600000| PB 0x000000008a600000| Untracked |  0
| 103|0x000000008a700000, 0x000000008a700000, 0x000000008a800000|  0%| F|  |TAMS 0x000000008a700000| PB 0x000000008a700000| Untracked |  0
| 104|0x000000008a800000, 0x000000008a800000, 0x000000008a900000|  0%| F|  |TAMS 0x000000008a800000| PB 0x000000008a800000| Untracked |  0
| 105|0x000000008a900000, 0x000000008a900000, 0x000000008aa00000|  0%| F|  |TAMS 0x000000008a900000| PB 0x000000008a900000| Untracked |  0
| 106|0x000000008aa00000, 0x000000008aa00000, 0x000000008ab00000|  0%| F|  |TAMS 0x000000008aa00000| PB 0x000000008aa00000| Untracked |  0
| 107|0x000000008ab00000, 0x000000008ab00000, 0x000000008ac00000|  0%| F|  |TAMS 0x000000008ab00000| PB 0x000000008ab00000| Untracked |  0
| 108|0x000000008ac00000, 0x000000008ac00000, 0x000000008ad00000|  0%| F|  |TAMS 0x000000008ac00000| PB 0x000000008ac00000| Untracked |  0
| 109|0x000000008ad00000, 0x000000008ad00000, 0x000000008ae00000|  0%| F|  |TAMS 0x000000008ad00000| PB 0x000000008ad00000| Untracked |  0
| 110|0x000000008ae00000, 0x000000008ae00000, 0x000000008af00000|  0%| F|  |TAMS 0x000000008ae00000| PB 0x000000008ae00000| Untracked |  0
| 111|0x000000008af00000, 0x000000008af00000, 0x000000008b000000|  0%| F|  |TAMS 0x000000008af00000| PB 0x000000008af00000| Untracked |  0
| 112|0x000000008b000000, 0x000000008b000000, 0x000000008b100000|  0%| F|  |TAMS 0x000000008b000000| PB 0x000000008b000000| Untracked |  0
| 113|0x000000008b100000, 0x000000008b180000, 0x000000008b200000| 50%| E|  |TAMS 0x000000008b100000| PB 0x000000008b100000| Complete |  0
| 114|0x000000008b200000, 0x000000008b300000, 0x000000008b300000|100%| E|CS|TAMS 0x000000008b200000| PB 0x000000008b200000| Complete |  0
| 115|0x000000008b300000, 0x000000008b400000, 0x000000008b400000|100%| E|CS|TAMS 0x000000008b300000| PB 0x000000008b300000| Complete |  0
| 116|0x000000008b400000, 0x000000008b500000, 0x000000008b500000|100%| E|CS|TAMS 0x000000008b400000| PB 0x000000008b400000| Complete |  0
| 117|0x000000008b500000, 0x000000008b600000, 0x000000008b600000|100%| E|CS|TAMS 0x000000008b500000| PB 0x000000008b500000| Complete |  0
| 118|0x000000008b600000, 0x000000008b700000, 0x000000008b700000|100%| E|CS|TAMS 0x000000008b600000| PB 0x000000008b600000| Complete |  0
| 119|0x000000008b700000, 0x000000008b800000, 0x000000008b800000|100%| E|CS|TAMS 0x000000008b700000| PB 0x000000008b700000| Complete |  0
| 120|0x000000008b800000, 0x000000008b900000, 0x000000008b900000|100%| E|CS|TAMS 0x000000008b800000| PB 0x000000008b800000| Complete |  0
| 121|0x000000008b900000, 0x000000008ba00000, 0x000000008ba00000|100%| E|CS|TAMS 0x000000008b900000| PB 0x000000008b900000| Complete |  0
| 122|0x000000008ba00000, 0x000000008bb00000, 0x000000008bb00000|100%| E|CS|TAMS 0x000000008ba00000| PB 0x000000008ba00000| Complete |  0
| 123|0x000000008bb00000, 0x000000008bc00000, 0x000000008bc00000|100%| E|CS|TAMS 0x000000008bb00000| PB 0x000000008bb00000| Complete |  0
|1982|0x00000000ffe00000, 0x00000000fff00000, 0x00000000fff00000|100%| O|  |TAMS 0x00000000ffe00000| PB 0x00000000ffe00000| Untracked |  0
|1983|0x00000000fff00000, 0x00000000fff256a0, 0x0000000100000000| 14%| O|  |TAMS 0x00000000fff00000| PB 0x00000000fff00000| Untracked |  0

Card table byte_map: [0x000001f3ef3b0000,0x000001f3ef790000] _byte_map_base: 0x000001f3eef90000

Marking Bits: (CMBitMap*) 0x000001f3d747ab80
 Bits: [0x000001f3ef790000, 0x000001f3f1690000)

Polling page: 0x000001f3d5270000

Metaspace:
Metaspace        used 16357K, committed 16576K, reserved 1114112K
 class space     used 1491K, committed 1600K, reserved 1048576K

Usage:
  Non-class:     14.52 MB used.
      Class:      1.46 MB used.
       Both:     15.97 MB used.

Virtual space:
  Non-class space:       64.00 MB reserved,      14.62 MB ( 23%) committed,  1 nodes.
      Class space:        1.00 GB reserved,       1.56 MB ( <1%) committed,  1 nodes.
             Both:        1.06 GB reserved,      16.19 MB (  1%) committed. 

Chunk freelists:
   Non-Class:  1.16 MB
       Class:  14.48 MB
        Both:  15.64 MB

MaxMetaspaceSize: unlimited
CompressedClassSpaceSize: 1.00 GB
Initial GC threshold: 21.00 MB
Current GC threshold: 21.00 MB
CDS: on
 - commit_granule_bytes: 65536.
 - commit_granule_words: 8192.
 - virtual_space_node_default_size: 8388608.
 - enlarge_chunks_in_place: 1.
UseCompressedClassPointers 1, UseCompactObjectHeaders 0
Narrow klass pointer bits 32, Max shift 3
Narrow klass base: 0x0000000026000000, Narrow klass shift: 0
Encoding Range: [0x0000000026000000 - 0x0000000126000000), (4294967296 bytes)
Klass Range:    [0x0000000026010000 - 0x0000000067000000), (1090453504 bytes)
Klass ID Range:  [65536 - 1090519033) (1090453497)
Protection zone: [0x0000000026000000 - 0x0000000026010000), (65536 bytes)


Internal statistics:

num_allocs_failed_limit: 0.
num_arena_births: 136.
num_arena_deaths: 0.
num_vsnodes_births: 2.
num_vsnodes_deaths: 0.
num_space_committed: 259.
num_space_uncommitted: 0.
num_chunks_returned_to_freelist: 0.
num_chunks_taken_from_freelist: 689.
num_chunk_merges: 0.
num_chunk_splits: 481.
num_chunks_enlarged: 388.
num_inconsistent_stats: 0.

CodeHeap 'non-profiled nmethods': size=120064Kb used=1793Kb max_used=1793Kb free=118270Kb
 bounds [0x000001f3e7760000, 0x000001f3e79d0000, 0x000001f3eeca0000]
CodeHeap 'profiled nmethods': size=120000Kb used=9113Kb max_used=9113Kb free=110887Kb
 bounds [0x000001f3dfca0000, 0x000001f3e0590000, 0x000001f3e71d0000]
CodeHeap 'non-nmethods': size=5696Kb used=1519Kb max_used=1660Kb free=4176Kb
 bounds [0x000001f3e71d0000, 0x000001f3e7440000, 0x000001f3e7760000]
CodeCache: size=245760Kb, used=12425Kb, max_used=12566Kb, free=233333Kb
 total_blobs=5897, nmethods=5378, adapters=421, full_count=0
Compilation: enabled, stopped_count=0, restarted_count=0

Compilation events (20 events):
Event: 44.261 Thread 0x000001f3f40772e0 nmethod 5392 0x000001f3e057f508 code [0x000001f3e057f600, 0x000001f3e057fe88]
Event: 44.261 Thread 0x000001f3f40766d0 5394 %     4       sun.nio.fs.WindowsPathParser::normalize @ 61 (339 bytes)
Event: 44.261 Thread 0x000001f3f40772e0 5393       3       org.eclipse.aether.internal.impl.collect.DataPool$Constraint::toResult (76 bytes)
Event: 44.262 Thread 0x000001f3f40772e0 nmethod 5393 0x000001f3e057ff08 code [0x000001f3e0580000, 0x000001f3e0580530]
Event: 44.268 Thread 0x000001f3f40772e0 5395       1       org.apache.maven.model.Parent::setGroupId (6 bytes)
Event: 44.269 Thread 0x000001f3f40772e0 nmethod 5395 0x000001f3e791ff88 code [0x000001f3e7920080, 0x000001f3e7920190]
Event: 44.269 Thread 0x000001f3f40772e0 5396       1       org.apache.maven.model.Parent::setArtifactId (6 bytes)
Event: 44.269 Thread 0x000001f3f40772e0 nmethod 5396 0x000001f3e7920288 code [0x000001f3e7920380, 0x000001f3e7920490]
Event: 44.270 Thread 0x000001f3f40772e0 5398       3       java.util.Formatter$FixedString::<init> (20 bytes)
Event: 44.270 Thread 0x000001f3f40772e0 nmethod 5398 0x000001f3e0580588 code [0x000001f3e0580680, 0x000001f3e05808a8]
Event: 44.270 Thread 0x000001f3f40772e0 5399       3       java.util.Formatter$FixedString::print (23 bytes)
Event: 44.270 Thread 0x000001f3f40772e0 nmethod 5399 0x000001f3e0580908 code [0x000001f3e0580a00, 0x000001f3e0580be8]
Event: 44.270 Thread 0x000001f3f40772e0 5400       3       java.lang.StringBuilder::append (8 bytes)
Event: 44.270 Thread 0x000001f3f40772e0 nmethod 5400 0x000001f3e0580c08 code [0x000001f3e0580d00, 0x000001f3e0580f28]
Event: 44.282 Thread 0x000001f3f40772e0 5402       3       org.apache.maven.building.FileSource::<init> (21 bytes)
Event: 44.283 Thread 0x000001f3f40772e0 nmethod 5402 0x000001f3e0580f88 code [0x000001f3e0581080, 0x000001f3e05813e8]
Event: 44.283 Thread 0x000001f3f40772e0 5401       3       org.apache.maven.model.building.FileModelSource::<init> (6 bytes)
Event: 44.283 Thread 0x000001f3f40772e0 nmethod 5401 0x000001f3e0581408 code [0x000001f3e0581500, 0x000001f3e05818c0]
Event: 44.301 Thread 0x000001f3f40772e0 5403   !   3       org.apache.maven.repository.internal.DefaultVersionRangeResolver::resolveVersionRange (439 bytes)
Event: 45.283 Thread 0x000001f3f40772e0 nmethod 5403 0x000001f3e0581908 code [0x000001f3e0581a00, 0x000001f3e05863d0]

GC Heap Usage History (6 events):
Event: 20.245 {heap Before GC invocations=0 (full 0):
 garbage-first heap   total reserved 2031616K, committed 129024K, used 49301K [0x0000000084000000, 0x0000000100000000)
  region size 1024K, 47 young (48128K), 0 survivors (0K)
}
Event: 20.331 {heap After GC invocations=1 (full 0):
 garbage-first heap   total reserved 2031616K, committed 129024K, used 5781K [0x0000000084000000, 0x0000000100000000)
  region size 1024K, 5 young (5120K), 5 survivors (5120K)
}
Event: 33.196 {heap Before GC invocations=1 (full 0):
 garbage-first heap   total reserved 2031616K, committed 129024K, used 60053K [0x0000000084000000, 0x0000000100000000)
  region size 1024K, 58 young (59392K), 5 survivors (5120K)
}
Event: 33.264 {heap After GC invocations=2 (full 0):
 garbage-first heap   total reserved 2031616K, committed 129024K, used 11944K [0x0000000084000000, 0x0000000100000000)
  region size 1024K, 7 young (7168K), 7 survivors (7168K)
}
Event: 42.606 {heap Before GC invocations=2 (full 0):
 garbage-first heap   total reserved 2031616K, committed 129024K, used 74408K [0x0000000084000000, 0x0000000100000000)
  region size 1024K, 68 young (69632K), 7 survivors (7168K)
}
Event: 42.648 {heap After GC invocations=3 (full 0):
 garbage-first heap   total reserved 2031616K, committed 129024K, used 16757K [0x0000000084000000, 0x0000000100000000)
  region size 1024K, 5 young (5120K), 5 survivors (5120K)
}

Metaspace Usage History (6 events):
Event: 20.245 {metaspace Before GC invocations=0 (full 0):
 Metaspace       used 9586K, committed 9728K, reserved 1114112K
  class space    used 852K, committed 896K, reserved 1048576K
}
Event: 20.331 {metaspace After GC invocations=1 (full 0):
 Metaspace       used 9586K, committed 9728K, reserved 1114112K
  class space    used 852K, committed 896K, reserved 1048576K
}
Event: 33.196 {metaspace Before GC invocations=1 (full 0):
 Metaspace       used 15367K, committed 15552K, reserved 1114112K
  class space    used 1455K, committed 1536K, reserved 1048576K
}
Event: 33.264 {metaspace After GC invocations=2 (full 0):
 Metaspace       used 15367K, committed 15552K, reserved 1114112K
  class space    used 1455K, committed 1536K, reserved 1048576K
}
Event: 42.606 {metaspace Before GC invocations=2 (full 0):
 Metaspace       used 16280K, committed 16512K, reserved 1114112K
  class space    used 1486K, committed 1600K, reserved 1048576K
}
Event: 42.648 {metaspace After GC invocations=3 (full 0):
 Metaspace       used 16280K, committed 16512K, reserved 1114112K
  class space    used 1486K, committed 1600K, reserved 1048576K
}

Dll operation events (7 events):
Event: 0.035 Loaded shared library C:\Program Files\Java\jdk-25\bin\java.dll
Event: 0.390 Loaded shared library C:\Program Files\Java\jdk-25\bin\net.dll
Event: 0.416 Loaded shared library C:\Program Files\Java\jdk-25\bin\nio.dll
Event: 0.423 Loaded shared library C:\Program Files\Java\jdk-25\bin\zip.dll
Event: 1.655 Loaded shared library C:\Program Files\Apache\Maven\lib\jansi-native\Windows\x86_64\jansi.dll
Event: 1.688 Loaded shared library C:\Program Files\Java\jdk-25\bin\jimage.dll
Event: 1.804 Loaded shared library C:\Program Files\Java\jdk-25\bin\verify.dll

Deoptimization events (20 events):
Event: 42.873 Thread 0x000001f3d7425660 Uncommon trap: trap_request=0xffffffd6 fr.pc=0x000001f3e79144d4 relative=0x00000000000002d4
Event: 42.873 Thread 0x000001f3d7425660 Uncommon trap: reason=array_check action=maybe_recompile pc=0x000001f3e79144d4 method=java.util.HashMap.keysToArray([Ljava/lang/Object;)[Ljava/lang/Object; @ 62 c2
Event: 42.873 Thread 0x000001f3d7425660 DEOPT PACKING pc=0x000001f3e79144d4 sp=0x0000002b281fc380
Event: 42.873 Thread 0x000001f3d7425660 DEOPT UNPACKING pc=0x000001f3e7275a02 sp=0x0000002b281fc2f8 mode 2
Event: 42.880 Thread 0x000001f3d7425660 Uncommon trap: trap_request=0xffffffd6 fr.pc=0x000001f3e79144d4 relative=0x00000000000002d4
Event: 42.880 Thread 0x000001f3d7425660 Uncommon trap: reason=array_check action=maybe_recompile pc=0x000001f3e79144d4 method=java.util.HashMap.keysToArray([Ljava/lang/Object;)[Ljava/lang/Object; @ 62 c2
Event: 42.880 Thread 0x000001f3d7425660 DEOPT PACKING pc=0x000001f3e79144d4 sp=0x0000002b281fc240
Event: 42.880 Thread 0x000001f3d7425660 DEOPT UNPACKING pc=0x000001f3e7275a02 sp=0x0000002b281fc1b8 mode 2
Event: 42.882 Thread 0x000001f3d7425660 Uncommon trap: trap_request=0xffffffd6 fr.pc=0x000001f3e79144d4 relative=0x00000000000002d4
Event: 42.882 Thread 0x000001f3d7425660 Uncommon trap: reason=array_check action=maybe_recompile pc=0x000001f3e79144d4 method=java.util.HashMap.keysToArray([Ljava/lang/Object;)[Ljava/lang/Object; @ 62 c2
Event: 42.882 Thread 0x000001f3d7425660 DEOPT PACKING pc=0x000001f3e79144d4 sp=0x0000002b281fc240
Event: 42.884 Thread 0x000001f3d7425660 DEOPT UNPACKING pc=0x000001f3e7275a02 sp=0x0000002b281fc1b8 mode 2
Event: 42.884 Thread 0x000001f3d7425660 Uncommon trap: trap_request=0xffffffd6 fr.pc=0x000001f3e79144d4 relative=0x00000000000002d4
Event: 42.884 Thread 0x000001f3d7425660 Uncommon trap: reason=array_check action=maybe_recompile pc=0x000001f3e79144d4 method=java.util.HashMap.keysToArray([Ljava/lang/Object;)[Ljava/lang/Object; @ 62 c2
Event: 42.884 Thread 0x000001f3d7425660 DEOPT PACKING pc=0x000001f3e79144d4 sp=0x0000002b281fc240
Event: 42.884 Thread 0x000001f3d7425660 DEOPT UNPACKING pc=0x000001f3e7275a02 sp=0x0000002b281fc1b8 mode 2
Event: 42.924 Thread 0x000001f3d7425660 Uncommon trap: trap_request=0xffffff6e fr.pc=0x000001f3e77ba080 relative=0x0000000000000380
Event: 42.924 Thread 0x000001f3d7425660 Uncommon trap: reason=predicate action=maybe_recompile pc=0x000001f3e77ba080 method=java.nio.charset.CharsetDecoder.decode(Ljava/nio/ByteBuffer;Ljava/nio/CharBuffer;Z)Ljava/nio/charset/CoderResult; @ 54 c2
Event: 42.924 Thread 0x000001f3d7425660 DEOPT PACKING pc=0x000001f3e77ba080 sp=0x0000002b281fbfa0
Event: 42.924 Thread 0x000001f3d7425660 DEOPT UNPACKING pc=0x000001f3e7275a02 sp=0x0000002b281fbf40 mode 2

Classes loaded (20 events):
Event: 25.872 Loading class java/lang/invoke/ClassSpecializer$Factory$1
Event: 25.874 Loading class java/lang/invoke/ClassSpecializer$Factory$1 done
Event: 25.874 Loading class java/lang/invoke/ClassSpecializer$Factory$1$1
Event: 25.875 Loading class java/lang/invoke/ClassSpecializer$Factory$1$1 done
Event: 25.875 Loading class java/lang/invoke/ClassSpecializer$Factory$1$1Var
Event: 25.875 Loading class java/lang/invoke/ClassSpecializer$Factory$1$1Var done
Event: 25.875 Loading class java/lang/invoke/ClassSpecializer$Factory$1$2
Event: 25.875 Loading class java/lang/invoke/ClassSpecializer$Factory$1$2 done
Event: 25.875 Loading class java/lang/invoke/ClassSpecializer$Factory$1$3
Event: 25.876 Loading class java/lang/invoke/ClassSpecializer$Factory$1$3 done
Event: 25.876 Loading class java/lang/invoke/ClassSpecializer$Factory$1$4
Event: 25.876 Loading class java/lang/invoke/ClassSpecializer$Factory$1$4 done
Event: 25.876 Loading class java/lang/invoke/ClassSpecializer$Factory$1$5
Event: 25.876 Loading class java/lang/invoke/ClassSpecializer$Factory$1$5 done
Event: 25.876 Loading class java/lang/invoke/ClassSpecializer$Factory$1$5$1
Event: 25.876 Loading class java/lang/invoke/ClassSpecializer$Factory$1$5$1 done
Event: 26.054 Loading class java/util/stream/Streams$RangeIntSpliterator
Event: 26.088 Loading class java/util/stream/Streams$RangeIntSpliterator done
Event: 42.922 Loading class sun/nio/cs/ISO_8859_1$Decoder
Event: 42.923 Loading class sun/nio/cs/ISO_8859_1$Decoder done

Classes unloaded (0 events):
No events

Classes redefined (0 events):
No events

Internal exceptions (20 events):
Event: 9.045 Thread 0x000001f3d7425660 Exception <a 'java/lang/NoClassDefFoundError'{0x000000008a9065b8}: javax/enterprise/inject/Typed> (0x000000008a9065b8) 
thrown [s\open\src\hotspot\share\classfile\systemDictionary.cpp, line 316]
Event: 20.967 Thread 0x000001f3d7425660 Exception <a 'java/lang/NoSuchMethodError'{0x000000008b8cba90}: 'void java.lang.invoke.DirectMethodHandle$Holder.invokeStaticInit(java.lang.Object, java.lang.Object, java.lang.Object)'> (0x000000008b8cba90) 
thrown [s\open\src\hotspot\share\interpreter\linkResolver.cpp, line 804]
Event: 21.141 Thread 0x000001f3d7425660 Implicit null exception at 0x000001f3e77d191d to 0x000001f3e77d1aac
Event: 21.154 Thread 0x000001f3d7425660 Exception <a 'java/lang/NoSuchMethodError'{0x000000008b755230}: 'java.lang.Object java.lang.invoke.Invokers$Holder.invokeExact_MT(java.lang.Object, int, java.lang.Object)'> (0x000000008b755230) 
thrown [s\open\src\hotspot\share\interpreter\linkResolver.cpp, line 804]
Event: 22.532 Thread 0x000001f3d7425660 Exception <a 'java/lang/NoSuchMethodError'{0x000000008af5b518}: 'void java.lang.invoke.Invokers$Holder.invokeExact_MT(java.lang.Object, java.lang.Object, java.lang.Object, java.lang.Object)'> (0x000000008af5b518) 
thrown [s\open\src\hotspot\share\interpreter\linkResolver.cpp, line 804]
Event: 22.614 Thread 0x000001f3d7425660 Exception <a 'java/lang/NoClassDefFoundError'{0x000000008afd9c30}: com/google/inject/servlet/ServletModuleTargetVisitor> (0x000000008afd9c30) 
thrown [s\open\src\hotspot\share\classfile\systemDictionary.cpp, line 316]
Event: 23.257 Thread 0x000001f3d7425660 Exception <a 'java/lang/NoSuchMethodError'{0x000000008ac3caf0}: 'java.lang.Object java.lang.invoke.DirectMethodHandle$Holder.invokeStaticInit(java.lang.Object, int, int, int, int)'> (0x000000008ac3caf0) 
thrown [s\open\src\hotspot\share\interpreter\linkResolver.cpp, line 804]
Event: 25.230 Thread 0x000001f3d7425660 Implicit null exception at 0x000001f3e779d436 to 0x000001f3e779def8
Event: 25.491 Thread 0x000001f3d7425660 Exception <a 'java/lang/NoSuchMethodError'{0x000000008a8f3e30}: 'void java.lang.invoke.DirectMethodHandle$Holder.invokeSpecial(java.lang.Object, java.lang.Object, java.lang.Object, java.lang.Object, java.lang.Object)'> (0x000000008a8f3e30) 
thrown [s\open\src\hotspot\share\interpreter\linkResolver.cpp, line 804]
Event: 25.496 Thread 0x000001f3d7425660 Exception <a 'java/lang/NoSuchMethodError'{0x000000008a72c158}: 'void java.lang.invoke.DirectMethodHandle$Holder.invokeSpecial(java.lang.Object, java.lang.Object, java.lang.Object, java.lang.Object, java.lang.Object, java.lang.Object)'> (0x000000008a72c158) 
thrown [s\open\src\hotspot\share\interpreter\linkResolver.cpp, line 804]
Event: 25.608 Thread 0x000001f3d7425660 Exception <a 'java/lang/NoSuchMethodError'{0x000000008a6232f8}: 'java.lang.Object java.lang.invoke.DirectMethodHandle$Holder.invokeVirtual(java.lang.Object, java.lang.Object, java.lang.Object)'> (0x000000008a6232f8) 
thrown [s\open\src\hotspot\share\interpreter\linkResolver.cpp, line 804]
Event: 25.866 Thread 0x000001f3d7425660 Exception <a 'java/lang/NoSuchMethodError'{0x000000008a5a7240}: 'void java.lang.invoke.DirectMethodHandle$Holder.invokeVirtual(java.lang.Object, java.lang.Object, int)'> (0x000000008a5a7240) 
thrown [s\open\src\hotspot\share\interpreter\linkResolver.cpp, line 804]
Event: 25.879 Thread 0x000001f3d7425660 Exception <a 'java/lang/NoSuchMethodError'{0x000000008a5c0068}: 'java.lang.Object java.lang.invoke.DirectMethodHandle$Holder.invokeStatic(java.lang.Object, java.lang.Object, java.lang.Object, java.lang.Object, int)'> (0x000000008a5c0068) 
thrown [s\open\src\hotspot\share\interpreter\linkResolver.cpp, line 804]
Event: 25.884 Thread 0x000001f3d7425660 Exception <a 'java/lang/NoSuchMethodError'{0x000000008a5d1798}: 'void java.lang.invoke.DirectMethodHandle$Holder.invokeSpecial(java.lang.Object, java.lang.Object, java.lang.Object, int)'> (0x000000008a5d1798) 
thrown [s\open\src\hotspot\share\interpreter\linkResolver.cpp, line 804]
Event: 25.886 Thread 0x000001f3d7425660 Exception <a 'java/lang/NoSuchMethodError'{0x000000008a5d9b30}: 'void java.lang.invoke.DelegatingMethodHandle$Holder.reinvoke_L(java.lang.Object, java.lang.Object, int)'> (0x000000008a5d9b30) 
thrown [s\open\src\hotspot\share\interpreter\linkResolver.cpp, line 804]
Event: 34.288 Thread 0x000001f3d7425660 Implicit null exception at 0x000001f3e785385f to 0x000001f3e7854424
Event: 34.288 Thread 0x000001f3d7425660 Implicit null exception at 0x000001f3e77fb948 to 0x000001f3e77fbafc
Event: 34.288 Thread 0x000001f3d7425660 Implicit null exception at 0x000001f3e783c1b9 to 0x000001f3e783c810
Event: 34.292 Thread 0x000001f3d7425660 Exception <a 'java/lang/NoSuchMethodError'{0x000000008b7b21a0}: 'void java.lang.invoke.DirectMethodHandle$Holder.invokeStatic(java.lang.Object, java.lang.Object, java.lang.Object, java.lang.Object)'> (0x000000008b7b21a0) 
thrown [s\open\src\hotspot\share\interpreter\linkResolver.cpp, line 804]
Event: 34.422 Thread 0x000001f3d7425660 Exception <a 'java/lang/NoSuchMethodError'{0x000000008b63fa60}: 'int java.lang.invoke.DirectMethodHandle$Holder.invokeSpecialIFC(java.lang.Object, java.lang.Object, java.lang.Object, java.lang.Object)'> (0x000000008b63fa60) 
thrown [s\open\src\hotspot\share\interpreter\linkResolver.cpp, line 804]

VM Operations (20 events):
Event: 21.896 Executing non-safepoint VM operation: HandshakeAllThreads (Deoptimize)
Event: 21.896 Executing non-safepoint VM operation: HandshakeAllThreads (Deoptimize) done
Event: 22.440 Executing non-safepoint VM operation: HandshakeAllThreads (Deoptimize)
Event: 22.440 Executing non-safepoint VM operation: HandshakeAllThreads (Deoptimize) done
Event: 22.923 Executing non-safepoint VM operation: HandshakeAllThreads (Deoptimize)
Event: 22.924 Executing non-safepoint VM operation: HandshakeAllThreads (Deoptimize) done
Event: 23.020 Executing non-safepoint VM operation: HandshakeAllThreads (Deoptimize)
Event: 23.020 Executing non-safepoint VM operation: HandshakeAllThreads (Deoptimize) done
Event: 23.540 Executing non-safepoint VM operation: HandshakeAllThreads (Deoptimize)
Event: 23.540 Executing non-safepoint VM operation: HandshakeAllThreads (Deoptimize) done
Event: 23.994 Executing non-safepoint VM operation: HandshakeAllThreads (Deoptimize)
Event: 24.004 Executing non-safepoint VM operation: HandshakeAllThreads (Deoptimize) done
Event: 24.766 Executing non-safepoint VM operation: HandshakeAllThreads (Deoptimize)
Event: 24.766 Executing non-safepoint VM operation: HandshakeAllThreads (Deoptimize) done
Event: 24.791 Executing non-safepoint VM operation: HandshakeAllThreads (Deoptimize)
Event: 24.791 Executing non-safepoint VM operation: HandshakeAllThreads (Deoptimize) done
Event: 33.196 Executing safepoint VM operation: G1CollectForAllocation (G1 Evacuation Pause)
Event: 33.264 Executing safepoint VM operation: G1CollectForAllocation (G1 Evacuation Pause) done
Event: 42.606 Executing safepoint VM operation: G1CollectForAllocation (G1 Evacuation Pause)
Event: 42.648 Executing safepoint VM operation: G1CollectForAllocation (G1 Evacuation Pause) done

Memory protections (0 events):
No events

Nmethod flushes (0 events):
No events

Events (18 events):
Event: 0.199 Thread 0x000001f3d7425660 Thread added: 0x000001f3d7425660
Event: 0.250 Thread 0x000001f3d7425660 Thread added: 0x000001f3f4069150
Event: 0.250 Thread 0x000001f3d7425660 Thread added: 0x000001f3f4069d10
Event: 0.250 Thread 0x000001f3d7425660 Thread added: 0x000001f3f406c3b0
Event: 0.250 Thread 0x000001f3d7425660 Thread added: 0x000001f3f406e0d0
Event: 0.250 Thread 0x000001f3d7425660 Thread added: 0x000001f3f4070c10
Event: 0.250 Thread 0x000001f3d7425660 Thread added: 0x000001f3f40717d0
Event: 0.251 Thread 0x000001f3d7425660 Thread added: 0x000001f3f40766d0
Event: 0.251 Thread 0x000001f3d7425660 Thread added: 0x000001f3f40772e0
Event: 0.271 Thread 0x000001f3d7425660 Thread added: 0x000001f3f40d5700
Event: 0.302 Thread 0x000001f3d7425660 Thread added: 0x000001f3f40dfe30
Event: 1.525 Thread 0x000001f3d7425660 Thread added: 0x000001f3f45eb050
Event: 2.096 Thread 0x000001f3f45eb050 Thread exited: 0x000001f3f45eb050
Event: 21.955 Thread 0x000001f3f40772e0 Thread added: 0x000001f3f408e9e0
Event: 22.214 Thread 0x000001f3f408e9e0 Thread exited: 0x000001f3f408e9e0
Event: 23.899 Thread 0x000001f3d7425660 Thread added: 0x000001f3f4e67d50
Event: 43.310 Thread 0x000001f3f40772e0 Thread added: 0x000001f3f4bf87c0
Event: 43.724 Thread 0x000001f3f4bf87c0 Thread exited: 0x000001f3f4bf87c0


Dynamic libraries:
0x00007ff747410000 - 0x00007ff747420000 	C:\Program Files\Java\jdk-25\bin\java.exe
0x00007ffbc2740000 - 0x00007ffbc29a7000 	C:\WINDOWS\SYSTEM32\ntdll.dll
0x00007ffbc1280000 - 0x00007ffbc1349000 	C:\WINDOWS\System32\KERNEL32.DLL
0x00007ffbbfe10000 - 0x00007ffbc0207000 	C:\WINDOWS\System32\KERNELBASE.dll
0x00007ffbbfc10000 - 0x00007ffbbfd5b000 	C:\WINDOWS\System32\ucrtbase.dll
0x00007ffb9fe20000 - 0x00007ffb9fe37000 	C:\Program Files\Java\jdk-25\bin\jli.dll
0x00007ffbadf80000 - 0x00007ffbadf9e000 	C:\Program Files\Java\jdk-25\bin\VCRUNTIME140.dll
0x00007ffbc0600000 - 0x00007ffbc07c6000 	C:\WINDOWS\System32\USER32.dll
0x00007ffbc0490000 - 0x00007ffbc04b7000 	C:\WINDOWS\System32\win32u.dll
0x00007ffba2990000 - 0x00007ffba2c22000 	C:\WINDOWS\WinSxS\amd64_microsoft.windows.common-controls_6595b64144ccf1df_6.0.26100.8457_none_3e0b2faee331e92d\COMCTL32.dll
0x00007ffbc2640000 - 0x00007ffbc266b000 	C:\WINDOWS\System32\GDI32.dll
0x00007ffbc02d0000 - 0x00007ffbc03fc000 	C:\WINDOWS\System32\gdi32full.dll
0x00007ffbc1350000 - 0x00007ffbc13f9000 	C:\WINDOWS\System32\msvcrt.dll
0x00007ffbbfd60000 - 0x00007ffbbfe03000 	C:\WINDOWS\System32\msvcp_win.dll
0x00007ffbc05c0000 - 0x00007ffbc05f2000 	C:\WINDOWS\System32\IMM32.DLL
0x00007ffb9a270000 - 0x00007ffb9a27c000 	C:\Program Files\Java\jdk-25\bin\vcruntime140_1.dll
0x00007ffb92730000 - 0x00007ffb927bd000 	C:\Program Files\Java\jdk-25\bin\msvcp140.dll
0x00007ffb27770000 - 0x00007ffb285cf000 	C:\Program Files\Java\jdk-25\bin\server\jvm.dll
0x00007ffbc1760000 - 0x00007ffbc1816000 	C:\WINDOWS\System32\ADVAPI32.dll
0x00007ffbc11d0000 - 0x00007ffbc1277000 	C:\WINDOWS\System32\sechost.dll
0x00007ffbc1d10000 - 0x00007ffbc1e28000 	C:\WINDOWS\System32\RPCRT4.dll
0x00007ffbc1e30000 - 0x00007ffbc1eb0000 	C:\WINDOWS\System32\WS2_32.dll
0x00007ffbbeff0000 - 0x00007ffbbf04e000 	C:\WINDOWS\SYSTEM32\POWRPROF.dll
0x00007ffbb4680000 - 0x00007ffbb46b6000 	C:\WINDOWS\SYSTEM32\WINMM.dll
0x00007ffbac300000 - 0x00007ffbac30b000 	C:\WINDOWS\SYSTEM32\VERSION.dll
0x00007ffbbefd0000 - 0x00007ffbbefe4000 	C:\WINDOWS\SYSTEM32\UMPDC.dll
0x00007ffbbdec0000 - 0x00007ffbbdedb000 	C:\WINDOWS\SYSTEM32\kernel.appcore.dll
0x00007ffb98800000 - 0x00007ffb9880a000 	C:\Program Files\Java\jdk-25\bin\jimage.dll
0x00007ffbbd1a0000 - 0x00007ffbbd3e2000 	C:\WINDOWS\SYSTEM32\DBGHELP.DLL
0x00007ffbc1820000 - 0x00007ffbc1ba3000 	C:\WINDOWS\System32\combase.dll
0x00007ffbc1c30000 - 0x00007ffbc1d09000 	C:\WINDOWS\System32\OLEAUT32.dll
0x00007ffb9f3f0000 - 0x00007ffb9f42b000 	C:\WINDOWS\SYSTEM32\dbgcore.DLL
0x00007ffbbfb60000 - 0x00007ffbbfc08000 	C:\WINDOWS\System32\bcryptPrimitives.dll
0x00007ffb98500000 - 0x00007ffb9851f000 	C:\Program Files\Java\jdk-25\bin\java.dll
0x00007ffbc07e0000 - 0x00007ffbc0977000 	C:\WINDOWS\System32\ole32.dll
0x00007ffbc1ec0000 - 0x00007ffbc262e000 	C:\WINDOWS\System32\SHELL32.dll
0x00007ffbbf170000 - 0x00007ffbbf9dc000 	C:\WINDOWS\System32\windows.storage.dll
0x00007ffbc04c0000 - 0x00007ffbc05b6000 	C:\WINDOWS\System32\SHCORE.dll
0x00007ffbc0980000 - 0x00007ffbc09e6000 	C:\WINDOWS\System32\shlwapi.dll
0x00007ffbbf090000 - 0x00007ffbbf0b9000 	C:\WINDOWS\SYSTEM32\profapi.dll
0x00007ffb983c0000 - 0x00007ffb983d2000 	C:\Program Files\Java\jdk-25\bin\net.dll
0x00007ffbbe410000 - 0x00007ffbbe47c000 	C:\WINDOWS\system32\mswsock.dll
0x00007ffb983a0000 - 0x00007ffb983b6000 	C:\Program Files\Java\jdk-25\bin\nio.dll
0x00007ffb98090000 - 0x00007ffb980a7000 	C:\Program Files\Java\jdk-25\bin\zip.dll
0x00007ffb97cb0000 - 0x00007ffb97cd4000 	C:\Program Files\Apache\Maven\lib\jansi-native\Windows\x86_64\jansi.dll
0x00007ffb98610000 - 0x00007ffb98620000 	C:\Program Files\Java\jdk-25\bin\verify.dll

JVMTI agents: none

dbghelp: loaded successfully - version: 4.0.5 - missing functions: none
symbol engine: initialized successfully - sym options: 0x614 - pdb path: .;C:\Program Files\Java\jdk-25\bin;C:\WINDOWS\SYSTEM32;C:\WINDOWS\WinSxS\amd64_microsoft.windows.common-controls_6595b64144ccf1df_6.0.26100.8457_none_3e0b2faee331e92d;C:\Program Files\Java\jdk-25\bin\server;C:\Program Files\Apache\Maven\lib\jansi-native\Windows\x86_64

VM Arguments:
jvm_args: --enable-native-access=ALL-UNNAMED -Dclassworlds.conf=C:\Program Files\Apache\Maven\bin\m2.conf -Dmaven.home=C:\Program Files\Apache\Maven -Dlibrary.jansi.path=C:\Program Files\Apache\Maven\lib\jansi-native -Dmaven.multiModuleProjectDirectory=D:\workspace-spring-tools-for-eclipse-5.0.1.RELEASE\OnlineLearningManagementSystem\backend\lesson-service 
java_command: org.codehaus.plexus.classworlds.launcher.Launcher spring-boot:run
java_class_path (initial): C:\Program Files\Apache\Maven\boot\plexus-classworlds-2.9.0.jar
Launcher Type: SUN_STANDARD

[Global flags]
     intx CICompilerCount                          = 4                                         {product} {ergonomic}
     uint ConcGCThreads                            = 2                                         {product} {ergonomic}
     uint G1ConcRefinementThreads                  = 8                                         {product} {ergonomic}
   size_t G1HeapRegionSize                         = 1048576                                   {product} {ergonomic}
   size_t InitialHeapSize                          = 130023424                                 {product} {ergonomic}
   size_t MarkStackSize                            = 4194304                                   {product} {ergonomic}
   size_t MarkStackSizeMax                         = 536870912                                 {product} {ergonomic}
   size_t MaxHeapSize                              = 2080374784                                {product} {ergonomic}
   size_t MaxNewSize                               = 1247805440                                {product} {ergonomic}
   size_t MinHeapDeltaBytes                        = 1048576                                   {product} {ergonomic}
   size_t MinHeapSize                              = 8388608                                   {product} {ergonomic}
    uintx NonNMethodCodeHeapSize                   = 5832704                                {pd product} {ergonomic}
    uintx NonProfiledCodeHeapSize                  = 122945536                              {pd product} {ergonomic}
    uintx ProfiledCodeHeapSize                     = 122880000                              {pd product} {ergonomic}
    uintx ReservedCodeCacheSize                    = 251658240                              {pd product} {ergonomic}
     bool SegmentedCodeCache                       = true                                      {product} {ergonomic}
   size_t SoftMaxHeapSize                          = 2080374784                             {manageable} {ergonomic}
     bool UseCompressedOops                        = true                           {product lp64_product} {ergonomic}
     bool UseG1GC                                  = true                                      {product} {ergonomic}
     bool UseLargePagesIndividualAllocation        = false                                  {pd product} {ergonomic}

Logging:
Log output configuration:
 #0: stdout all=warning uptime,level,tags foldmultilines=false
 #1: stderr all=off uptime,level,tags foldmultilines=false

Release file:
IMPLEMENTOR="Oracle Corporation" 
JAVA_RUNTIME_VERSION="25.0.1+8-LTS-27" 
JAVA_VERSION="25.0.1" 
JAVA_VERSION_DATE="2025-10-21" 
LIBC="default" 
MODULES="java.base java.compiler java.datatransfer java.xml java.prefs java.desktop java.instrument java.logging java.management java.security.sasl java.naming java.rmi java.management.rmi java.net.http java.scripting java.security.jgss java.transaction.xa java.sql java.sql.rowset java.xml.crypto java.se java.smartcardio jdk.accessibility jdk.internal.jvmstat jdk.attach jdk.charsets jdk.internal.opt jdk.zipfs jdk.compiler jdk.crypto.cryptoki jdk.crypto.ec jdk.crypto.mscapi jdk.dynalink jdk.internal.ed jdk.editpad jdk.internal.vm.ci jdk.graal.compiler jdk.graal.compiler.management jdk.hotspot.agent jdk.httpserver jdk.incubator.vector jdk.internal.le jdk.internal.md jdk.jartool jdk.javadoc jdk.jcmd jdk.management jdk.management.agent jdk.jconsole jdk.jdeps jdk.jdwp.agent jdk.jdi jdk.jfr jdk.jlink jdk.jpackage jdk.jshell jdk.jsobject jdk.jstatd jdk.localedata jdk.management.jfr jdk.naming.dns jdk.naming.rmi jdk.net jdk.nio.mapmode jdk.sctp jdk.security.auth jdk.security.jgss jdk.unsupported jdk.unsupported.desktop jdk.xml.dom" 
OS_ARCH="x86_64" 
OS_NAME="Windows" 
SOURCE=".:git:862c85bc42b7 open:git:78770bfaefd2" 

Environment Variables:
PATH=C:\Program Files\Common Files\Oracle\Java\javapath;C:\WINDOWS\system32;C:\WINDOWS;C:\WINDOWS\System32\Wbem;C:\WINDOWS\System32\WindowsPowerShell\v1.0\;C:\WINDOWS\System32\OpenSSH\;C:\Program Files\MySQL\MySQL Server 8.0\bin;C:\Program Files\Python313;C:\Program Files\Python313\Scripts;C:\Program Files (x86)\cloudflared\;C:\Program Files\Git\cmd;C:\Program Files\nodejs\;C:\Program Files\Apache\Maven\bin;C:\Program Files\Apache\Maven\bin;d:\cursor\resources\app\codeBin;C:\Program Files\Common Files\Oracle\Java\javapath;C:\Program Files\Eclipse Adoptium\jdk-21.0.5.11-hotspot\bin;C:\Program Files (x86)\Common Files\Oracle\Java\javapath;C:\WINDOWS\system32;C:\WINDOWS;C:\WINDOWS\System32\Wbem;C:\WINDOWS\System32\WindowsPowerShell\v1.0\;C:\WINDOWS\System32\OpenSSH\;C:\Program Files\MySQL\MySQL Server 8.0\bin;C:\Program Files\Python313;C:\Program Files\Python313\Scripts;C:\Program Files (x86)\cloudflared\;C:\Program Files\Git\cmd;C:\Program Files\nodejs\;C:\Program Files\Apache\Maven\bin;C:\Program Files\Apache\Maven\bin;C:\Program Files\MySQL\MySQL Shell 8.0\bin\;C:\Users\ASHLESH SHUKLA\AppData\Local\Microsoft\WindowsApps;C:\MinGW\bin;C:\Users\ASHLESH SHUKLA\AppData\Local\Microsoft\WinGet\Packages\Schniz.fnm_Microsoft.Winget.Source_8wekyb3d8bbwe;C:\Users\ASHLESH SHUKLA\AppData\Roaming\npm;C:\Program Files\JetBrains\IntelliJ IDEA 2026.1\bin;D:\workspace-spring-tools-for-eclipse-5.0.1.RELEASE\OnlineLearningManagementSystem-Backend\apache-maven-3.8.1\bin;D:\workspace-spring-tools-for-eclipse-5.0.1.RELEASE\OnlineLearningManagementSystem\OnlineLearningManagementSystem-Backend\apache-maven-3.8.1\bin;C:\Users\ASHLESH SHUKLA\AppData\Local\Microsoft\WindowsApps;D:\Essential\Microsoft VS Code\bin;C:\Users\ASHLESH SHUKLA\AppData\Local\Programs\cursor\resources\app\bin;D:\Essential\Antigravity\bin
USERNAME=ASHLESH SHUKLA
LANG=en_US.UTF-8
OS=Windows_NT
PROCESSOR_IDENTIFIER=Intel64 Family 6 Model 140 Stepping 1, GenuineIntel
TMP=C:\Users\ASHLES~1\AppData\Local\Temp
TEMP=C:\Users\ASHLES~1\AppData\Local\Temp




Compilation memory statistics disabled.

Periodic native trim disabled

---------------  S Y S T E M  ---------------

OS:
 Windows 11 , 64 bit Build 26100 (10.0.26100.8328)
OS uptime: 0 days 1:39 hours
Hyper-V role detected

CPU: total 8 (initial active 8) (4 cores per cpu, 2 threads per core) family 6 model 140 stepping 1 microcode 0xbe, cx8, cmov, fxsr, ht, mmx, 3dnowpref, sse, sse2, sse3, ssse3, sse4.1, sse4.2, popcnt, lzcnt, tsc, tscinvbit, avx, avx2, aes, erms, clmul, bmi1, bmi2, adx, avx512f, avx512dq, avx512cd, avx512bw, avx512vl, sha, fma, vzeroupper, avx512_vpopcntdq, avx512_vpclmulqdq, avx512_vaes, avx512_vnni, clflush, clflushopt, clwb, avx512_vbmi2, avx512_vbmi, hv, rdtscp, rdpid, fsrm, gfni, avx512_bitalg, f16c, cet_ibt, cet_ss, avx512_ifma
Processor Information for the first 8 processors :
  Max Mhz: 1382, Current Mhz: 1382, Mhz Limit: 1382

Memory: 4k page, system-wide physical 7930M (256M free)
TotalPageFile size 26540M (AvailPageFile size 131M)
current process WorkingSet (physical memory assigned to process): 135M, peak: 144M
current process commit charge ("private bytes"): 255M, peak: 274M

vm_info: Java HotSpot(TM) 64-Bit Server VM (25.0.1+8-LTS-27) for windows-amd64 JRE (25.0.1+8-LTS-27), built on 2025-09-25T16:41:16Z with unknown MS VC++:1943

END.
