#
# There is insufficient memory for the Java Runtime Environment to continue.
# Native memory allocation (malloc) failed to allocate 2228120 bytes. Error detail: Chunk::new
# Possible reasons:
#   The system is out of physical RAM or swap space
#   This process is running with CompressedOops enabled, and the Java Heap may be blocking the growth of the native heap
# Possible solutions:
#   Reduce memory load on the system
#   Increase physical memory or swap space
#   Check if swap backing store is full
#   Decrease Java heap size (-Xmx/-Xms)
#   Decrease number of Java threads
#   Decrease Java thread stack sizes (-Xss)
#   Set larger code cache with -XX:ReservedCodeCacheSize=
#   JVM is running with Unscaled Compressed Oops mode in which the Java heap is
#     placed in the first 4GB address space. The Java Heap base address is the
#     maximum limit for the native heap growth. Please use -XX:HeapBaseMinAddress
#     to set the Java Heap base and to place the Java Heap above 4GB virtual address.
# This output file may be truncated or incomplete.
#
#  Out of Memory Error (arena.cpp:186), pid=22904, tid=27472
#
# JRE version: Java(TM) SE Runtime Environment (25.0.1+8) (build 25.0.1+8-LTS-27)
# Java VM: Java HotSpot(TM) 64-Bit Server VM (25.0.1+8-LTS-27, mixed mode, sharing, tiered, compressed oops, compressed class ptrs, g1 gc, windows-amd64)
# No core dump will be written. Minidumps are not enabled by default on client versions of Windows
#

---------------  S U M M A R Y ------------

Command Line: --enable-native-access=ALL-UNNAMED -Dclassworlds.conf=C:\Program Files\Apache\Maven\bin\m2.conf -Dmaven.home=C:\Program Files\Apache\Maven -Dlibrary.jansi.path=C:\Program Files\Apache\Maven\lib\jansi-native -Dmaven.multiModuleProjectDirectory=D:\workspace-spring-tools-for-eclipse-5.0.1.RELEASE\OnlineLearningManagementSystem\backend\payment-service org.codehaus.plexus.classworlds.launcher.Launcher spring-boot:run

Host: 11th Gen Intel(R) Core(TM) i5-1135G7 @ 2.40GHz, 8 cores, 7G,  Windows 11 , 64 bit Build 26100 (10.0.26100.8328)
Time: Fri May 15 01:41:31 2026 India Standard Time elapsed time: 27.845346 seconds (0d 0h 0m 27s)

---------------  T H R E A D  ---------------

Current thread (0x000001d27ef040a0):  JavaThread "C2 CompilerThread0" daemon [_thread_in_native, id=27472, stack(0x0000008d81400000,0x0000008d81500000) (1024K)]


Current CompileTask:
C2:27845 5271       4       org.apache.maven.repository.internal.ArtifactDescriptorReaderDelegate::convert (205 bytes)

Stack: [0x0000008d81400000,0x0000008d81500000]
Native frames: (J=compiled Java code, j=interpreted, Vv=VM code, C=native code)
V  [jvm.dll+0x7a6b59]  (no source info available)
V  [jvm.dll+0x77290d]  (no source info available)
V  [jvm.dll+0x966153]  (no source info available)
V  [jvm.dll+0x968751]  (no source info available)
V  [jvm.dll+0x968e53]  (no source info available)
V  [jvm.dll+0x2fc756]  (no source info available)
V  [jvm.dll+0x111b26]  (no source info available)
V  [jvm.dll+0x111e4e]  (no source info available)
V  [jvm.dll+0x1a0a22]  (no source info available)
V  [jvm.dll+0x3b53c2]  (no source info available)
V  [jvm.dll+0x7ac4ef]  (no source info available)
V  [jvm.dll+0x2c0ac7]  (no source info available)
V  [jvm.dll+0x2bfa8f]  (no source info available)
V  [jvm.dll+0x237b60]  (no source info available)
V  [jvm.dll+0x2cfb56]  (no source info available)
V  [jvm.dll+0x2cddd5]  (no source info available)
V  [jvm.dll+0x48e6d1]  (no source info available)
V  [jvm.dll+0x906a0d]  (no source info available)
V  [jvm.dll+0x7a5135]  (no source info available)
C  [ucrtbase.dll+0x37b0]  (no source info available)
C  [KERNEL32.DLL+0x2e957]  (no source info available)
C  [ntdll.dll+0x427c]  (no source info available)

Lock stack of current Java thread (top to bottom):


---------------  P R O C E S S  ---------------

Threads class SMR info:
_java_thread_list=0x000001d217b8aa60, length=12, elements={
0x000001d279a5f810, 0x000001d27eef86a0, 0x000001d27eef9dd0, 0x000001d27eefb900,
0x000001d27eefd620, 0x000001d27eefe1e0, 0x000001d27eefeda0, 0x000001d27ef040a0,
0x000001d27ef0ddb0, 0x000001d21789e840, 0x000001d2178ae1c0, 0x000001d27ef776d0
}

Java Threads: ( => current thread )
  0x000001d279a5f810 JavaThread "main"                              [_thread_in_native, id=1384, stack(0x0000008d80600000,0x0000008d80700000) (1024K)]
  0x000001d27eef86a0 JavaThread "Reference Handler"          daemon [_thread_blocked, id=18852, stack(0x0000008d80e00000,0x0000008d80f00000) (1024K)]
  0x000001d27eef9dd0 JavaThread "Finalizer"                  daemon [_thread_blocked, id=19276, stack(0x0000008d80f00000,0x0000008d81000000) (1024K)]
  0x000001d27eefb900 JavaThread "Signal Dispatcher"          daemon [_thread_blocked, id=17708, stack(0x0000008d81000000,0x0000008d81100000) (1024K)]
  0x000001d27eefd620 JavaThread "Attach Listener"            daemon [_thread_blocked, id=19872, stack(0x0000008d81100000,0x0000008d81200000) (1024K)]
  0x000001d27eefe1e0 JavaThread "Service Thread"             daemon [_thread_blocked, id=23116, stack(0x0000008d81200000,0x0000008d81300000) (1024K)]
  0x000001d27eefeda0 JavaThread "Monitor Deflation Thread"   daemon [_thread_blocked, id=27056, stack(0x0000008d81300000,0x0000008d81400000) (1024K)]
=>0x000001d27ef040a0 JavaThread "C2 CompilerThread0"         daemon [_thread_in_native, id=27472, stack(0x0000008d81400000,0x0000008d81500000) (1024K)]
  0x000001d27ef0ddb0 JavaThread "C1 CompilerThread0"         daemon [_thread_blocked, id=27388, stack(0x0000008d81500000,0x0000008d81600000) (1024K)]
  0x000001d21789e840 JavaThread "Notification Thread"        daemon [_thread_blocked, id=13132, stack(0x0000008d81600000,0x0000008d81700000) (1024K)]
  0x000001d2178ae1c0 JavaThread "Common-Cleaner"             daemon [_thread_blocked, id=25992, stack(0x0000008d81700000,0x0000008d81800000) (1024K)]
  0x000001d27ef776d0 JavaThread "Thread-1"                   daemon [_thread_blocked, id=16564, stack(0x0000008d81c00000,0x0000008d81d00000) (1024K)]
Total: 12

Other Threads:
  0x000001d27eee2f20 VMThread "VM Thread"                           [id=848, stack(0x0000008d80d00000,0x0000008d80e00000) (1024K)]
  0x000001d27eed30d0 WatcherThread "VM Periodic Task Thread"        [id=26588, stack(0x0000008d80c00000,0x0000008d80d00000) (1024K)]
  0x000001d279aba880 WorkerThread "GC Thread#0"                     [id=14720, stack(0x0000008d80700000,0x0000008d80800000) (1024K)]
  0x000001d21d19fab0 WorkerThread "GC Thread#1"                     [id=24548, stack(0x0000008d81800000,0x0000008d81900000) (1024K)]
  0x000001d21c99bf50 WorkerThread "GC Thread#2"                     [id=20196, stack(0x0000008d81900000,0x0000008d81a00000) (1024K)]
  0x000001d217bcc150 WorkerThread "GC Thread#3"                     [id=13604, stack(0x0000008d81a00000,0x0000008d81b00000) (1024K)]
  0x000001d217bcc580 WorkerThread "GC Thread#4"                     [id=17176, stack(0x0000008d81b00000,0x0000008d81c00000) (1024K)]
  0x000001d21cd8edc0 WorkerThread "GC Thread#5"                     [id=24692, stack(0x0000008d81d00000,0x0000008d81e00000) (1024K)]
  0x000001d21cd90350 WorkerThread "GC Thread#6"                     [id=14036, stack(0x0000008d81e00000,0x0000008d81f00000) (1024K)]
  0x000001d21cd8f210 WorkerThread "GC Thread#7"                     [id=4344, stack(0x0000008d81f00000,0x0000008d82000000) (1024K)]
  0x000001d279ad2b50 ConcurrentGCThread "G1 Main Marker"            [id=26080, stack(0x0000008d80800000,0x0000008d80900000) (1024K)]
  0x000001d279ad34f0 WorkerThread "G1 Conc#0"                       [id=26260, stack(0x0000008d80900000,0x0000008d80a00000) (1024K)]
  0x000001d279b1bcc0 ConcurrentGCThread "G1 Refine#0"               [id=1932, stack(0x0000008d80a00000,0x0000008d80b00000) (1024K)]
  0x000001d279b1c6d0 ConcurrentGCThread "G1 Service"                [id=25036, stack(0x0000008d80b00000,0x0000008d80c00000) (1024K)]
Total: 14

Threads with active compile tasks:
C2 CompilerThread0  28050 5271       4       org.apache.maven.repository.internal.ArtifactDescriptorReaderDelegate::convert (205 bytes)
Total: 1

VM state: not at safepoint (normal execution)

VM Mutex/Monitor currently owned by a thread: None

Heap address: 0x0000000084000000, size: 1984 MB, Compressed Oops mode: 32-bit

CDS archive(s) mapped at: [0x0000000037000000-0x0000000037dd0000-0x0000000037dd0000), size 14483456, SharedBaseAddress: 0x0000000037000000, ArchiveRelocationMode: 1.
Compressed class space mapped at: 0x0000000038000000-0x0000000078000000, reserved size: 1073741824
UseCompressedClassPointers 1, UseCompactObjectHeaders 0
Narrow klass pointer bits 32, Max shift 3
Narrow klass base: 0x0000000037000000, Narrow klass shift: 0
Encoding Range: [0x0000000037000000 - 0x0000000137000000), (4294967296 bytes)
Klass Range:    [0x0000000037010000 - 0x0000000078000000), (1090453504 bytes)
Klass ID Range:  [65536 - 1090519033) (1090453497)
Protection zone: [0x0000000037000000 - 0x0000000037010000), (65536 bytes)

GC Precious Log:
 CardTable entry size: 512
 Card Set container configuration: InlinePtr #cards 5 size 8 Array Of Cards #cards 10 size 36 Howl #buckets 4 coarsen threshold 1843 Howl Bitmap #cards 512 size 80 coarsen threshold 460 Card regions per heap region 1 cards per card region 2048
 CPUs: 8 total, 8 available
 Memory: 7930M
 Large Page Support: Disabled
 NUMA Support: Disabled
 Compressed Oops: Enabled (32-bit)
 Heap Region Size: 1M
 Heap Min Capacity: 8M
 Heap Initial Capacity: 124M
 Heap Max Capacity: 1984M
 Pre-touch: Disabled
 Parallel Workers: 8
 Concurrent Workers: 2
 Concurrent Refinement Workers: 8
 Periodic GC: Disabled

Heap:
 garbage-first heap   total reserved 2031616K, committed 129024K, used 22074K [0x0000000084000000, 0x0000000100000000)
  region size 1024K, 11 young (11264K), 5 survivors (5120K)

Heap Regions: E=young(eden), S=young(survivor), O=old, HS=humongous(starts), HC=humongous(continues), CS=collection set, F=free, TAMS=top-at-mark-start, PB=parsable bottom
|   0|0x0000000084000000, 0x0000000084100000, 0x0000000084100000|100%| O|  |TAMS 0x0000000084000000| PB 0x0000000084000000| Untracked |  0
|   1|0x0000000084100000, 0x0000000084200000, 0x0000000084200000|100%| O|  |TAMS 0x0000000084100000| PB 0x0000000084100000| Untracked |  0
|   2|0x0000000084200000, 0x0000000084300000, 0x0000000084300000|100%| O|  |TAMS 0x0000000084200000| PB 0x0000000084200000| Untracked |  0
|   3|0x0000000084300000, 0x0000000084400000, 0x0000000084400000|100%| O|  |TAMS 0x0000000084300000| PB 0x0000000084300000| Untracked |  0
|   4|0x0000000084400000, 0x0000000084500000, 0x0000000084500000|100%| O|  |TAMS 0x0000000084400000| PB 0x0000000084400000| Untracked |  0
|   5|0x0000000084500000, 0x0000000084600000, 0x0000000084600000|100%| O|  |TAMS 0x0000000084500000| PB 0x0000000084500000| Untracked |  0
|   6|0x0000000084600000, 0x0000000084700000, 0x0000000084700000|100%| O|  |TAMS 0x0000000084600000| PB 0x0000000084600000| Untracked |  0
|   7|0x0000000084700000, 0x0000000084800000, 0x0000000084800000|100%| O|  |TAMS 0x0000000084700000| PB 0x0000000084700000| Untracked |  0
|   8|0x0000000084800000, 0x0000000084900000, 0x0000000084900000|100%| O|  |TAMS 0x0000000084800000| PB 0x0000000084800000| Untracked |  0
|   9|0x0000000084900000, 0x0000000084a00000, 0x0000000084a00000|100%| O|  |TAMS 0x0000000084900000| PB 0x0000000084900000| Untracked |  0
|  10|0x0000000084a00000, 0x0000000084ab2ca0, 0x0000000084b00000| 69%| O|  |TAMS 0x0000000084a00000| PB 0x0000000084a00000| Untracked |  0
|  11|0x0000000084b00000, 0x0000000084b00000, 0x0000000084c00000|  0%| F|  |TAMS 0x0000000084b00000| PB 0x0000000084b00000| Untracked |  0
|  12|0x0000000084c00000, 0x0000000084c00000, 0x0000000084d00000|  0%| F|  |TAMS 0x0000000084c00000| PB 0x0000000084c00000| Untracked |  0
|  13|0x0000000084d00000, 0x0000000084d00000, 0x0000000084e00000|  0%| F|  |TAMS 0x0000000084d00000| PB 0x0000000084d00000| Untracked |  0
|  14|0x0000000084e00000, 0x0000000084e00000, 0x0000000084f00000|  0%| F|  |TAMS 0x0000000084e00000| PB 0x0000000084e00000| Untracked |  0
|  15|0x0000000084f00000, 0x0000000084f00000, 0x0000000085000000|  0%| F|  |TAMS 0x0000000084f00000| PB 0x0000000084f00000| Untracked |  0
|  16|0x0000000085000000, 0x0000000085000000, 0x0000000085100000|  0%| F|  |TAMS 0x0000000085000000| PB 0x0000000085000000| Untracked |  0
|  17|0x0000000085100000, 0x0000000085100000, 0x0000000085200000|  0%| F|  |TAMS 0x0000000085100000| PB 0x0000000085100000| Untracked |  0
|  18|0x0000000085200000, 0x0000000085200000, 0x0000000085300000|  0%| F|  |TAMS 0x0000000085200000| PB 0x0000000085200000| Untracked |  0
|  19|0x0000000085300000, 0x0000000085300000, 0x0000000085400000|  0%| F|  |TAMS 0x0000000085300000| PB 0x0000000085300000| Untracked |  0
|  20|0x0000000085400000, 0x0000000085400000, 0x0000000085500000|  0%| F|  |TAMS 0x0000000085400000| PB 0x0000000085400000| Untracked |  0
|  21|0x0000000085500000, 0x0000000085500000, 0x0000000085600000|  0%| F|  |TAMS 0x0000000085500000| PB 0x0000000085500000| Untracked |  0
|  22|0x0000000085600000, 0x0000000085600000, 0x0000000085700000|  0%| F|  |TAMS 0x0000000085600000| PB 0x0000000085600000| Untracked |  0
|  23|0x0000000085700000, 0x0000000085700000, 0x0000000085800000|  0%| F|  |TAMS 0x0000000085700000| PB 0x0000000085700000| Untracked |  0
|  24|0x0000000085800000, 0x0000000085800000, 0x0000000085900000|  0%| F|  |TAMS 0x0000000085800000| PB 0x0000000085800000| Untracked |  0
|  25|0x0000000085900000, 0x0000000085900000, 0x0000000085a00000|  0%| F|  |TAMS 0x0000000085900000| PB 0x0000000085900000| Untracked |  0
|  26|0x0000000085a00000, 0x0000000085a00000, 0x0000000085b00000|  0%| F|  |TAMS 0x0000000085a00000| PB 0x0000000085a00000| Untracked |  0
|  27|0x0000000085b00000, 0x0000000085b00000, 0x0000000085c00000|  0%| F|  |TAMS 0x0000000085b00000| PB 0x0000000085b00000| Untracked |  0
|  28|0x0000000085c00000, 0x0000000085c00000, 0x0000000085d00000|  0%| F|  |TAMS 0x0000000085c00000| PB 0x0000000085c00000| Untracked |  0
|  29|0x0000000085d00000, 0x0000000085d00000, 0x0000000085e00000|  0%| F|  |TAMS 0x0000000085d00000| PB 0x0000000085d00000| Untracked |  0
|  30|0x0000000085e00000, 0x0000000085e00000, 0x0000000085f00000|  0%| F|  |TAMS 0x0000000085e00000| PB 0x0000000085e00000| Untracked |  0
|  31|0x0000000085f00000, 0x0000000085f00000, 0x0000000086000000|  0%| F|  |TAMS 0x0000000085f00000| PB 0x0000000085f00000| Untracked |  0
|  32|0x0000000086000000, 0x0000000086000000, 0x0000000086100000|  0%| F|  |TAMS 0x0000000086000000| PB 0x0000000086000000| Untracked |  0
|  33|0x0000000086100000, 0x0000000086100000, 0x0000000086200000|  0%| F|  |TAMS 0x0000000086100000| PB 0x0000000086100000| Untracked |  0
|  34|0x0000000086200000, 0x0000000086200000, 0x0000000086300000|  0%| F|  |TAMS 0x0000000086200000| PB 0x0000000086200000| Untracked |  0
|  35|0x0000000086300000, 0x0000000086300000, 0x0000000086400000|  0%| F|  |TAMS 0x0000000086300000| PB 0x0000000086300000| Untracked |  0
|  36|0x0000000086400000, 0x0000000086400000, 0x0000000086500000|  0%| F|  |TAMS 0x0000000086400000| PB 0x0000000086400000| Untracked |  0
|  37|0x0000000086500000, 0x0000000086500000, 0x0000000086600000|  0%| F|  |TAMS 0x0000000086500000| PB 0x0000000086500000| Untracked |  0
|  38|0x0000000086600000, 0x0000000086600000, 0x0000000086700000|  0%| F|  |TAMS 0x0000000086600000| PB 0x0000000086600000| Untracked |  0
|  39|0x0000000086700000, 0x0000000086700000, 0x0000000086800000|  0%| F|  |TAMS 0x0000000086700000| PB 0x0000000086700000| Untracked |  0
|  40|0x0000000086800000, 0x0000000086800000, 0x0000000086900000|  0%| F|  |TAMS 0x0000000086800000| PB 0x0000000086800000| Untracked |  0
|  41|0x0000000086900000, 0x0000000086900000, 0x0000000086a00000|  0%| F|  |TAMS 0x0000000086900000| PB 0x0000000086900000| Untracked |  0
|  42|0x0000000086a00000, 0x0000000086a00000, 0x0000000086b00000|  0%| F|  |TAMS 0x0000000086a00000| PB 0x0000000086a00000| Untracked |  0
|  43|0x0000000086b00000, 0x0000000086b00000, 0x0000000086c00000|  0%| F|  |TAMS 0x0000000086b00000| PB 0x0000000086b00000| Untracked |  0
|  44|0x0000000086c00000, 0x0000000086c00000, 0x0000000086d00000|  0%| F|  |TAMS 0x0000000086c00000| PB 0x0000000086c00000| Untracked |  0
|  45|0x0000000086d00000, 0x0000000086d00000, 0x0000000086e00000|  0%| F|  |TAMS 0x0000000086d00000| PB 0x0000000086d00000| Untracked |  0
|  46|0x0000000086e00000, 0x0000000086e00000, 0x0000000086f00000|  0%| F|  |TAMS 0x0000000086e00000| PB 0x0000000086e00000| Untracked |  0
|  47|0x0000000086f00000, 0x0000000086f00000, 0x0000000087000000|  0%| F|  |TAMS 0x0000000086f00000| PB 0x0000000086f00000| Untracked |  0
|  48|0x0000000087000000, 0x0000000087000000, 0x0000000087100000|  0%| F|  |TAMS 0x0000000087000000| PB 0x0000000087000000| Untracked |  0
|  49|0x0000000087100000, 0x0000000087100000, 0x0000000087200000|  0%| F|  |TAMS 0x0000000087100000| PB 0x0000000087100000| Untracked |  0
|  50|0x0000000087200000, 0x0000000087200000, 0x0000000087300000|  0%| F|  |TAMS 0x0000000087200000| PB 0x0000000087200000| Untracked |  0
|  51|0x0000000087300000, 0x00000000873b66a0, 0x0000000087400000| 71%| S|CS|TAMS 0x0000000087300000| PB 0x0000000087300000| Complete |  0
|  52|0x0000000087400000, 0x0000000087500000, 0x0000000087500000|100%| S|CS|TAMS 0x0000000087400000| PB 0x0000000087400000| Complete |  0
|  53|0x0000000087500000, 0x0000000087600000, 0x0000000087600000|100%| S|CS|TAMS 0x0000000087500000| PB 0x0000000087500000| Complete |  0
|  54|0x0000000087600000, 0x0000000087700000, 0x0000000087700000|100%| S|CS|TAMS 0x0000000087600000| PB 0x0000000087600000| Complete |  0
|  55|0x0000000087700000, 0x0000000087800000, 0x0000000087800000|100%| S|CS|TAMS 0x0000000087700000| PB 0x0000000087700000| Complete |  0
|  56|0x0000000087800000, 0x0000000087800000, 0x0000000087900000|  0%| F|  |TAMS 0x0000000087800000| PB 0x0000000087800000| Untracked |  0
|  57|0x0000000087900000, 0x0000000087900000, 0x0000000087a00000|  0%| F|  |TAMS 0x0000000087900000| PB 0x0000000087900000| Untracked |  0
|  58|0x0000000087a00000, 0x0000000087a00000, 0x0000000087b00000|  0%| F|  |TAMS 0x0000000087a00000| PB 0x0000000087a00000| Untracked |  0
|  59|0x0000000087b00000, 0x0000000087b00000, 0x0000000087c00000|  0%| F|  |TAMS 0x0000000087b00000| PB 0x0000000087b00000| Untracked |  0
|  60|0x0000000087c00000, 0x0000000087c00000, 0x0000000087d00000|  0%| F|  |TAMS 0x0000000087c00000| PB 0x0000000087c00000| Untracked |  0
|  61|0x0000000087d00000, 0x0000000087d00000, 0x0000000087e00000|  0%| F|  |TAMS 0x0000000087d00000| PB 0x0000000087d00000| Untracked |  0
|  62|0x0000000087e00000, 0x0000000087e00000, 0x0000000087f00000|  0%| F|  |TAMS 0x0000000087e00000| PB 0x0000000087e00000| Untracked |  0
|  63|0x0000000087f00000, 0x0000000087f00000, 0x0000000088000000|  0%| F|  |TAMS 0x0000000087f00000| PB 0x0000000087f00000| Untracked |  0
|  64|0x0000000088000000, 0x0000000088000000, 0x0000000088100000|  0%| F|  |TAMS 0x0000000088000000| PB 0x0000000088000000| Untracked |  0
|  65|0x0000000088100000, 0x0000000088100000, 0x0000000088200000|  0%| F|  |TAMS 0x0000000088100000| PB 0x0000000088100000| Untracked |  0
|  66|0x0000000088200000, 0x0000000088200000, 0x0000000088300000|  0%| F|  |TAMS 0x0000000088200000| PB 0x0000000088200000| Untracked |  0
|  67|0x0000000088300000, 0x0000000088300000, 0x0000000088400000|  0%| F|  |TAMS 0x0000000088300000| PB 0x0000000088300000| Untracked |  0
|  68|0x0000000088400000, 0x0000000088400000, 0x0000000088500000|  0%| F|  |TAMS 0x0000000088400000| PB 0x0000000088400000| Untracked |  0
|  69|0x0000000088500000, 0x0000000088500000, 0x0000000088600000|  0%| F|  |TAMS 0x0000000088500000| PB 0x0000000088500000| Untracked |  0
|  70|0x0000000088600000, 0x0000000088600000, 0x0000000088700000|  0%| F|  |TAMS 0x0000000088600000| PB 0x0000000088600000| Untracked |  0
|  71|0x0000000088700000, 0x0000000088700000, 0x0000000088800000|  0%| F|  |TAMS 0x0000000088700000| PB 0x0000000088700000| Untracked |  0
|  72|0x0000000088800000, 0x0000000088800000, 0x0000000088900000|  0%| F|  |TAMS 0x0000000088800000| PB 0x0000000088800000| Untracked |  0
|  73|0x0000000088900000, 0x0000000088900000, 0x0000000088a00000|  0%| F|  |TAMS 0x0000000088900000| PB 0x0000000088900000| Untracked |  0
|  74|0x0000000088a00000, 0x0000000088a00000, 0x0000000088b00000|  0%| F|  |TAMS 0x0000000088a00000| PB 0x0000000088a00000| Untracked |  0
|  75|0x0000000088b00000, 0x0000000088b00000, 0x0000000088c00000|  0%| F|  |TAMS 0x0000000088b00000| PB 0x0000000088b00000| Untracked |  0
|  76|0x0000000088c00000, 0x0000000088c00000, 0x0000000088d00000|  0%| F|  |TAMS 0x0000000088c00000| PB 0x0000000088c00000| Untracked |  0
|  77|0x0000000088d00000, 0x0000000088d00000, 0x0000000088e00000|  0%| F|  |TAMS 0x0000000088d00000| PB 0x0000000088d00000| Untracked |  0
|  78|0x0000000088e00000, 0x0000000088e00000, 0x0000000088f00000|  0%| F|  |TAMS 0x0000000088e00000| PB 0x0000000088e00000| Untracked |  0
|  79|0x0000000088f00000, 0x0000000088f00000, 0x0000000089000000|  0%| F|  |TAMS 0x0000000088f00000| PB 0x0000000088f00000| Untracked |  0
|  80|0x0000000089000000, 0x0000000089000000, 0x0000000089100000|  0%| F|  |TAMS 0x0000000089000000| PB 0x0000000089000000| Untracked |  0
|  81|0x0000000089100000, 0x0000000089100000, 0x0000000089200000|  0%| F|  |TAMS 0x0000000089100000| PB 0x0000000089100000| Untracked |  0
|  82|0x0000000089200000, 0x0000000089200000, 0x0000000089300000|  0%| F|  |TAMS 0x0000000089200000| PB 0x0000000089200000| Untracked |  0
|  83|0x0000000089300000, 0x0000000089300000, 0x0000000089400000|  0%| F|  |TAMS 0x0000000089300000| PB 0x0000000089300000| Untracked |  0
|  84|0x0000000089400000, 0x0000000089400000, 0x0000000089500000|  0%| F|  |TAMS 0x0000000089400000| PB 0x0000000089400000| Untracked |  0
|  85|0x0000000089500000, 0x0000000089500000, 0x0000000089600000|  0%| F|  |TAMS 0x0000000089500000| PB 0x0000000089500000| Untracked |  0
|  86|0x0000000089600000, 0x0000000089600000, 0x0000000089700000|  0%| F|  |TAMS 0x0000000089600000| PB 0x0000000089600000| Untracked |  0
|  87|0x0000000089700000, 0x0000000089700000, 0x0000000089800000|  0%| F|  |TAMS 0x0000000089700000| PB 0x0000000089700000| Untracked |  0
|  88|0x0000000089800000, 0x0000000089800000, 0x0000000089900000|  0%| F|  |TAMS 0x0000000089800000| PB 0x0000000089800000| Untracked |  0
|  89|0x0000000089900000, 0x0000000089900000, 0x0000000089a00000|  0%| F|  |TAMS 0x0000000089900000| PB 0x0000000089900000| Untracked |  0
|  90|0x0000000089a00000, 0x0000000089a00000, 0x0000000089b00000|  0%| F|  |TAMS 0x0000000089a00000| PB 0x0000000089a00000| Untracked |  0
|  91|0x0000000089b00000, 0x0000000089b00000, 0x0000000089c00000|  0%| F|  |TAMS 0x0000000089b00000| PB 0x0000000089b00000| Untracked |  0
|  92|0x0000000089c00000, 0x0000000089c00000, 0x0000000089d00000|  0%| F|  |TAMS 0x0000000089c00000| PB 0x0000000089c00000| Untracked |  0
|  93|0x0000000089d00000, 0x0000000089d00000, 0x0000000089e00000|  0%| F|  |TAMS 0x0000000089d00000| PB 0x0000000089d00000| Untracked |  0
|  94|0x0000000089e00000, 0x0000000089e00000, 0x0000000089f00000|  0%| F|  |TAMS 0x0000000089e00000| PB 0x0000000089e00000| Untracked |  0
|  95|0x0000000089f00000, 0x0000000089f00000, 0x000000008a000000|  0%| F|  |TAMS 0x0000000089f00000| PB 0x0000000089f00000| Untracked |  0
|  96|0x000000008a000000, 0x000000008a000000, 0x000000008a100000|  0%| F|  |TAMS 0x000000008a000000| PB 0x000000008a000000| Untracked |  0
|  97|0x000000008a100000, 0x000000008a100000, 0x000000008a200000|  0%| F|  |TAMS 0x000000008a100000| PB 0x000000008a100000| Untracked |  0
|  98|0x000000008a200000, 0x000000008a200000, 0x000000008a300000|  0%| F|  |TAMS 0x000000008a200000| PB 0x000000008a200000| Untracked |  0
|  99|0x000000008a300000, 0x000000008a300000, 0x000000008a400000|  0%| F|  |TAMS 0x000000008a300000| PB 0x000000008a300000| Untracked |  0
| 100|0x000000008a400000, 0x000000008a400000, 0x000000008a500000|  0%| F|  |TAMS 0x000000008a400000| PB 0x000000008a400000| Untracked |  0
| 101|0x000000008a500000, 0x000000008a500000, 0x000000008a600000|  0%| F|  |TAMS 0x000000008a500000| PB 0x000000008a500000| Untracked |  0
| 102|0x000000008a600000, 0x000000008a600000, 0x000000008a700000|  0%| F|  |TAMS 0x000000008a600000| PB 0x000000008a600000| Untracked |  0
| 103|0x000000008a700000, 0x000000008a700000, 0x000000008a800000|  0%| F|  |TAMS 0x000000008a700000| PB 0x000000008a700000| Untracked |  0
| 104|0x000000008a800000, 0x000000008a800000, 0x000000008a900000|  0%| F|  |TAMS 0x000000008a800000| PB 0x000000008a800000| Untracked |  0
| 105|0x000000008a900000, 0x000000008a900000, 0x000000008aa00000|  0%| F|  |TAMS 0x000000008a900000| PB 0x000000008a900000| Untracked |  0
| 106|0x000000008aa00000, 0x000000008aa00000, 0x000000008ab00000|  0%| F|  |TAMS 0x000000008aa00000| PB 0x000000008aa00000| Untracked |  0
| 107|0x000000008ab00000, 0x000000008ab00000, 0x000000008ac00000|  0%| F|  |TAMS 0x000000008ab00000| PB 0x000000008ab00000| Untracked |  0
| 108|0x000000008ac00000, 0x000000008ac00000, 0x000000008ad00000|  0%| F|  |TAMS 0x000000008ac00000| PB 0x000000008ac00000| Untracked |  0
| 109|0x000000008ad00000, 0x000000008ad00000, 0x000000008ae00000|  0%| F|  |TAMS 0x000000008ad00000| PB 0x000000008ad00000| Untracked |  0
| 110|0x000000008ae00000, 0x000000008ae00000, 0x000000008af00000|  0%| F|  |TAMS 0x000000008ae00000| PB 0x000000008ae00000| Untracked |  0
| 111|0x000000008af00000, 0x000000008af00000, 0x000000008b000000|  0%| F|  |TAMS 0x000000008af00000| PB 0x000000008af00000| Untracked |  0
| 112|0x000000008b000000, 0x000000008b000000, 0x000000008b100000|  0%| F|  |TAMS 0x000000008b000000| PB 0x000000008b000000| Untracked |  0
| 113|0x000000008b100000, 0x000000008b100000, 0x000000008b200000|  0%| F|  |TAMS 0x000000008b100000| PB 0x000000008b100000| Untracked |  0
| 114|0x000000008b200000, 0x000000008b200000, 0x000000008b300000|  0%| F|  |TAMS 0x000000008b200000| PB 0x000000008b200000| Untracked |  0
| 115|0x000000008b300000, 0x000000008b300000, 0x000000008b400000|  0%| F|  |TAMS 0x000000008b300000| PB 0x000000008b300000| Untracked |  0
| 116|0x000000008b400000, 0x000000008b400000, 0x000000008b500000|  0%| F|  |TAMS 0x000000008b400000| PB 0x000000008b400000| Untracked |  0
| 117|0x000000008b500000, 0x000000008b500000, 0x000000008b600000|  0%| F|  |TAMS 0x000000008b500000| PB 0x000000008b500000| Untracked |  0
| 118|0x000000008b600000, 0x000000008b700000, 0x000000008b700000|100%| E|  |TAMS 0x000000008b600000| PB 0x000000008b600000| Complete |  0
| 119|0x000000008b700000, 0x000000008b800000, 0x000000008b800000|100%| E|CS|TAMS 0x000000008b700000| PB 0x000000008b700000| Complete |  0
| 120|0x000000008b800000, 0x000000008b900000, 0x000000008b900000|100%| E|CS|TAMS 0x000000008b800000| PB 0x000000008b800000| Complete |  0
| 121|0x000000008b900000, 0x000000008ba00000, 0x000000008ba00000|100%| E|CS|TAMS 0x000000008b900000| PB 0x000000008b900000| Complete |  0
| 122|0x000000008ba00000, 0x000000008bb00000, 0x000000008bb00000|100%| E|CS|TAMS 0x000000008ba00000| PB 0x000000008ba00000| Complete |  0
| 123|0x000000008bb00000, 0x000000008bc00000, 0x000000008bc00000|100%| E|CS|TAMS 0x000000008bb00000| PB 0x000000008bb00000| Complete |  0
|1982|0x00000000ffe00000, 0x00000000fff00000, 0x00000000fff00000|100%| O|  |TAMS 0x00000000ffe00000| PB 0x00000000ffe00000| Untracked |  0
|1983|0x00000000fff00000, 0x00000000fff256a0, 0x0000000100000000| 14%| O|  |TAMS 0x00000000fff00000| PB 0x00000000fff00000| Untracked |  0

Card table byte_map: [0x000001d27a240000,0x000001d27a620000] _byte_map_base: 0x000001d279e20000

Marking Bits: (CMBitMap*) 0x000001d279abae10
 Bits: [0x000001d27a620000, 0x000001d27c520000)

Polling page: 0x000001d279230000

Metaspace:
Metaspace        used 16268K, committed 16512K, reserved 1114112K
 class space     used 1487K, committed 1600K, reserved 1048576K

Usage:
  Non-class:     14.43 MB used.
      Class:      1.45 MB used.
       Both:     15.89 MB used.

Virtual space:
  Non-class space:       64.00 MB reserved,      14.56 MB ( 23%) committed,  1 nodes.
      Class space:        1.00 GB reserved,       1.56 MB ( <1%) committed,  1 nodes.
             Both:        1.06 GB reserved,      16.12 MB (  1%) committed. 

Chunk freelists:
   Non-Class:  1.23 MB
       Class:  14.48 MB
        Both:  15.71 MB

MaxMetaspaceSize: unlimited
CompressedClassSpaceSize: 1.00 GB
Initial GC threshold: 21.00 MB
Current GC threshold: 21.00 MB
CDS: on
 - commit_granule_bytes: 65536.
 - commit_granule_words: 8192.
 - virtual_space_node_default_size: 8388608.
 - enlarge_chunks_in_place: 1.
UseCompressedClassPointers 1, UseCompactObjectHeaders 0
Narrow klass pointer bits 32, Max shift 3
Narrow klass base: 0x0000000037000000, Narrow klass shift: 0
Encoding Range: [0x0000000037000000 - 0x0000000137000000), (4294967296 bytes)
Klass Range:    [0x0000000037010000 - 0x0000000078000000), (1090453504 bytes)
Klass ID Range:  [65536 - 1090519033) (1090453497)
Protection zone: [0x0000000037000000 - 0x0000000037010000), (65536 bytes)


Internal statistics:

num_allocs_failed_limit: 0.
num_arena_births: 136.
num_arena_deaths: 0.
num_vsnodes_births: 2.
num_vsnodes_deaths: 0.
num_space_committed: 258.
num_space_uncommitted: 0.
num_chunks_returned_to_freelist: 0.
num_chunks_taken_from_freelist: 684.
num_chunk_merges: 0.
num_chunk_splits: 477.
num_chunks_enlarged: 386.
num_inconsistent_stats: 0.

CodeHeap 'non-profiled nmethods': size=120064Kb used=1823Kb max_used=1823Kb free=118241Kb
 bounds [0x000001d210280000, 0x000001d2104f0000, 0x000001d2177c0000]
CodeHeap 'profiled nmethods': size=120000Kb used=8825Kb max_used=8825Kb free=111174Kb
 bounds [0x000001d2087c0000, 0x000001d209060000, 0x000001d20fcf0000]
CodeHeap 'non-nmethods': size=5696Kb used=1519Kb max_used=1660Kb free=4176Kb
 bounds [0x000001d20fcf0000, 0x000001d20ff60000, 0x000001d210280000]
CodeCache: size=245760Kb, used=12167Kb, max_used=12308Kb, free=233591Kb
 total_blobs=5793, nmethods=5274, adapters=421, full_count=0
Compilation: enabled, stopped_count=0, restarted_count=0

Compilation events (20 events):
Event: 26.731 Thread 0x000001d27ef0ddb0 nmethod 5267 0x000001d209059608 code [0x000001d209059700, 0x000001d209059f40]
Event: 26.736 Thread 0x000001d27ef040a0 nmethod 5250 0x000001d210440b88 code [0x000001d210440c80, 0x000001d2104451e0]
Event: 26.737 Thread 0x000001d27ef040a0 5255       4       org.eclipse.aether.graph.Dependency::<init> (43 bytes)
Event: 26.739 Thread 0x000001d27ef040a0 nmethod 5255 0x000001d210445208 code [0x000001d210445300, 0x000001d2104458b0]
Event: 26.739 Thread 0x000001d27ef040a0 5262       4       java.util.Collections$UnmodifiableMap::isEmpty (10 bytes)
Event: 26.740 Thread 0x000001d27ef040a0 nmethod 5262 0x000001d210445908 code [0x000001d210445a00, 0x000001d210445ac0]
Event: 26.740 Thread 0x000001d27ef040a0 5263       4       org.eclipse.aether.artifact.DefaultArtifact::<init> (130 bytes)
Event: 26.746 Thread 0x000001d27ef040a0 nmethod 5263 0x000001d210445c08 code [0x000001d210445d00, 0x000001d210446948]
Event: 26.746 Thread 0x000001d27ef040a0 5268       4       org.eclipse.aether.artifact.DefaultArtifact::mergeArtifactProperties (72 bytes)
Event: 26.748 Thread 0x000001d27ef040a0 nmethod 5268 0x000001d210446988 code [0x000001d210446a80, 0x000001d210446ba8]
Event: 26.762 Thread 0x000001d27ef040a0 5269       4       org.eclipse.aether.graph.Dependency::<init> (13 bytes)
Event: 26.781 Thread 0x000001d27ef040a0 nmethod 5269 0x000001d210446c88 code [0x000001d210446d80, 0x000001d210447be0]
Event: 26.781 Thread 0x000001d27ef040a0 5271       4       org.apache.maven.repository.internal.ArtifactDescriptorReaderDelegate::convert (205 bytes)
Event: 26.824 Thread 0x000001d27ef0ddb0 5275       3       org.apache.maven.building.FileSource::<init> (21 bytes)
Event: 26.824 Thread 0x000001d27ef0ddb0 nmethod 5275 0x000001d209059f88 code [0x000001d20905a080, 0x000001d20905a3e8]
Event: 26.824 Thread 0x000001d27ef0ddb0 5274       3       org.apache.maven.model.building.FileModelSource::<init> (6 bytes)
Event: 26.824 Thread 0x000001d27ef0ddb0 nmethod 5274 0x000001d20905a408 code [0x000001d20905a500, 0x000001d20905a8c0]
Event: 26.843 Thread 0x000001d27ef0ddb0 5276       3       org.apache.maven.model.building.DefaultModelBuilder$$Lambda/0x000000003815ef90::accept (12 bytes)
Event: 26.843 Thread 0x000001d27ef0ddb0 nmethod 5276 0x000001d20905a908 code [0x000001d20905aa00, 0x000001d20905ac58]
Event: 26.844 Thread 0x000001d27ef0ddb0 5277       3       org.eclipse.aether.internal.impl.collect.df.DfDependencyCollector::doRecurse (236 bytes)

GC Heap Usage History (6 events):
Event: 5.839 {heap Before GC invocations=0 (full 0):
 garbage-first heap   total reserved 2031616K, committed 129024K, used 49301K [0x0000000084000000, 0x0000000100000000)
  region size 1024K, 47 young (48128K), 0 survivors (0K)
}
Event: 5.858 {heap After GC invocations=1 (full 0):
 garbage-first heap   total reserved 2031616K, committed 129024K, used 5814K [0x0000000084000000, 0x0000000100000000)
  region size 1024K, 5 young (5120K), 5 survivors (5120K)
}
Event: 15.869 {heap Before GC invocations=1 (full 0):
 garbage-first heap   total reserved 2031616K, committed 129024K, used 60086K [0x0000000084000000, 0x0000000100000000)
  region size 1024K, 58 young (59392K), 5 survivors (5120K)
}
Event: 15.905 {heap After GC invocations=2 (full 0):
 garbage-first heap   total reserved 2031616K, committed 129024K, used 12058K [0x0000000084000000, 0x0000000100000000)
  region size 1024K, 7 young (7168K), 7 survivors (7168K)
}
Event: 26.276 {heap Before GC invocations=2 (full 0):
 garbage-first heap   total reserved 2031616K, committed 129024K, used 74522K [0x0000000084000000, 0x0000000100000000)
  region size 1024K, 68 young (69632K), 7 survivors (7168K)
}
Event: 26.301 {heap After GC invocations=3 (full 0):
 garbage-first heap   total reserved 2031616K, committed 129024K, used 16954K [0x0000000084000000, 0x0000000100000000)
  region size 1024K, 5 young (5120K), 5 survivors (5120K)
}

Metaspace Usage History (6 events):
Event: 5.839 {metaspace Before GC invocations=0 (full 0):
 Metaspace       used 9655K, committed 9856K, reserved 1114112K
  class space    used 859K, committed 960K, reserved 1048576K
}
Event: 5.858 {metaspace After GC invocations=1 (full 0):
 Metaspace       used 9655K, committed 9856K, reserved 1114112K
  class space    used 859K, committed 960K, reserved 1048576K
}
Event: 15.869 {metaspace Before GC invocations=1 (full 0):
 Metaspace       used 15378K, committed 15616K, reserved 1114112K
  class space    used 1456K, committed 1536K, reserved 1048576K
}
Event: 15.905 {metaspace After GC invocations=2 (full 0):
 Metaspace       used 15378K, committed 15616K, reserved 1114112K
  class space    used 1456K, committed 1536K, reserved 1048576K
}
Event: 26.277 {metaspace Before GC invocations=2 (full 0):
 Metaspace       used 16246K, committed 16448K, reserved 1114112K
  class space    used 1487K, committed 1600K, reserved 1048576K
}
Event: 26.301 {metaspace After GC invocations=3 (full 0):
 Metaspace       used 16246K, committed 16448K, reserved 1114112K
  class space    used 1487K, committed 1600K, reserved 1048576K
}

Dll operation events (7 events):
Event: 0.030 Loaded shared library C:\Program Files\Java\jdk-25\bin\java.dll
Event: 0.207 Loaded shared library C:\Program Files\Java\jdk-25\bin\net.dll
Event: 0.214 Loaded shared library C:\Program Files\Java\jdk-25\bin\nio.dll
Event: 0.222 Loaded shared library C:\Program Files\Java\jdk-25\bin\zip.dll
Event: 0.908 Loaded shared library C:\Program Files\Apache\Maven\lib\jansi-native\Windows\x86_64\jansi.dll
Event: 0.967 Loaded shared library C:\Program Files\Java\jdk-25\bin\jimage.dll
Event: 1.115 Loaded shared library C:\Program Files\Java\jdk-25\bin\verify.dll

Deoptimization events (20 events):
Event: 25.168 Thread 0x000001d279a5f810 Uncommon trap: trap_request=0xffffffbe fr.pc=0x000001d210431d4c relative=0x00000000000001cc
Event: 25.168 Thread 0x000001d279a5f810 Uncommon trap: reason=profile_predicate action=maybe_recompile pc=0x000001d210431d4c method=java.util.HashMap.keysToArray([Ljava/lang/Object;)[Ljava/lang/Object; @ 48 c2
Event: 25.168 Thread 0x000001d279a5f810 DEOPT PACKING pc=0x000001d210431d4c sp=0x0000008d806fc290
Event: 25.168 Thread 0x000001d279a5f810 DEOPT UNPACKING pc=0x000001d20fd87002 sp=0x0000008d806fc218 mode 2
Event: 25.191 Thread 0x000001d279a5f810 Uncommon trap: trap_request=0xffffffd6 fr.pc=0x000001d210432bd4 relative=0x00000000000002d4
Event: 25.191 Thread 0x000001d279a5f810 Uncommon trap: reason=array_check action=maybe_recompile pc=0x000001d210432bd4 method=java.util.HashMap.keysToArray([Ljava/lang/Object;)[Ljava/lang/Object; @ 62 c2
Event: 25.191 Thread 0x000001d279a5f810 DEOPT PACKING pc=0x000001d210432bd4 sp=0x0000008d806fc230
Event: 25.191 Thread 0x000001d279a5f810 DEOPT UNPACKING pc=0x000001d20fd87002 sp=0x0000008d806fc1a8 mode 2
Event: 25.191 Thread 0x000001d279a5f810 Uncommon trap: trap_request=0xffffffd6 fr.pc=0x000001d210432bd4 relative=0x00000000000002d4
Event: 25.191 Thread 0x000001d279a5f810 Uncommon trap: reason=array_check action=maybe_recompile pc=0x000001d210432bd4 method=java.util.HashMap.keysToArray([Ljava/lang/Object;)[Ljava/lang/Object; @ 62 c2
Event: 25.191 Thread 0x000001d279a5f810 DEOPT PACKING pc=0x000001d210432bd4 sp=0x0000008d806fc230
Event: 25.191 Thread 0x000001d279a5f810 DEOPT UNPACKING pc=0x000001d20fd87002 sp=0x0000008d806fc1a8 mode 2
Event: 25.191 Thread 0x000001d279a5f810 Uncommon trap: trap_request=0xffffffd6 fr.pc=0x000001d210432bd4 relative=0x00000000000002d4
Event: 25.191 Thread 0x000001d279a5f810 Uncommon trap: reason=array_check action=maybe_recompile pc=0x000001d210432bd4 method=java.util.HashMap.keysToArray([Ljava/lang/Object;)[Ljava/lang/Object; @ 62 c2
Event: 25.191 Thread 0x000001d279a5f810 DEOPT PACKING pc=0x000001d210432bd4 sp=0x0000008d806fc230
Event: 25.191 Thread 0x000001d279a5f810 DEOPT UNPACKING pc=0x000001d20fd87002 sp=0x0000008d806fc1a8 mode 2
Event: 25.191 Thread 0x000001d279a5f810 Uncommon trap: trap_request=0xffffffd6 fr.pc=0x000001d210432bd4 relative=0x00000000000002d4
Event: 25.191 Thread 0x000001d279a5f810 Uncommon trap: reason=array_check action=maybe_recompile pc=0x000001d210432bd4 method=java.util.HashMap.keysToArray([Ljava/lang/Object;)[Ljava/lang/Object; @ 62 c2
Event: 25.191 Thread 0x000001d279a5f810 DEOPT PACKING pc=0x000001d210432bd4 sp=0x0000008d806fc230
Event: 25.191 Thread 0x000001d279a5f810 DEOPT UNPACKING pc=0x000001d20fd87002 sp=0x0000008d806fc1a8 mode 2

Classes loaded (20 events):
Event: 9.581 Loading class java/lang/invoke/ClassSpecializer$Factory$1
Event: 9.581 Loading class java/lang/invoke/ClassSpecializer$Factory$1 done
Event: 9.582 Loading class java/lang/invoke/ClassSpecializer$Factory$1$1
Event: 9.582 Loading class java/lang/invoke/ClassSpecializer$Factory$1$1 done
Event: 9.582 Loading class java/lang/invoke/ClassSpecializer$Factory$1$1Var
Event: 9.582 Loading class java/lang/invoke/ClassSpecializer$Factory$1$1Var done
Event: 9.583 Loading class java/lang/invoke/ClassSpecializer$Factory$1$2
Event: 9.583 Loading class java/lang/invoke/ClassSpecializer$Factory$1$2 done
Event: 9.583 Loading class java/lang/invoke/ClassSpecializer$Factory$1$3
Event: 9.583 Loading class java/lang/invoke/ClassSpecializer$Factory$1$3 done
Event: 9.583 Loading class java/lang/invoke/ClassSpecializer$Factory$1$4
Event: 9.583 Loading class java/lang/invoke/ClassSpecializer$Factory$1$4 done
Event: 9.587 Loading class java/lang/invoke/ClassSpecializer$Factory$1$5
Event: 9.588 Loading class java/lang/invoke/ClassSpecializer$Factory$1$5 done
Event: 9.588 Loading class java/lang/invoke/ClassSpecializer$Factory$1$5$1
Event: 9.589 Loading class java/lang/invoke/ClassSpecializer$Factory$1$5$1 done
Event: 9.737 Loading class java/util/stream/Streams$RangeIntSpliterator
Event: 9.737 Loading class java/util/stream/Streams$RangeIntSpliterator done
Event: 24.030 Loading class sun/nio/cs/ISO_8859_1$Decoder
Event: 24.030 Loading class sun/nio/cs/ISO_8859_1$Decoder done

Classes unloaded (0 events):
No events

Classes redefined (0 events):
No events

Internal exceptions (20 events):
Event: 2.656 Thread 0x000001d279a5f810 Exception <a 'java/lang/NoClassDefFoundError'{0x000000008a90ad60}: javax/enterprise/inject/Typed> (0x000000008a90ad60) 
thrown [s\open\src\hotspot\share\classfile\systemDictionary.cpp, line 316]
Event: 6.735 Thread 0x000001d279a5f810 Exception <a 'java/lang/NoSuchMethodError'{0x000000008b88bd50}: 'void java.lang.invoke.DirectMethodHandle$Holder.invokeStaticInit(java.lang.Object, java.lang.Object, java.lang.Object)'> (0x000000008b88bd50) 
thrown [s\open\src\hotspot\share\interpreter\linkResolver.cpp, line 804]
Event: 6.795 Thread 0x000001d279a5f810 Implicit null exception at 0x000001d2102f4c1d to 0x000001d2102f4dac
Event: 6.802 Thread 0x000001d279a5f810 Exception <a 'java/lang/NoSuchMethodError'{0x000000008b7154f8}: 'java.lang.Object java.lang.invoke.Invokers$Holder.invokeExact_MT(java.lang.Object, int, java.lang.Object)'> (0x000000008b7154f8) 
thrown [s\open\src\hotspot\share\interpreter\linkResolver.cpp, line 804]
Event: 7.812 Thread 0x000001d279a5f810 Exception <a 'java/lang/NoSuchMethodError'{0x000000008af0b3e0}: 'void java.lang.invoke.Invokers$Holder.invokeExact_MT(java.lang.Object, java.lang.Object, java.lang.Object, java.lang.Object)'> (0x000000008af0b3e0) 
thrown [s\open\src\hotspot\share\interpreter\linkResolver.cpp, line 804]
Event: 7.885 Thread 0x000001d279a5f810 Exception <a 'java/lang/NoClassDefFoundError'{0x000000008af8a540}: com/google/inject/servlet/ServletModuleTargetVisitor> (0x000000008af8a540) 
thrown [s\open\src\hotspot\share\classfile\systemDictionary.cpp, line 316]
Event: 8.418 Thread 0x000001d279a5f810 Exception <a 'java/lang/NoSuchMethodError'{0x000000008adf8468}: 'java.lang.Object java.lang.invoke.DirectMethodHandle$Holder.invokeStaticInit(java.lang.Object, int, int, int, int)'> (0x000000008adf8468) 
thrown [s\open\src\hotspot\share\interpreter\linkResolver.cpp, line 804]
Event: 8.859 Thread 0x000001d279a5f810 Implicit null exception at 0x000001d2102bdb36 to 0x000001d2102be5f8
Event: 9.162 Thread 0x000001d279a5f810 Exception <a 'java/lang/NoSuchMethodError'{0x000000008a8b2058}: 'void java.lang.invoke.DirectMethodHandle$Holder.invokeSpecial(java.lang.Object, java.lang.Object, java.lang.Object, java.lang.Object, java.lang.Object)'> (0x000000008a8b2058) 
thrown [s\open\src\hotspot\share\interpreter\linkResolver.cpp, line 804]
Event: 9.189 Thread 0x000001d279a5f810 Exception <a 'java/lang/NoSuchMethodError'{0x000000008a8ea130}: 'void java.lang.invoke.DirectMethodHandle$Holder.invokeSpecial(java.lang.Object, java.lang.Object, java.lang.Object, java.lang.Object, java.lang.Object, java.lang.Object)'> (0x000000008a8ea130) 
thrown [s\open\src\hotspot\share\interpreter\linkResolver.cpp, line 804]
Event: 9.341 Thread 0x000001d279a5f810 Exception <a 'java/lang/NoSuchMethodError'{0x000000008a7e12d0}: 'java.lang.Object java.lang.invoke.DirectMethodHandle$Holder.invokeVirtual(java.lang.Object, java.lang.Object, java.lang.Object)'> (0x000000008a7e12d0) 
thrown [s\open\src\hotspot\share\interpreter\linkResolver.cpp, line 804]
Event: 9.576 Thread 0x000001d279a5f810 Exception <a 'java/lang/NoSuchMethodError'{0x000000008a566808}: 'void java.lang.invoke.DirectMethodHandle$Holder.invokeVirtual(java.lang.Object, java.lang.Object, int)'> (0x000000008a566808) 
thrown [s\open\src\hotspot\share\interpreter\linkResolver.cpp, line 804]
Event: 9.597 Thread 0x000001d279a5f810 Exception <a 'java/lang/NoSuchMethodError'{0x000000008a57f630}: 'java.lang.Object java.lang.invoke.DirectMethodHandle$Holder.invokeStatic(java.lang.Object, java.lang.Object, java.lang.Object, java.lang.Object, int)'> (0x000000008a57f630) 
thrown [s\open\src\hotspot\share\interpreter\linkResolver.cpp, line 804]
Event: 9.607 Thread 0x000001d279a5f810 Exception <a 'java/lang/NoSuchMethodError'{0x000000008a590fa8}: 'void java.lang.invoke.DirectMethodHandle$Holder.invokeSpecial(java.lang.Object, java.lang.Object, java.lang.Object, int)'> (0x000000008a590fa8) 
thrown [s\open\src\hotspot\share\interpreter\linkResolver.cpp, line 804]
Event: 9.612 Thread 0x000001d279a5f810 Exception <a 'java/lang/NoSuchMethodError'{0x000000008a599340}: 'void java.lang.invoke.DelegatingMethodHandle$Holder.reinvoke_L(java.lang.Object, java.lang.Object, int)'> (0x000000008a599340) 
thrown [s\open\src\hotspot\share\interpreter\linkResolver.cpp, line 804]
Event: 16.942 Thread 0x000001d279a5f810 Implicit null exception at 0x000001d21037691b to 0x000001d2103774a4
Event: 16.942 Thread 0x000001d279a5f810 Implicit null exception at 0x000001d210373d48 to 0x000001d210373f0c
Event: 16.942 Thread 0x000001d279a5f810 Implicit null exception at 0x000001d210361b39 to 0x000001d210362190
Event: 16.945 Thread 0x000001d279a5f810 Exception <a 'java/lang/NoSuchMethodError'{0x000000008b772690}: 'void java.lang.invoke.DirectMethodHandle$Holder.invokeStatic(java.lang.Object, java.lang.Object, java.lang.Object, java.lang.Object)'> (0x000000008b772690) 
thrown [s\open\src\hotspot\share\interpreter\linkResolver.cpp, line 804]
Event: 16.970 Thread 0x000001d279a5f810 Exception <a 'java/lang/NoSuchMethodError'{0x000000008b600128}: 'int java.lang.invoke.DirectMethodHandle$Holder.invokeSpecialIFC(java.lang.Object, java.lang.Object, java.lang.Object, java.lang.Object)'> (0x000000008b600128) 
thrown [s\open\src\hotspot\share\interpreter\linkResolver.cpp, line 804]

VM Operations (20 events):
Event: 7.162 Executing non-safepoint VM operation: HandshakeAllThreads (Deoptimize)
Event: 7.162 Executing non-safepoint VM operation: HandshakeAllThreads (Deoptimize) done
Event: 7.786 Executing non-safepoint VM operation: HandshakeAllThreads (Deoptimize)
Event: 7.786 Executing non-safepoint VM operation: HandshakeAllThreads (Deoptimize) done
Event: 8.279 Executing non-safepoint VM operation: HandshakeAllThreads (Deoptimize)
Event: 8.279 Executing non-safepoint VM operation: HandshakeAllThreads (Deoptimize) done
Event: 8.352 Executing non-safepoint VM operation: HandshakeAllThreads (Deoptimize)
Event: 8.352 Executing non-safepoint VM operation: HandshakeAllThreads (Deoptimize) done
Event: 8.462 Executing non-safepoint VM operation: HandshakeAllThreads (Deoptimize)
Event: 8.462 Executing non-safepoint VM operation: HandshakeAllThreads (Deoptimize) done
Event: 8.535 Executing non-safepoint VM operation: HandshakeAllThreads (Deoptimize)
Event: 8.543 Executing non-safepoint VM operation: HandshakeAllThreads (Deoptimize) done
Event: 8.602 Executing non-safepoint VM operation: HandshakeAllThreads (Deoptimize)
Event: 8.602 Executing non-safepoint VM operation: HandshakeAllThreads (Deoptimize) done
Event: 8.611 Executing non-safepoint VM operation: HandshakeAllThreads (Deoptimize)
Event: 8.611 Executing non-safepoint VM operation: HandshakeAllThreads (Deoptimize) done
Event: 15.869 Executing safepoint VM operation: G1CollectForAllocation (G1 Evacuation Pause)
Event: 15.906 Executing safepoint VM operation: G1CollectForAllocation (G1 Evacuation Pause) done
Event: 26.276 Executing safepoint VM operation: G1CollectForAllocation (G1 Evacuation Pause)
Event: 26.301 Executing safepoint VM operation: G1CollectForAllocation (G1 Evacuation Pause) done

Memory protections (0 events):
No events

Nmethod flushes (0 events):
No events

Events (18 events):
Event: 0.084 Thread 0x000001d279a5f810 Thread added: 0x000001d279a5f810
Event: 0.124 Thread 0x000001d279a5f810 Thread added: 0x000001d27eef86a0
Event: 0.124 Thread 0x000001d279a5f810 Thread added: 0x000001d27eef9dd0
Event: 0.124 Thread 0x000001d279a5f810 Thread added: 0x000001d27eefb900
Event: 0.124 Thread 0x000001d279a5f810 Thread added: 0x000001d27eefd620
Event: 0.124 Thread 0x000001d279a5f810 Thread added: 0x000001d27eefe1e0
Event: 0.125 Thread 0x000001d279a5f810 Thread added: 0x000001d27eefeda0
Event: 0.125 Thread 0x000001d279a5f810 Thread added: 0x000001d27ef040a0
Event: 0.129 Thread 0x000001d279a5f810 Thread added: 0x000001d27ef0ddb0
Event: 0.190 Thread 0x000001d279a5f810 Thread added: 0x000001d21789e840
Event: 0.197 Thread 0x000001d279a5f810 Thread added: 0x000001d2178ae1c0
Event: 0.896 Thread 0x000001d279a5f810 Thread added: 0x000001d217b28660
Event: 2.688 Thread 0x000001d27ef0ddb0 Thread added: 0x000001d21c7c8570
Event: 2.721 Thread 0x000001d27ef0ddb0 Thread added: 0x000001d21c8f0fc0
Event: 3.247 Thread 0x000001d21c8f0fc0 Thread exited: 0x000001d21c8f0fc0
Event: 3.473 Thread 0x000001d217b28660 Thread exited: 0x000001d217b28660
Event: 3.500 Thread 0x000001d21c7c8570 Thread exited: 0x000001d21c7c8570
Event: 8.526 Thread 0x000001d279a5f810 Thread added: 0x000001d27ef776d0


Dynamic libraries:
0x00007ff747410000 - 0x00007ff747420000 	C:\Program Files\Java\jdk-25\bin\java.exe
0x00007ffbc2740000 - 0x00007ffbc29a7000 	C:\WINDOWS\SYSTEM32\ntdll.dll
0x00007ffbc1280000 - 0x00007ffbc1349000 	C:\WINDOWS\System32\KERNEL32.DLL
0x00007ffbbfe10000 - 0x00007ffbc0207000 	C:\WINDOWS\System32\KERNELBASE.dll
0x00007ffbbfc10000 - 0x00007ffbbfd5b000 	C:\WINDOWS\System32\ucrtbase.dll
0x00007ffb9fe20000 - 0x00007ffb9fe37000 	C:\Program Files\Java\jdk-25\bin\jli.dll
0x00007ffbc0600000 - 0x00007ffbc07c6000 	C:\WINDOWS\System32\USER32.dll
0x00007ffbc0490000 - 0x00007ffbc04b7000 	C:\WINDOWS\System32\win32u.dll
0x00007ffbc2640000 - 0x00007ffbc266b000 	C:\WINDOWS\System32\GDI32.dll
0x00007ffbc02d0000 - 0x00007ffbc03fc000 	C:\WINDOWS\System32\gdi32full.dll
0x00007ffbbfd60000 - 0x00007ffbbfe03000 	C:\WINDOWS\System32\msvcp_win.dll
0x00007ffbadf80000 - 0x00007ffbadf9e000 	C:\Program Files\Java\jdk-25\bin\VCRUNTIME140.dll
0x00007ffba2990000 - 0x00007ffba2c22000 	C:\WINDOWS\WinSxS\amd64_microsoft.windows.common-controls_6595b64144ccf1df_6.0.26100.8457_none_3e0b2faee331e92d\COMCTL32.dll
0x00007ffbc1350000 - 0x00007ffbc13f9000 	C:\WINDOWS\System32\msvcrt.dll
0x00007ffbc05c0000 - 0x00007ffbc05f2000 	C:\WINDOWS\System32\IMM32.DLL
0x00007ffb9a270000 - 0x00007ffb9a27c000 	C:\Program Files\Java\jdk-25\bin\vcruntime140_1.dll
0x00007ffb92730000 - 0x00007ffb927bd000 	C:\Program Files\Java\jdk-25\bin\msvcp140.dll
0x00007ffb27770000 - 0x00007ffb285cf000 	C:\Program Files\Java\jdk-25\bin\server\jvm.dll
0x00007ffbc1760000 - 0x00007ffbc1816000 	C:\WINDOWS\System32\ADVAPI32.dll
0x00007ffbc11d0000 - 0x00007ffbc1277000 	C:\WINDOWS\System32\sechost.dll
0x00007ffbc1d10000 - 0x00007ffbc1e28000 	C:\WINDOWS\System32\RPCRT4.dll
0x00007ffbc1e30000 - 0x00007ffbc1eb0000 	C:\WINDOWS\System32\WS2_32.dll
0x00007ffbbeff0000 - 0x00007ffbbf04e000 	C:\WINDOWS\SYSTEM32\POWRPROF.dll
0x00007ffbb4680000 - 0x00007ffbb46b6000 	C:\WINDOWS\SYSTEM32\WINMM.dll
0x00007ffbac300000 - 0x00007ffbac30b000 	C:\WINDOWS\SYSTEM32\VERSION.dll
0x00007ffbbefd0000 - 0x00007ffbbefe4000 	C:\WINDOWS\SYSTEM32\UMPDC.dll
0x00007ffbbdec0000 - 0x00007ffbbdedb000 	C:\WINDOWS\SYSTEM32\kernel.appcore.dll
0x00007ffb98800000 - 0x00007ffb9880a000 	C:\Program Files\Java\jdk-25\bin\jimage.dll
0x00007ffbbd1a0000 - 0x00007ffbbd3e2000 	C:\WINDOWS\SYSTEM32\DBGHELP.DLL
0x00007ffbc1820000 - 0x00007ffbc1ba3000 	C:\WINDOWS\System32\combase.dll
0x00007ffbc1c30000 - 0x00007ffbc1d09000 	C:\WINDOWS\System32\OLEAUT32.dll
0x00007ffb9f3f0000 - 0x00007ffb9f42b000 	C:\WINDOWS\SYSTEM32\dbgcore.DLL
0x00007ffbbfb60000 - 0x00007ffbbfc08000 	C:\WINDOWS\System32\bcryptPrimitives.dll
0x00007ffb98500000 - 0x00007ffb9851f000 	C:\Program Files\Java\jdk-25\bin\java.dll
0x00007ffbc07e0000 - 0x00007ffbc0977000 	C:\WINDOWS\System32\ole32.dll
0x00007ffbc1ec0000 - 0x00007ffbc262e000 	C:\WINDOWS\System32\SHELL32.dll
0x00007ffbbf170000 - 0x00007ffbbf9dc000 	C:\WINDOWS\System32\windows.storage.dll
0x00007ffbc04c0000 - 0x00007ffbc05b6000 	C:\WINDOWS\System32\SHCORE.dll
0x00007ffbc0980000 - 0x00007ffbc09e6000 	C:\WINDOWS\System32\shlwapi.dll
0x00007ffbbf090000 - 0x00007ffbbf0b9000 	C:\WINDOWS\SYSTEM32\profapi.dll
0x00007ffb983c0000 - 0x00007ffb983d2000 	C:\Program Files\Java\jdk-25\bin\net.dll
0x00007ffbbe410000 - 0x00007ffbbe47c000 	C:\WINDOWS\system32\mswsock.dll
0x00007ffb983a0000 - 0x00007ffb983b6000 	C:\Program Files\Java\jdk-25\bin\nio.dll
0x00007ffb98090000 - 0x00007ffb980a7000 	C:\Program Files\Java\jdk-25\bin\zip.dll
0x00007ffb97cb0000 - 0x00007ffb97cd4000 	C:\Program Files\Apache\Maven\lib\jansi-native\Windows\x86_64\jansi.dll
0x00007ffb98610000 - 0x00007ffb98620000 	C:\Program Files\Java\jdk-25\bin\verify.dll

JVMTI agents: none

dbghelp: loaded successfully - version: 4.0.5 - missing functions: none
symbol engine: initialized successfully - sym options: 0x614 - pdb path: .;C:\Program Files\Java\jdk-25\bin;C:\WINDOWS\SYSTEM32;C:\WINDOWS\WinSxS\amd64_microsoft.windows.common-controls_6595b64144ccf1df_6.0.26100.8457_none_3e0b2faee331e92d;C:\Program Files\Java\jdk-25\bin\server;C:\Program Files\Apache\Maven\lib\jansi-native\Windows\x86_64

VM Arguments:
jvm_args: --enable-native-access=ALL-UNNAMED -Dclassworlds.conf=C:\Program Files\Apache\Maven\bin\m2.conf -Dmaven.home=C:\Program Files\Apache\Maven -Dlibrary.jansi.path=C:\Program Files\Apache\Maven\lib\jansi-native -Dmaven.multiModuleProjectDirectory=D:\workspace-spring-tools-for-eclipse-5.0.1.RELEASE\OnlineLearningManagementSystem\backend\payment-service 
java_command: org.codehaus.plexus.classworlds.launcher.Launcher spring-boot:run
java_class_path (initial): C:\Program Files\Apache\Maven\boot\plexus-classworlds-2.9.0.jar
Launcher Type: SUN_STANDARD

[Global flags]
     intx CICompilerCount                          = 4                                         {product} {ergonomic}
     uint ConcGCThreads                            = 2                                         {product} {ergonomic}
     uint G1ConcRefinementThreads                  = 8                                         {product} {ergonomic}
   size_t G1HeapRegionSize                         = 1048576                                   {product} {ergonomic}
   size_t InitialHeapSize                          = 130023424                                 {product} {ergonomic}
   size_t MarkStackSize                            = 4194304                                   {product} {ergonomic}
   size_t MarkStackSizeMax                         = 536870912                                 {product} {ergonomic}
   size_t MaxHeapSize                              = 2080374784                                {product} {ergonomic}
   size_t MaxNewSize                               = 1247805440                                {product} {ergonomic}
   size_t MinHeapDeltaBytes                        = 1048576                                   {product} {ergonomic}
   size_t MinHeapSize                              = 8388608                                   {product} {ergonomic}
    uintx NonNMethodCodeHeapSize                   = 5832704                                {pd product} {ergonomic}
    uintx NonProfiledCodeHeapSize                  = 122945536                              {pd product} {ergonomic}
    uintx ProfiledCodeHeapSize                     = 122880000                              {pd product} {ergonomic}
    uintx ReservedCodeCacheSize                    = 251658240                              {pd product} {ergonomic}
     bool SegmentedCodeCache                       = true                                      {product} {ergonomic}
   size_t SoftMaxHeapSize                          = 2080374784                             {manageable} {ergonomic}
     bool UseCompressedOops                        = true                           {product lp64_product} {ergonomic}
     bool UseG1GC                                  = true                                      {product} {ergonomic}
     bool UseLargePagesIndividualAllocation        = false                                  {pd product} {ergonomic}

Logging:
Log output configuration:
 #0: stdout all=warning uptime,level,tags foldmultilines=false
 #1: stderr all=off uptime,level,tags foldmultilines=false

Release file:
IMPLEMENTOR="Oracle Corporation" 
JAVA_RUNTIME_VERSION="25.0.1+8-LTS-27" 
JAVA_VERSION="25.0.1" 
JAVA_VERSION_DATE="2025-10-21" 
LIBC="default" 
MODULES="java.base java.compiler java.datatransfer java.xml java.prefs java.desktop java.instrument java.logging java.management java.security.sasl java.naming java.rmi java.management.rmi java.net.http java.scripting java.security.jgss java.transaction.xa java.sql java.sql.rowset java.xml.crypto java.se java.smartcardio jdk.accessibility jdk.internal.jvmstat jdk.attach jdk.charsets jdk.internal.opt jdk.zipfs jdk.compiler jdk.crypto.cryptoki jdk.crypto.ec jdk.crypto.mscapi jdk.dynalink jdk.internal.ed jdk.editpad jdk.internal.vm.ci jdk.graal.compiler jdk.graal.compiler.management jdk.hotspot.agent jdk.httpserver jdk.incubator.vector jdk.internal.le jdk.internal.md jdk.jartool jdk.javadoc jdk.jcmd jdk.management jdk.management.agent jdk.jconsole jdk.jdeps jdk.jdwp.agent jdk.jdi jdk.jfr jdk.jlink jdk.jpackage jdk.jshell jdk.jsobject jdk.jstatd jdk.localedata jdk.management.jfr jdk.naming.dns jdk.naming.rmi jdk.net jdk.nio.mapmode jdk.sctp jdk.security.auth jdk.security.jgss jdk.unsupported jdk.unsupported.desktop jdk.xml.dom" 
OS_ARCH="x86_64" 
OS_NAME="Windows" 
SOURCE=".:git:862c85bc42b7 open:git:78770bfaefd2" 

Environment Variables:
PATH=C:\Program Files\Common Files\Oracle\Java\javapath;C:\WINDOWS\system32;C:\WINDOWS;C:\WINDOWS\System32\Wbem;C:\WINDOWS\System32\WindowsPowerShell\v1.0\;C:\WINDOWS\System32\OpenSSH\;C:\Program Files\MySQL\MySQL Server 8.0\bin;C:\Program Files\Python313;C:\Program Files\Python313\Scripts;C:\Program Files (x86)\cloudflared\;C:\Program Files\Git\cmd;C:\Program Files\nodejs\;C:\Program Files\Apache\Maven\bin;C:\Program Files\Apache\Maven\bin;d:\cursor\resources\app\codeBin;C:\Program Files\Common Files\Oracle\Java\javapath;C:\Program Files\Eclipse Adoptium\jdk-21.0.5.11-hotspot\bin;C:\Program Files (x86)\Common Files\Oracle\Java\javapath;C:\WINDOWS\system32;C:\WINDOWS;C:\WINDOWS\System32\Wbem;C:\WINDOWS\System32\WindowsPowerShell\v1.0\;C:\WINDOWS\System32\OpenSSH\;C:\Program Files\MySQL\MySQL Server 8.0\bin;C:\Program Files\Python313;C:\Program Files\Python313\Scripts;C:\Program Files (x86)\cloudflared\;C:\Program Files\Git\cmd;C:\Program Files\nodejs\;C:\Program Files\Apache\Maven\bin;C:\Program Files\Apache\Maven\bin;C:\Program Files\MySQL\MySQL Shell 8.0\bin\;C:\Users\ASHLESH SHUKLA\AppData\Local\Microsoft\WindowsApps;C:\MinGW\bin;C:\Users\ASHLESH SHUKLA\AppData\Local\Microsoft\WinGet\Packages\Schniz.fnm_Microsoft.Winget.Source_8wekyb3d8bbwe;C:\Users\ASHLESH SHUKLA\AppData\Roaming\npm;C:\Program Files\JetBrains\IntelliJ IDEA 2026.1\bin;D:\workspace-spring-tools-for-eclipse-5.0.1.RELEASE\OnlineLearningManagementSystem-Backend\apache-maven-3.8.1\bin;D:\workspace-spring-tools-for-eclipse-5.0.1.RELEASE\OnlineLearningManagementSystem\OnlineLearningManagementSystem-Backend\apache-maven-3.8.1\bin;C:\Users\ASHLESH SHUKLA\AppData\Local\Microsoft\WindowsApps;D:\Essential\Microsoft VS Code\bin;C:\Users\ASHLESH SHUKLA\AppData\Local\Programs\cursor\resources\app\bin;D:\Essential\Antigravity\bin
USERNAME=ASHLESH SHUKLA
LANG=en_US.UTF-8
OS=Windows_NT
PROCESSOR_IDENTIFIER=Intel64 Family 6 Model 140 Stepping 1, GenuineIntel
TMP=C:\Users\ASHLES~1\AppData\Local\Temp
TEMP=C:\Users\ASHLES~1\AppData\Local\Temp




Compilation memory statistics disabled.

Periodic native trim disabled

---------------  S Y S T E M  ---------------

OS:
 Windows 11 , 64 bit Build 26100 (10.0.26100.8328)
OS uptime: 0 days 1:39 hours
Hyper-V role detected

CPU: total 8 (initial active 8) (4 cores per cpu, 2 threads per core) family 6 model 140 stepping 1 microcode 0xbe, cx8, cmov, fxsr, ht, mmx, 3dnowpref, sse, sse2, sse3, ssse3, sse4.1, sse4.2, popcnt, lzcnt, tsc, tscinvbit, avx, avx2, aes, erms, clmul, bmi1, bmi2, adx, avx512f, avx512dq, avx512cd, avx512bw, avx512vl, sha, fma, vzeroupper, avx512_vpopcntdq, avx512_vpclmulqdq, avx512_vaes, avx512_vnni, clflush, clflushopt, clwb, avx512_vbmi2, avx512_vbmi, hv, rdtscp, rdpid, fsrm, gfni, avx512_bitalg, f16c, cet_ibt, cet_ss, avx512_ifma
Processor Information for the first 8 processors :
  Max Mhz: 1382, Current Mhz: 1382, Mhz Limit: 1382

Memory: 4k page, system-wide physical 7930M (214M free)
TotalPageFile size 26540M (AvailPageFile size 102M)
current process WorkingSet (physical memory assigned to process): 136M, peak: 142M
current process commit charge ("private bytes"): 253M, peak: 276M

vm_info: Java HotSpot(TM) 64-Bit Server VM (25.0.1+8-LTS-27) for windows-amd64 JRE (25.0.1+8-LTS-27), built on 2025-09-25T16:41:16Z with unknown MS VC++:1943

END.
