#
# There is insufficient memory for the Java Runtime Environment to continue.
# Native memory allocation (malloc) failed to allocate 6597784 bytes. Error detail: Chunk::new
# Possible reasons:
#   The system is out of physical RAM or swap space
#   This process is running with CompressedOops enabled, and the Java Heap may be blocking the growth of the native heap
# Possible solutions:
#   Reduce memory load on the system
#   Increase physical memory or swap space
#   Check if swap backing store is full
#   Decrease Java heap size (-Xmx/-Xms)
#   Decrease number of Java threads
#   Decrease Java thread stack sizes (-Xss)
#   Set larger code cache with -XX:ReservedCodeCacheSize=
#   JVM is running with Unscaled Compressed Oops mode in which the Java heap is
#     placed in the first 4GB address space. The Java Heap base address is the
#     maximum limit for the native heap growth. Please use -XX:HeapBaseMinAddress
#     to set the Java Heap base and to place the Java Heap above 4GB virtual address.
# This output file may be truncated or incomplete.
#
#  Out of Memory Error (arena.cpp:186), pid=25960, tid=24324
#
# JRE version: Java(TM) SE Runtime Environment (25.0.1+8) (build 25.0.1+8-LTS-27)
# Java VM: Java HotSpot(TM) 64-Bit Server VM (25.0.1+8-LTS-27, mixed mode, sharing, tiered, compressed oops, compressed class ptrs, g1 gc, windows-amd64)
# No core dump will be written. Minidumps are not enabled by default on client versions of Windows
#

---------------  S U M M A R Y ------------

Command Line: --enable-native-access=ALL-UNNAMED -Dclassworlds.conf=C:\Program Files\Apache\Maven\bin\m2.conf -Dmaven.home=C:\Program Files\Apache\Maven -Dlibrary.jansi.path=C:\Program Files\Apache\Maven\lib\jansi-native -Dmaven.multiModuleProjectDirectory=D:\workspace-spring-tools-for-eclipse-5.0.1.RELEASE\OnlineLearningManagementSystem\backend\course-service org.codehaus.plexus.classworlds.launcher.Launcher spring-boot:run

Host: 11th Gen Intel(R) Core(TM) i5-1135G7 @ 2.40GHz, 8 cores, 7G,  Windows 11 , 64 bit Build 26100 (10.0.26100.8328)
Time: Fri May 15 01:41:32 2026 India Standard Time elapsed time: 53.719282 seconds (0d 0h 0m 53s)

---------------  T H R E A D  ---------------

Current thread (0x000001c3efa241a0):  JavaThread "C2 CompilerThread0" daemon [_thread_in_native, id=24324, stack(0x0000002656300000,0x0000002656400000) (1024K)]


Current CompileTask:
C2:53719 5436 %     4       org.codehaus.plexus.util.xml.Xpp3DomBuilder::build @ 28 (413 bytes)

Stack: [0x0000002656300000,0x0000002656400000]
Native frames: (J=compiled Java code, j=interpreted, Vv=VM code, C=native code)
V  [jvm.dll+0x7a6b59]  (no source info available)
V  [jvm.dll+0x77290d]  (no source info available)
V  [jvm.dll+0x966153]  (no source info available)
V  [jvm.dll+0x968751]  (no source info available)
V  [jvm.dll+0x968e53]  (no source info available)
V  [jvm.dll+0x2fc756]  (no source info available)
V  [jvm.dll+0x111b26]  (no source info available)
V  [jvm.dll+0x111e4e]  (no source info available)
V  [jvm.dll+0x1a0a22]  (no source info available)
V  [jvm.dll+0x3b53c2]  (no source info available)
V  [jvm.dll+0x7ac4ef]  (no source info available)
V  [jvm.dll+0x2c0ac7]  (no source info available)
V  [jvm.dll+0x2bfa8f]  (no source info available)
V  [jvm.dll+0x237b60]  (no source info available)
V  [jvm.dll+0x2cfb56]  (no source info available)
V  [jvm.dll+0x2cddd5]  (no source info available)
V  [jvm.dll+0x48e6d1]  (no source info available)
V  [jvm.dll+0x906a0d]  (no source info available)
V  [jvm.dll+0x7a5135]  (no source info available)
C  [ucrtbase.dll+0x37b0]  (no source info available)
C  [KERNEL32.DLL+0x2e957]  (no source info available)
C  [ntdll.dll+0x427c]  (no source info available)

Lock stack of current Java thread (top to bottom):


---------------  P R O C E S S  ---------------

Threads class SMR info:
_java_thread_list=0x000001c3f4d97e60, length=12, elements={
0x000001c3d0af6cb0, 0x000001c3efa16b90, 0x000001c3efa1a2d0, 0x000001c3efa1be00,
0x000001c3efa1db20, 0x000001c3efa1e6e0, 0x000001c3efa1f2a0, 0x000001c3efa241a0,
0x000001c3efa2abc0, 0x000001c3efb8b4b0, 0x000001c3efb93d50, 0x000001c3efaaab50
}

Java Threads: ( => current thread )
  0x000001c3d0af6cb0 JavaThread "main"                              [_thread_in_vm, id=26172, stack(0x0000002655500000,0x0000002655600000) (1024K)]
  0x000001c3efa16b90 JavaThread "Reference Handler"          daemon [_thread_blocked, id=16352, stack(0x0000002655d00000,0x0000002655e00000) (1024K)]
  0x000001c3efa1a2d0 JavaThread "Finalizer"                  daemon [_thread_blocked, id=1476, stack(0x0000002655e00000,0x0000002655f00000) (1024K)]
  0x000001c3efa1be00 JavaThread "Signal Dispatcher"          daemon [_thread_blocked, id=26692, stack(0x0000002655f00000,0x0000002656000000) (1024K)]
  0x000001c3efa1db20 JavaThread "Attach Listener"            daemon [_thread_blocked, id=11832, stack(0x0000002656000000,0x0000002656100000) (1024K)]
  0x000001c3efa1e6e0 JavaThread "Service Thread"             daemon [_thread_blocked, id=16888, stack(0x0000002656100000,0x0000002656200000) (1024K)]
  0x000001c3efa1f2a0 JavaThread "Monitor Deflation Thread"   daemon [_thread_blocked, id=26944, stack(0x0000002656200000,0x0000002656300000) (1024K)]
=>0x000001c3efa241a0 JavaThread "C2 CompilerThread0"         daemon [_thread_in_native, id=24324, stack(0x0000002656300000,0x0000002656400000) (1024K)]
  0x000001c3efa2abc0 JavaThread "C1 CompilerThread0"         daemon [_thread_blocked, id=27336, stack(0x0000002656400000,0x0000002656500000) (1024K)]
  0x000001c3efb8b4b0 JavaThread "Notification Thread"        daemon [_thread_blocked, id=18196, stack(0x0000002656500000,0x0000002656600000) (1024K)]
  0x000001c3efb93d50 JavaThread "Common-Cleaner"             daemon [_thread_blocked, id=16316, stack(0x0000002656600000,0x0000002656700000) (1024K)]
  0x000001c3efaaab50 JavaThread "Thread-1"                   daemon [_thread_blocked, id=27068, stack(0x0000002656b00000,0x0000002656c00000) (1024K)]
Total: 12

Other Threads:
  0x000001c3efa00c70 VMThread "VM Thread"                           [id=9764, stack(0x0000002655c00000,0x0000002655d00000) (1024K)]
  0x000001c3ef9f1400 WatcherThread "VM Periodic Task Thread"        [id=25412, stack(0x0000002655b00000,0x0000002655c00000) (1024K)]
  0x000001c3d2e1ac10 WorkerThread "GC Thread#0"                     [id=7780, stack(0x0000002655600000,0x0000002655700000) (1024K)]
  0x000001c3f4acd510 WorkerThread "GC Thread#1"                     [id=26000, stack(0x0000002656700000,0x0000002656800000) (1024K)]
  0x000001c3f49db770 WorkerThread "GC Thread#2"                     [id=26796, stack(0x0000002656800000,0x0000002656900000) (1024K)]
  0x000001c3f4cf98b0 WorkerThread "GC Thread#3"                     [id=16672, stack(0x0000002656900000,0x0000002656a00000) (1024K)]
  0x000001c3f4cf9ce0 WorkerThread "GC Thread#4"                     [id=14780, stack(0x0000002656a00000,0x0000002656b00000) (1024K)]
  0x000001c3efe778e0 WorkerThread "GC Thread#5"                     [id=8832, stack(0x0000002655300000,0x0000002655400000) (1024K)]
  0x000001c3efe785d0 WorkerThread "GC Thread#6"                     [id=19524, stack(0x0000002656c00000,0x0000002656d00000) (1024K)]
  0x000001c3efe78a20 WorkerThread "GC Thread#7"                     [id=8516, stack(0x0000002656d00000,0x0000002656e00000) (1024K)]
  0x000001c3d2e32ee0 ConcurrentGCThread "G1 Main Marker"            [id=23060, stack(0x0000002655700000,0x0000002655800000) (1024K)]
  0x000001c3d2e33880 WorkerThread "G1 Conc#0"                       [id=27564, stack(0x0000002655800000,0x0000002655900000) (1024K)]
  0x000001c3d2e7e190 ConcurrentGCThread "G1 Refine#0"               [id=25636, stack(0x0000002655900000,0x0000002655a00000) (1024K)]
  0x000001c3ef8c0080 ConcurrentGCThread "G1 Service"                [id=22748, stack(0x0000002655a00000,0x0000002655b00000) (1024K)]
Total: 14

Threads with active compile tasks:
C2 CompilerThread0  53906 5436 %     4       org.codehaus.plexus.util.xml.Xpp3DomBuilder::build @ 28 (413 bytes)
Total: 1

VM state: not at safepoint (normal execution)

VM Mutex/Monitor currently owned by a thread: None

Heap address: 0x0000000084000000, size: 1984 MB, Compressed Oops mode: 32-bit

CDS archive(s) mapped at: [0x000000001b000000-0x000000001bdd0000-0x000000001bdd0000), size 14483456, SharedBaseAddress: 0x000000001b000000, ArchiveRelocationMode: 1.
Compressed class space mapped at: 0x000000001c000000-0x000000005c000000, reserved size: 1073741824
UseCompressedClassPointers 1, UseCompactObjectHeaders 0
Narrow klass pointer bits 32, Max shift 3
Narrow klass base: 0x000000001b000000, Narrow klass shift: 0
Encoding Range: [0x000000001b000000 - 0x000000011b000000), (4294967296 bytes)
Klass Range:    [0x000000001b010000 - 0x000000005c000000), (1090453504 bytes)
Klass ID Range:  [65536 - 1090519033) (1090453497)
Protection zone: [0x000000001b000000 - 0x000000001b010000), (65536 bytes)

GC Precious Log:
 CardTable entry size: 512
 Card Set container configuration: InlinePtr #cards 5 size 8 Array Of Cards #cards 10 size 36 Howl #buckets 4 coarsen threshold 1843 Howl Bitmap #cards 512 size 80 coarsen threshold 460 Card regions per heap region 1 cards per card region 2048
 CPUs: 8 total, 8 available
 Memory: 7930M
 Large Page Support: Disabled
 NUMA Support: Disabled
 Compressed Oops: Enabled (32-bit)
 Heap Region Size: 1M
 Heap Min Capacity: 8M
 Heap Initial Capacity: 124M
 Heap Max Capacity: 1984M
 Pre-touch: Disabled
 Parallel Workers: 8
 Concurrent Workers: 2
 Concurrent Refinement Workers: 8
 Periodic GC: Disabled

Heap:
 garbage-first heap   total reserved 2031616K, committed 129024K, used 46673K [0x0000000084000000, 0x0000000100000000)
  region size 1024K, 35 young (35840K), 5 survivors (5120K)

Heap Regions: E=young(eden), S=young(survivor), O=old, HS=humongous(starts), HC=humongous(continues), CS=collection set, F=free, TAMS=top-at-mark-start, PB=parsable bottom
|   0|0x0000000084000000, 0x0000000084100000, 0x0000000084100000|100%| O|  |TAMS 0x0000000084000000| PB 0x0000000084000000| Untracked |  0
|   1|0x0000000084100000, 0x0000000084200000, 0x0000000084200000|100%| O|  |TAMS 0x0000000084100000| PB 0x0000000084100000| Untracked |  0
|   2|0x0000000084200000, 0x0000000084300000, 0x0000000084300000|100%| O|  |TAMS 0x0000000084200000| PB 0x0000000084200000| Untracked |  0
|   3|0x0000000084300000, 0x0000000084400000, 0x0000000084400000|100%| O|  |TAMS 0x0000000084300000| PB 0x0000000084300000| Untracked |  0
|   4|0x0000000084400000, 0x0000000084500000, 0x0000000084500000|100%| O|  |TAMS 0x0000000084400000| PB 0x0000000084400000| Untracked |  0
|   5|0x0000000084500000, 0x0000000084600000, 0x0000000084600000|100%| O|  |TAMS 0x0000000084500000| PB 0x0000000084500000| Untracked |  0
|   6|0x0000000084600000, 0x0000000084700000, 0x0000000084700000|100%| O|  |TAMS 0x0000000084600000| PB 0x0000000084600000| Untracked |  0
|   7|0x0000000084700000, 0x0000000084800000, 0x0000000084800000|100%| O|  |TAMS 0x0000000084700000| PB 0x0000000084700000| Untracked |  0
|   8|0x0000000084800000, 0x0000000084900000, 0x0000000084900000|100%| O|  |TAMS 0x0000000084800000| PB 0x0000000084800000| Untracked |  0
|   9|0x0000000084900000, 0x0000000084a00000, 0x0000000084a00000|100%| O|  |TAMS 0x0000000084900000| PB 0x0000000084900000| Untracked |  0
|  10|0x0000000084a00000, 0x0000000084ab4440, 0x0000000084b00000| 70%| O|  |TAMS 0x0000000084a00000| PB 0x0000000084a00000| Untracked |  0
|  11|0x0000000084b00000, 0x0000000084b00000, 0x0000000084c00000|  0%| F|  |TAMS 0x0000000084b00000| PB 0x0000000084b00000| Untracked |  0
|  12|0x0000000084c00000, 0x0000000084c00000, 0x0000000084d00000|  0%| F|  |TAMS 0x0000000084c00000| PB 0x0000000084c00000| Untracked |  0
|  13|0x0000000084d00000, 0x0000000084d00000, 0x0000000084e00000|  0%| F|  |TAMS 0x0000000084d00000| PB 0x0000000084d00000| Untracked |  0
|  14|0x0000000084e00000, 0x0000000084e00000, 0x0000000084f00000|  0%| F|  |TAMS 0x0000000084e00000| PB 0x0000000084e00000| Untracked |  0
|  15|0x0000000084f00000, 0x0000000084f00000, 0x0000000085000000|  0%| F|  |TAMS 0x0000000084f00000| PB 0x0000000084f00000| Untracked |  0
|  16|0x0000000085000000, 0x0000000085000000, 0x0000000085100000|  0%| F|  |TAMS 0x0000000085000000| PB 0x0000000085000000| Untracked |  0
|  17|0x0000000085100000, 0x0000000085100000, 0x0000000085200000|  0%| F|  |TAMS 0x0000000085100000| PB 0x0000000085100000| Untracked |  0
|  18|0x0000000085200000, 0x0000000085200000, 0x0000000085300000|  0%| F|  |TAMS 0x0000000085200000| PB 0x0000000085200000| Untracked |  0
|  19|0x0000000085300000, 0x0000000085300000, 0x0000000085400000|  0%| F|  |TAMS 0x0000000085300000| PB 0x0000000085300000| Untracked |  0
|  20|0x0000000085400000, 0x0000000085400000, 0x0000000085500000|  0%| F|  |TAMS 0x0000000085400000| PB 0x0000000085400000| Untracked |  0
|  21|0x0000000085500000, 0x0000000085500000, 0x0000000085600000|  0%| F|  |TAMS 0x0000000085500000| PB 0x0000000085500000| Untracked |  0
|  22|0x0000000085600000, 0x0000000085600000, 0x0000000085700000|  0%| F|  |TAMS 0x0000000085600000| PB 0x0000000085600000| Untracked |  0
|  23|0x0000000085700000, 0x0000000085700000, 0x0000000085800000|  0%| F|  |TAMS 0x0000000085700000| PB 0x0000000085700000| Untracked |  0
|  24|0x0000000085800000, 0x0000000085800000, 0x0000000085900000|  0%| F|  |TAMS 0x0000000085800000| PB 0x0000000085800000| Untracked |  0
|  25|0x0000000085900000, 0x0000000085900000, 0x0000000085a00000|  0%| F|  |TAMS 0x0000000085900000| PB 0x0000000085900000| Untracked |  0
|  26|0x0000000085a00000, 0x0000000085a00000, 0x0000000085b00000|  0%| F|  |TAMS 0x0000000085a00000| PB 0x0000000085a00000| Untracked |  0
|  27|0x0000000085b00000, 0x0000000085b00000, 0x0000000085c00000|  0%| F|  |TAMS 0x0000000085b00000| PB 0x0000000085b00000| Untracked |  0
|  28|0x0000000085c00000, 0x0000000085c00000, 0x0000000085d00000|  0%| F|  |TAMS 0x0000000085c00000| PB 0x0000000085c00000| Untracked |  0
|  29|0x0000000085d00000, 0x0000000085d00000, 0x0000000085e00000|  0%| F|  |TAMS 0x0000000085d00000| PB 0x0000000085d00000| Untracked |  0
|  30|0x0000000085e00000, 0x0000000085e00000, 0x0000000085f00000|  0%| F|  |TAMS 0x0000000085e00000| PB 0x0000000085e00000| Untracked |  0
|  31|0x0000000085f00000, 0x0000000085f00000, 0x0000000086000000|  0%| F|  |TAMS 0x0000000085f00000| PB 0x0000000085f00000| Untracked |  0
|  32|0x0000000086000000, 0x0000000086000000, 0x0000000086100000|  0%| F|  |TAMS 0x0000000086000000| PB 0x0000000086000000| Untracked |  0
|  33|0x0000000086100000, 0x0000000086100000, 0x0000000086200000|  0%| F|  |TAMS 0x0000000086100000| PB 0x0000000086100000| Untracked |  0
|  34|0x0000000086200000, 0x0000000086200000, 0x0000000086300000|  0%| F|  |TAMS 0x0000000086200000| PB 0x0000000086200000| Untracked |  0
|  35|0x0000000086300000, 0x0000000086300000, 0x0000000086400000|  0%| F|  |TAMS 0x0000000086300000| PB 0x0000000086300000| Untracked |  0
|  36|0x0000000086400000, 0x0000000086400000, 0x0000000086500000|  0%| F|  |TAMS 0x0000000086400000| PB 0x0000000086400000| Untracked |  0
|  37|0x0000000086500000, 0x0000000086500000, 0x0000000086600000|  0%| F|  |TAMS 0x0000000086500000| PB 0x0000000086500000| Untracked |  0
|  38|0x0000000086600000, 0x0000000086600000, 0x0000000086700000|  0%| F|  |TAMS 0x0000000086600000| PB 0x0000000086600000| Untracked |  0
|  39|0x0000000086700000, 0x0000000086700000, 0x0000000086800000|  0%| F|  |TAMS 0x0000000086700000| PB 0x0000000086700000| Untracked |  0
|  40|0x0000000086800000, 0x0000000086800000, 0x0000000086900000|  0%| F|  |TAMS 0x0000000086800000| PB 0x0000000086800000| Untracked |  0
|  41|0x0000000086900000, 0x0000000086900000, 0x0000000086a00000|  0%| F|  |TAMS 0x0000000086900000| PB 0x0000000086900000| Untracked |  0
|  42|0x0000000086a00000, 0x0000000086a00000, 0x0000000086b00000|  0%| F|  |TAMS 0x0000000086a00000| PB 0x0000000086a00000| Untracked |  0
|  43|0x0000000086b00000, 0x0000000086b00000, 0x0000000086c00000|  0%| F|  |TAMS 0x0000000086b00000| PB 0x0000000086b00000| Untracked |  0
|  44|0x0000000086c00000, 0x0000000086c00000, 0x0000000086d00000|  0%| F|  |TAMS 0x0000000086c00000| PB 0x0000000086c00000| Untracked |  0
|  45|0x0000000086d00000, 0x0000000086d00000, 0x0000000086e00000|  0%| F|  |TAMS 0x0000000086d00000| PB 0x0000000086d00000| Untracked |  0
|  46|0x0000000086e00000, 0x0000000086e00000, 0x0000000086f00000|  0%| F|  |TAMS 0x0000000086e00000| PB 0x0000000086e00000| Untracked |  0
|  47|0x0000000086f00000, 0x0000000086f00000, 0x0000000087000000|  0%| F|  |TAMS 0x0000000086f00000| PB 0x0000000086f00000| Untracked |  0
|  48|0x0000000087000000, 0x0000000087000000, 0x0000000087100000|  0%| F|  |TAMS 0x0000000087000000| PB 0x0000000087000000| Untracked |  0
|  49|0x0000000087100000, 0x0000000087100000, 0x0000000087200000|  0%| F|  |TAMS 0x0000000087100000| PB 0x0000000087100000| Untracked |  0
|  50|0x0000000087200000, 0x0000000087200000, 0x0000000087300000|  0%| F|  |TAMS 0x0000000087200000| PB 0x0000000087200000| Untracked |  0
|  51|0x0000000087300000, 0x0000000087300000, 0x0000000087400000|  0%| F|  |TAMS 0x0000000087300000| PB 0x0000000087300000| Untracked |  0
|  52|0x0000000087400000, 0x0000000087400000, 0x0000000087500000|  0%| F|  |TAMS 0x0000000087400000| PB 0x0000000087400000| Untracked |  0
|  53|0x0000000087500000, 0x0000000087500000, 0x0000000087600000|  0%| F|  |TAMS 0x0000000087500000| PB 0x0000000087500000| Untracked |  0
|  54|0x0000000087600000, 0x00000000876ba950, 0x0000000087700000| 72%| S|CS|TAMS 0x0000000087600000| PB 0x0000000087600000| Complete |  0
|  55|0x0000000087700000, 0x0000000087800000, 0x0000000087800000|100%| S|CS|TAMS 0x0000000087700000| PB 0x0000000087700000| Complete |  0
|  56|0x0000000087800000, 0x0000000087900000, 0x0000000087900000|100%| S|CS|TAMS 0x0000000087800000| PB 0x0000000087800000| Complete |  0
|  57|0x0000000087900000, 0x0000000087a00000, 0x0000000087a00000|100%| S|CS|TAMS 0x0000000087900000| PB 0x0000000087900000| Complete |  0
|  58|0x0000000087a00000, 0x0000000087b00000, 0x0000000087b00000|100%| S|CS|TAMS 0x0000000087a00000| PB 0x0000000087a00000| Complete |  0
|  59|0x0000000087b00000, 0x0000000087b00000, 0x0000000087c00000|  0%| F|  |TAMS 0x0000000087b00000| PB 0x0000000087b00000| Untracked |  0
|  60|0x0000000087c00000, 0x0000000087c00000, 0x0000000087d00000|  0%| F|  |TAMS 0x0000000087c00000| PB 0x0000000087c00000| Untracked |  0
|  61|0x0000000087d00000, 0x0000000087d00000, 0x0000000087e00000|  0%| F|  |TAMS 0x0000000087d00000| PB 0x0000000087d00000| Untracked |  0
|  62|0x0000000087e00000, 0x0000000087e00000, 0x0000000087f00000|  0%| F|  |TAMS 0x0000000087e00000| PB 0x0000000087e00000| Untracked |  0
|  63|0x0000000087f00000, 0x0000000087f00000, 0x0000000088000000|  0%| F|  |TAMS 0x0000000087f00000| PB 0x0000000087f00000| Untracked |  0
|  64|0x0000000088000000, 0x0000000088000000, 0x0000000088100000|  0%| F|  |TAMS 0x0000000088000000| PB 0x0000000088000000| Untracked |  0
|  65|0x0000000088100000, 0x0000000088100000, 0x0000000088200000|  0%| F|  |TAMS 0x0000000088100000| PB 0x0000000088100000| Untracked |  0
|  66|0x0000000088200000, 0x0000000088200000, 0x0000000088300000|  0%| F|  |TAMS 0x0000000088200000| PB 0x0000000088200000| Untracked |  0
|  67|0x0000000088300000, 0x0000000088300000, 0x0000000088400000|  0%| F|  |TAMS 0x0000000088300000| PB 0x0000000088300000| Untracked |  0
|  68|0x0000000088400000, 0x0000000088400000, 0x0000000088500000|  0%| F|  |TAMS 0x0000000088400000| PB 0x0000000088400000| Untracked |  0
|  69|0x0000000088500000, 0x0000000088500000, 0x0000000088600000|  0%| F|  |TAMS 0x0000000088500000| PB 0x0000000088500000| Untracked |  0
|  70|0x0000000088600000, 0x0000000088600000, 0x0000000088700000|  0%| F|  |TAMS 0x0000000088600000| PB 0x0000000088600000| Untracked |  0
|  71|0x0000000088700000, 0x0000000088700000, 0x0000000088800000|  0%| F|  |TAMS 0x0000000088700000| PB 0x0000000088700000| Untracked |  0
|  72|0x0000000088800000, 0x0000000088800000, 0x0000000088900000|  0%| F|  |TAMS 0x0000000088800000| PB 0x0000000088800000| Untracked |  0
|  73|0x0000000088900000, 0x0000000088900000, 0x0000000088a00000|  0%| F|  |TAMS 0x0000000088900000| PB 0x0000000088900000| Untracked |  0
|  74|0x0000000088a00000, 0x0000000088a00000, 0x0000000088b00000|  0%| F|  |TAMS 0x0000000088a00000| PB 0x0000000088a00000| Untracked |  0
|  75|0x0000000088b00000, 0x0000000088b00000, 0x0000000088c00000|  0%| F|  |TAMS 0x0000000088b00000| PB 0x0000000088b00000| Untracked |  0
|  76|0x0000000088c00000, 0x0000000088c00000, 0x0000000088d00000|  0%| F|  |TAMS 0x0000000088c00000| PB 0x0000000088c00000| Untracked |  0
|  77|0x0000000088d00000, 0x0000000088d00000, 0x0000000088e00000|  0%| F|  |TAMS 0x0000000088d00000| PB 0x0000000088d00000| Untracked |  0
|  78|0x0000000088e00000, 0x0000000088e00000, 0x0000000088f00000|  0%| F|  |TAMS 0x0000000088e00000| PB 0x0000000088e00000| Untracked |  0
|  79|0x0000000088f00000, 0x0000000088f00000, 0x0000000089000000|  0%| F|  |TAMS 0x0000000088f00000| PB 0x0000000088f00000| Untracked |  0
|  80|0x0000000089000000, 0x0000000089000000, 0x0000000089100000|  0%| F|  |TAMS 0x0000000089000000| PB 0x0000000089000000| Untracked |  0
|  81|0x0000000089100000, 0x0000000089100000, 0x0000000089200000|  0%| F|  |TAMS 0x0000000089100000| PB 0x0000000089100000| Untracked |  0
|  82|0x0000000089200000, 0x0000000089200000, 0x0000000089300000|  0%| F|  |TAMS 0x0000000089200000| PB 0x0000000089200000| Untracked |  0
|  83|0x0000000089300000, 0x0000000089300000, 0x0000000089400000|  0%| F|  |TAMS 0x0000000089300000| PB 0x0000000089300000| Untracked |  0
|  84|0x0000000089400000, 0x0000000089400000, 0x0000000089500000|  0%| F|  |TAMS 0x0000000089400000| PB 0x0000000089400000| Untracked |  0
|  85|0x0000000089500000, 0x0000000089500000, 0x0000000089600000|  0%| F|  |TAMS 0x0000000089500000| PB 0x0000000089500000| Untracked |  0
|  86|0x0000000089600000, 0x0000000089600000, 0x0000000089700000|  0%| F|  |TAMS 0x0000000089600000| PB 0x0000000089600000| Untracked |  0
|  87|0x0000000089700000, 0x0000000089700000, 0x0000000089800000|  0%| F|  |TAMS 0x0000000089700000| PB 0x0000000089700000| Untracked |  0
|  88|0x0000000089800000, 0x0000000089800000, 0x0000000089900000|  0%| F|  |TAMS 0x0000000089800000| PB 0x0000000089800000| Untracked |  0
|  89|0x0000000089900000, 0x0000000089900000, 0x0000000089a00000|  0%| F|  |TAMS 0x0000000089900000| PB 0x0000000089900000| Untracked |  0
|  90|0x0000000089a00000, 0x0000000089a00000, 0x0000000089b00000|  0%| F|  |TAMS 0x0000000089a00000| PB 0x0000000089a00000| Untracked |  0
|  91|0x0000000089b00000, 0x0000000089b00000, 0x0000000089c00000|  0%| F|  |TAMS 0x0000000089b00000| PB 0x0000000089b00000| Untracked |  0
|  92|0x0000000089c00000, 0x0000000089c00000, 0x0000000089d00000|  0%| F|  |TAMS 0x0000000089c00000| PB 0x0000000089c00000| Untracked |  0
|  93|0x0000000089d00000, 0x0000000089d00000, 0x0000000089e00000|  0%| F|  |TAMS 0x0000000089d00000| PB 0x0000000089d00000| Untracked |  0
|  94|0x0000000089e00000, 0x0000000089e80000, 0x0000000089f00000| 50%| E|  |TAMS 0x0000000089e00000| PB 0x0000000089e00000| Complete |  0
|  95|0x0000000089f00000, 0x000000008a000000, 0x000000008a000000|100%| E|CS|TAMS 0x0000000089f00000| PB 0x0000000089f00000| Complete |  0
|  96|0x000000008a000000, 0x000000008a100000, 0x000000008a100000|100%| E|CS|TAMS 0x000000008a000000| PB 0x000000008a000000| Complete |  0
|  97|0x000000008a100000, 0x000000008a200000, 0x000000008a200000|100%| E|CS|TAMS 0x000000008a100000| PB 0x000000008a100000| Complete |  0
|  98|0x000000008a200000, 0x000000008a300000, 0x000000008a300000|100%| E|CS|TAMS 0x000000008a200000| PB 0x000000008a200000| Complete |  0
|  99|0x000000008a300000, 0x000000008a400000, 0x000000008a400000|100%| E|CS|TAMS 0x000000008a300000| PB 0x000000008a300000| Complete |  0
| 100|0x000000008a400000, 0x000000008a500000, 0x000000008a500000|100%| E|CS|TAMS 0x000000008a400000| PB 0x000000008a400000| Complete |  0
| 101|0x000000008a500000, 0x000000008a600000, 0x000000008a600000|100%| E|CS|TAMS 0x000000008a500000| PB 0x000000008a500000| Complete |  0
| 102|0x000000008a600000, 0x000000008a700000, 0x000000008a700000|100%| E|CS|TAMS 0x000000008a600000| PB 0x000000008a600000| Complete |  0
| 103|0x000000008a700000, 0x000000008a800000, 0x000000008a800000|100%| E|CS|TAMS 0x000000008a700000| PB 0x000000008a700000| Complete |  0
| 104|0x000000008a800000, 0x000000008a900000, 0x000000008a900000|100%| E|CS|TAMS 0x000000008a800000| PB 0x000000008a800000| Complete |  0
| 105|0x000000008a900000, 0x000000008aa00000, 0x000000008aa00000|100%| E|CS|TAMS 0x000000008a900000| PB 0x000000008a900000| Complete |  0
| 106|0x000000008aa00000, 0x000000008ab00000, 0x000000008ab00000|100%| E|CS|TAMS 0x000000008aa00000| PB 0x000000008aa00000| Complete |  0
| 107|0x000000008ab00000, 0x000000008ac00000, 0x000000008ac00000|100%| E|CS|TAMS 0x000000008ab00000| PB 0x000000008ab00000| Complete |  0
| 108|0x000000008ac00000, 0x000000008ad00000, 0x000000008ad00000|100%| E|CS|TAMS 0x000000008ac00000| PB 0x000000008ac00000| Complete |  0
| 109|0x000000008ad00000, 0x000000008ae00000, 0x000000008ae00000|100%| E|CS|TAMS 0x000000008ad00000| PB 0x000000008ad00000| Complete |  0
| 110|0x000000008ae00000, 0x000000008af00000, 0x000000008af00000|100%| E|CS|TAMS 0x000000008ae00000| PB 0x000000008ae00000| Complete |  0
| 111|0x000000008af00000, 0x000000008b000000, 0x000000008b000000|100%| E|CS|TAMS 0x000000008af00000| PB 0x000000008af00000| Complete |  0
| 112|0x000000008b000000, 0x000000008b100000, 0x000000008b100000|100%| E|CS|TAMS 0x000000008b000000| PB 0x000000008b000000| Complete |  0
| 113|0x000000008b100000, 0x000000008b200000, 0x000000008b200000|100%| E|CS|TAMS 0x000000008b100000| PB 0x000000008b100000| Complete |  0
| 114|0x000000008b200000, 0x000000008b300000, 0x000000008b300000|100%| E|CS|TAMS 0x000000008b200000| PB 0x000000008b200000| Complete |  0
| 115|0x000000008b300000, 0x000000008b400000, 0x000000008b400000|100%| E|CS|TAMS 0x000000008b300000| PB 0x000000008b300000| Complete |  0
| 116|0x000000008b400000, 0x000000008b500000, 0x000000008b500000|100%| E|CS|TAMS 0x000000008b400000| PB 0x000000008b400000| Complete |  0
| 117|0x000000008b500000, 0x000000008b600000, 0x000000008b600000|100%| E|CS|TAMS 0x000000008b500000| PB 0x000000008b500000| Complete |  0
| 118|0x000000008b600000, 0x000000008b700000, 0x000000008b700000|100%| E|CS|TAMS 0x000000008b600000| PB 0x000000008b600000| Complete |  0
| 119|0x000000008b700000, 0x000000008b800000, 0x000000008b800000|100%| E|CS|TAMS 0x000000008b700000| PB 0x000000008b700000| Complete |  0
| 120|0x000000008b800000, 0x000000008b900000, 0x000000008b900000|100%| E|CS|TAMS 0x000000008b800000| PB 0x000000008b800000| Complete |  0
| 121|0x000000008b900000, 0x000000008ba00000, 0x000000008ba00000|100%| E|CS|TAMS 0x000000008b900000| PB 0x000000008b900000| Complete |  0
| 122|0x000000008ba00000, 0x000000008bb00000, 0x000000008bb00000|100%| E|CS|TAMS 0x000000008ba00000| PB 0x000000008ba00000| Complete |  0
| 123|0x000000008bb00000, 0x000000008bc00000, 0x000000008bc00000|100%| E|CS|TAMS 0x000000008bb00000| PB 0x000000008bb00000| Complete |  0
|1982|0x00000000ffe00000, 0x00000000fff00000, 0x00000000fff00000|100%| O|  |TAMS 0x00000000ffe00000| PB 0x00000000ffe00000| Untracked |  0
|1983|0x00000000fff00000, 0x00000000fff256a0, 0x0000000100000000| 14%| O|  |TAMS 0x00000000fff00000| PB 0x00000000fff00000| Untracked |  0

Card table byte_map: [0x000001c3ead50000,0x000001c3eb130000] _byte_map_base: 0x000001c3ea930000

Marking Bits: (CMBitMap*) 0x000001c3d2e1b1a0
 Bits: [0x000001c3eb130000, 0x000001c3ed030000)

Polling page: 0x000001c3d0c20000

Metaspace:
Metaspace        used 16411K, committed 16640K, reserved 1114112K
 class space     used 1495K, committed 1600K, reserved 1048576K

Usage:
  Non-class:     14.57 MB used.
      Class:      1.46 MB used.
       Both:     16.03 MB used.

Virtual space:
  Non-class space:       64.00 MB reserved,      14.69 MB ( 23%) committed,  1 nodes.
      Class space:        1.00 GB reserved,       1.56 MB ( <1%) committed,  1 nodes.
             Both:        1.06 GB reserved,      16.25 MB (  1%) committed. 

Chunk freelists:
   Non-Class:  1.09 MB
       Class:  14.48 MB
        Both:  15.57 MB

MaxMetaspaceSize: unlimited
CompressedClassSpaceSize: 1.00 GB
Initial GC threshold: 21.00 MB
Current GC threshold: 21.00 MB
CDS: on
 - commit_granule_bytes: 65536.
 - commit_granule_words: 8192.
 - virtual_space_node_default_size: 8388608.
 - enlarge_chunks_in_place: 1.
UseCompressedClassPointers 1, UseCompactObjectHeaders 0
Narrow klass pointer bits 32, Max shift 3
Narrow klass base: 0x000000001b000000, Narrow klass shift: 0
Encoding Range: [0x000000001b000000 - 0x000000011b000000), (4294967296 bytes)
Klass Range:    [0x000000001b010000 - 0x000000005c000000), (1090453504 bytes)
Klass ID Range:  [65536 - 1090519033) (1090453497)
Protection zone: [0x000000001b000000 - 0x000000001b010000), (65536 bytes)


Internal statistics:

num_allocs_failed_limit: 0.
num_arena_births: 136.
num_arena_deaths: 0.
num_vsnodes_births: 2.
num_vsnodes_deaths: 0.
num_space_committed: 260.
num_space_uncommitted: 0.
num_chunks_returned_to_freelist: 0.
num_chunks_taken_from_freelist: 692.
num_chunk_merges: 0.
num_chunk_splits: 482.
num_chunks_enlarged: 389.
num_inconsistent_stats: 0.

CodeHeap 'non-profiled nmethods': size=120064Kb used=1881Kb max_used=1881Kb free=118182Kb
 bounds [0x000001c3e3100000, 0x000001c3e3370000, 0x000001c3ea640000]
CodeHeap 'profiled nmethods': size=120000Kb used=9260Kb max_used=9260Kb free=110740Kb
 bounds [0x000001c3db640000, 0x000001c3dbf50000, 0x000001c3e2b70000]
CodeHeap 'non-nmethods': size=5696Kb used=1518Kb max_used=1660Kb free=4177Kb
 bounds [0x000001c3e2b70000, 0x000001c3e2de0000, 0x000001c3e3100000]
CodeCache: size=245760Kb, used=12659Kb, max_used=12801Kb, free=233099Kb
 total_blobs=5968, nmethods=5448, adapters=421, full_count=0
Compilation: enabled, stopped_count=0, restarted_count=0

Compilation events (20 events):
Event: 52.128 Thread 0x000001c3efa2abc0 nmethod 5431 0x000001c3dbf36a88 code [0x000001c3dbf36b80, 0x000001c3dbf3b7f8]
Event: 52.128 Thread 0x000001c3efa2abc0 5435       3       org.apache.maven.model.management.DefaultDependencyManagementInjector$ManagementModelMerger::mergeDependency_Exclusions (70 bytes)
Event: 52.129 Thread 0x000001c3efa2abc0 nmethod 5435 0x000001c3dbf3b888 code [0x000001c3dbf3b980, 0x000001c3dbf3ca98]
Event: 52.129 Thread 0x000001c3efa2abc0 5434       3       org.apache.maven.model.management.DefaultDependencyManagementInjector$ManagementModelMerger::mergeDependency_Optional (1 bytes)
Event: 52.129 Thread 0x000001c3efa2abc0 nmethod 5434 0x000001c3dbf3cb08 code [0x000001c3dbf3cc00, 0x000001c3dbf3cd08]
Event: 52.129 Thread 0x000001c3efa2abc0 5432       3       java.util.ArrayList$SubList::checkForComodification (23 bytes)
Event: 52.129 Thread 0x000001c3efa2abc0 nmethod 5432 0x000001c3dbf3ce08 code [0x000001c3dbf3cf00, 0x000001c3dbf3d118]
Event: 52.129 Thread 0x000001c3efa2abc0 5433       3       java.util.ArrayList$SubList::toArray (79 bytes)
Event: 52.130 Thread 0x000001c3efa2abc0 nmethod 5433 0x000001c3dbf3d188 code [0x000001c3dbf3d280, 0x000001c3dbf3d9b0]
Event: 52.161 Thread 0x000001c3efa241a0 5436 %     4       org.codehaus.plexus.util.xml.Xpp3DomBuilder::build @ 28 (413 bytes)
Event: 52.196 Thread 0x000001c3efa2abc0 5437       3       org.eclipse.aether.internal.impl.collect.DataPool$HardInternPool::intern (15 bytes)
Event: 52.196 Thread 0x000001c3efa2abc0 nmethod 5437 0x000001c3dbf3da08 code [0x000001c3dbf3db00, 0x000001c3dbf3e148]
Event: 52.345 Thread 0x000001c3efa2abc0 5439       3       org.apache.maven.model.inheritance.DefaultInheritanceAssembler$InheritanceModelMerger::extrapolateChildUrl (59 bytes)
Event: 52.346 Thread 0x000001c3efa2abc0 nmethod 5439 0x000001c3dbf3e188 code [0x000001c3dbf3e280, 0x000001c3dbf3e838]
Event: 52.346 Thread 0x000001c3efa2abc0 5440       1       org.eclipse.aether.graph.Exclusion::getArtifactId (5 bytes)
Event: 52.346 Thread 0x000001c3efa2abc0 nmethod 5440 0x000001c3e32d6288 code [0x000001c3e32d6380, 0x000001c3e32d6448]
Event: 53.380 Thread 0x000001c3efa2abc0 5441       3       org.apache.maven.model.building.ModelData::<init> (32 bytes)
Event: 53.380 Thread 0x000001c3efa2abc0 nmethod 5441 0x000001c3dbf3e888 code [0x000001c3dbf3e980, 0x000001c3dbf3ed20]
Event: 53.381 Thread 0x000001c3efa2abc0 5442       3       sun.nio.fs.WindowsSecurityDescriptor::release (75 bytes)
Event: 53.381 Thread 0x000001c3efa2abc0 nmethod 5442 0x000001c3dbf3ed88 code [0x000001c3dbf3ee80, 0x000001c3dbf3f5f0]

GC Heap Usage History (6 events):
Event: 4.995 {heap Before GC invocations=0 (full 0):
 garbage-first heap   total reserved 2031616K, committed 129024K, used 49301K [0x0000000084000000, 0x0000000100000000)
  region size 1024K, 47 young (48128K), 0 survivors (0K)
}
Event: 5.073 {heap After GC invocations=1 (full 0):
 garbage-first heap   total reserved 2031616K, committed 129024K, used 5781K [0x0000000084000000, 0x0000000100000000)
  region size 1024K, 5 young (5120K), 5 survivors (5120K)
}
Event: 30.602 {heap Before GC invocations=1 (full 0):
 garbage-first heap   total reserved 2031616K, committed 129024K, used 60053K [0x0000000084000000, 0x0000000100000000)
  region size 1024K, 58 young (59392K), 5 survivors (5120K)
}
Event: 30.684 {heap After GC invocations=2 (full 0):
 garbage-first heap   total reserved 2031616K, committed 129024K, used 12066K [0x0000000084000000, 0x0000000100000000)
  region size 1024K, 7 young (7168K), 7 survivors (7168K)
}
Event: 48.991 {heap Before GC invocations=2 (full 0):
 garbage-first heap   total reserved 2031616K, committed 129024K, used 71458K [0x0000000084000000, 0x0000000100000000)
  region size 1024K, 65 young (66560K), 7 survivors (7168K)
}
Event: 49.025 {heap After GC invocations=3 (full 0):
 garbage-first heap   total reserved 2031616K, committed 129024K, used 16977K [0x0000000084000000, 0x0000000100000000)
  region size 1024K, 5 young (5120K), 5 survivors (5120K)
}

Metaspace Usage History (6 events):
Event: 4.995 {metaspace Before GC invocations=0 (full 0):
 Metaspace       used 9549K, committed 9664K, reserved 1114112K
  class space    used 851K, committed 896K, reserved 1048576K
}
Event: 5.073 {metaspace After GC invocations=1 (full 0):
 Metaspace       used 9549K, committed 9664K, reserved 1114112K
  class space    used 851K, committed 896K, reserved 1048576K
}
Event: 30.602 {metaspace Before GC invocations=1 (full 0):
 Metaspace       used 15373K, committed 15616K, reserved 1114112K
  class space    used 1459K, committed 1536K, reserved 1048576K
}
Event: 30.684 {metaspace After GC invocations=2 (full 0):
 Metaspace       used 15373K, committed 15616K, reserved 1114112K
  class space    used 1459K, committed 1536K, reserved 1048576K
}
Event: 48.991 {metaspace Before GC invocations=2 (full 0):
 Metaspace       used 16271K, committed 16512K, reserved 1114112K
  class space    used 1495K, committed 1600K, reserved 1048576K
}
Event: 49.025 {metaspace After GC invocations=3 (full 0):
 Metaspace       used 16271K, committed 16512K, reserved 1114112K
  class space    used 1495K, committed 1600K, reserved 1048576K
}

Dll operation events (7 events):
Event: 0.026 Loaded shared library C:\Program Files\Java\jdk-25\bin\java.dll
Event: 0.208 Loaded shared library C:\Program Files\Java\jdk-25\bin\net.dll
Event: 0.212 Loaded shared library C:\Program Files\Java\jdk-25\bin\nio.dll
Event: 0.220 Loaded shared library C:\Program Files\Java\jdk-25\bin\zip.dll
Event: 0.761 Loaded shared library C:\Program Files\Apache\Maven\lib\jansi-native\Windows\x86_64\jansi.dll
Event: 0.805 Loaded shared library C:\Program Files\Java\jdk-25\bin\verify.dll
Event: 0.863 Loaded shared library C:\Program Files\Java\jdk-25\bin\jimage.dll

Deoptimization events (20 events):
Event: 49.807 Thread 0x000001c3d0af6cb0 DEOPT PACKING pc=0x000001c3e32c22d4 sp=0x00000026555fbd40
Event: 49.807 Thread 0x000001c3d0af6cb0 DEOPT UNPACKING pc=0x000001c3e2c0a602 sp=0x00000026555fbcb8 mode 2
Event: 49.807 Thread 0x000001c3d0af6cb0 Uncommon trap: trap_request=0xffffffd6 fr.pc=0x000001c3e32c22d4 relative=0x00000000000002d4
Event: 49.807 Thread 0x000001c3d0af6cb0 Uncommon trap: reason=array_check action=maybe_recompile pc=0x000001c3e32c22d4 method=java.util.HashMap.keysToArray([Ljava/lang/Object;)[Ljava/lang/Object; @ 62 c2
Event: 49.807 Thread 0x000001c3d0af6cb0 DEOPT PACKING pc=0x000001c3e32c22d4 sp=0x00000026555fbd40
Event: 49.807 Thread 0x000001c3d0af6cb0 DEOPT UNPACKING pc=0x000001c3e2c0a602 sp=0x00000026555fbcb8 mode 2
Event: 50.198 Thread 0x000001c3d0af6cb0 Uncommon trap: trap_request=0xffffff45 fr.pc=0x000001c3e32baea0 relative=0x00000000000002a0
Event: 50.198 Thread 0x000001c3d0af6cb0 Uncommon trap: reason=unstable_if action=reinterpret pc=0x000001c3e32baea0 method=org.apache.maven.model.merge.ModelMerger.mergeConfigurationContainer_Configuration(Lorg/apache/maven/model/ConfigurationContainer;Lorg/apache/maven/model/ConfigurationContai
Event: 50.198 Thread 0x000001c3d0af6cb0 DEOPT PACKING pc=0x000001c3e32baea0 sp=0x00000026555fd2b0
Event: 50.198 Thread 0x000001c3d0af6cb0 DEOPT UNPACKING pc=0x000001c3e2c0a602 sp=0x00000026555fd1b8 mode 2
Event: 51.844 Thread 0x000001c3d0af6cb0 DEOPT PACKING pc=0x000001c3db6eb1c6 sp=0x00000026555fc730
Event: 51.844 Thread 0x000001c3d0af6cb0 DEOPT UNPACKING pc=0x000001c3e2bc12a2 sp=0x00000026555fbc30 mode 0
Event: 52.412 Thread 0x000001c3d0af6cb0 Uncommon trap: trap_request=0xffffffde fr.pc=0x000001c3e32a78a4 relative=0x0000000000000524
Event: 52.412 Thread 0x000001c3d0af6cb0 Uncommon trap: reason=class_check action=maybe_recompile pc=0x000001c3e32a78a4 method=org.apache.maven.model.merge.ModelMerger.merge(Ljava/util/List;Ljava/util/List;Lorg/apache/maven/model/merge/ModelMerger$KeyComputer;Lorg/apache/maven/model/merge/ModelM
Event: 52.412 Thread 0x000001c3d0af6cb0 DEOPT PACKING pc=0x000001c3e32a78a4 sp=0x00000026555fc390
Event: 53.380 Thread 0x000001c3d0af6cb0 DEOPT UNPACKING pc=0x000001c3e2c0a602 sp=0x00000026555fc2e0 mode 2
Event: 53.380 Thread 0x000001c3d0af6cb0 Uncommon trap: trap_request=0xffffffde fr.pc=0x000001c3e32a78a4 relative=0x0000000000000524
Event: 53.380 Thread 0x000001c3d0af6cb0 Uncommon trap: reason=class_check action=maybe_recompile pc=0x000001c3e32a78a4 method=org.apache.maven.model.merge.ModelMerger.merge(Ljava/util/List;Ljava/util/List;Lorg/apache/maven/model/merge/ModelMerger$KeyComputer;Lorg/apache/maven/model/merge/ModelM
Event: 53.380 Thread 0x000001c3d0af6cb0 DEOPT PACKING pc=0x000001c3e32a78a4 sp=0x00000026555fc390
Event: 53.380 Thread 0x000001c3d0af6cb0 DEOPT UNPACKING pc=0x000001c3e2c0a602 sp=0x00000026555fc2e0 mode 2

Classes loaded (20 events):
Event: 14.121 Loading class java/lang/invoke/ClassSpecializer$Factory$1
Event: 14.124 Loading class java/lang/invoke/ClassSpecializer$Factory$1 done
Event: 14.124 Loading class java/lang/invoke/ClassSpecializer$Factory$1$1
Event: 14.158 Loading class java/lang/invoke/ClassSpecializer$Factory$1$1 done
Event: 14.158 Loading class java/lang/invoke/ClassSpecializer$Factory$1$1Var
Event: 14.162 Loading class java/lang/invoke/ClassSpecializer$Factory$1$1Var done
Event: 14.162 Loading class java/lang/invoke/ClassSpecializer$Factory$1$2
Event: 14.162 Loading class java/lang/invoke/ClassSpecializer$Factory$1$2 done
Event: 14.162 Loading class java/lang/invoke/ClassSpecializer$Factory$1$3
Event: 14.163 Loading class java/lang/invoke/ClassSpecializer$Factory$1$3 done
Event: 14.163 Loading class java/lang/invoke/ClassSpecializer$Factory$1$4
Event: 14.163 Loading class java/lang/invoke/ClassSpecializer$Factory$1$4 done
Event: 14.163 Loading class java/lang/invoke/ClassSpecializer$Factory$1$5
Event: 14.163 Loading class java/lang/invoke/ClassSpecializer$Factory$1$5 done
Event: 14.163 Loading class java/lang/invoke/ClassSpecializer$Factory$1$5$1
Event: 14.163 Loading class java/lang/invoke/ClassSpecializer$Factory$1$5$1 done
Event: 14.673 Loading class java/util/stream/Streams$RangeIntSpliterator
Event: 14.680 Loading class java/util/stream/Streams$RangeIntSpliterator done
Event: 46.867 Loading class sun/nio/cs/ISO_8859_1$Decoder
Event: 46.868 Loading class sun/nio/cs/ISO_8859_1$Decoder done

Classes unloaded (0 events):
No events

Classes redefined (0 events):
No events

Internal exceptions (20 events):
Event: 2.185 Thread 0x000001c3d0af6cb0 Exception <a 'java/lang/NoClassDefFoundError'{0x000000008a90d558}: javax/enterprise/inject/Typed> (0x000000008a90d558) 
thrown [s\open\src\hotspot\share\classfile\systemDictionary.cpp, line 316]
Event: 6.587 Thread 0x000001c3d0af6cb0 Exception <a 'java/lang/NoSuchMethodError'{0x000000008b70ad70}: 'void java.lang.invoke.DirectMethodHandle$Holder.invokeStaticInit(java.lang.Object, java.lang.Object, java.lang.Object)'> (0x000000008b70ad70) 
thrown [s\open\src\hotspot\share\interpreter\linkResolver.cpp, line 804]
Event: 6.612 Thread 0x000001c3d0af6cb0 Implicit null exception at 0x000001c3e3185f1d to 0x000001c3e31860ac
Event: 6.634 Thread 0x000001c3d0af6cb0 Exception <a 'java/lang/NoSuchMethodError'{0x000000008b7944f0}: 'java.lang.Object java.lang.invoke.Invokers$Holder.invokeExact_MT(java.lang.Object, int, java.lang.Object)'> (0x000000008b7944f0) 
thrown [s\open\src\hotspot\share\interpreter\linkResolver.cpp, line 804]
Event: 8.378 Thread 0x000001c3d0af6cb0 Exception <a 'java/lang/NoSuchMethodError'{0x000000008af7c028}: 'void java.lang.invoke.Invokers$Holder.invokeExact_MT(java.lang.Object, java.lang.Object, java.lang.Object, java.lang.Object)'> (0x000000008af7c028) 
thrown [s\open\src\hotspot\share\interpreter\linkResolver.cpp, line 804]
Event: 8.686 Thread 0x000001c3d0af6cb0 Exception <a 'java/lang/NoClassDefFoundError'{0x000000008affa778}: com/google/inject/servlet/ServletModuleTargetVisitor> (0x000000008affa778) 
thrown [s\open\src\hotspot\share\classfile\systemDictionary.cpp, line 316]
Event: 10.196 Thread 0x000001c3d0af6cb0 Exception <a 'java/lang/NoSuchMethodError'{0x000000008ac7e760}: 'java.lang.Object java.lang.invoke.DirectMethodHandle$Holder.invokeStaticInit(java.lang.Object, int, int, int, int)'> (0x000000008ac7e760) 
thrown [s\open\src\hotspot\share\interpreter\linkResolver.cpp, line 804]
Event: 11.612 Thread 0x000001c3d0af6cb0 Implicit null exception at 0x000001c3e313cf36 to 0x000001c3e313d9f8
Event: 13.206 Thread 0x000001c3d0af6cb0 Exception <a 'java/lang/NoSuchMethodError'{0x000000008a73acb0}: 'void java.lang.invoke.DirectMethodHandle$Holder.invokeSpecial(java.lang.Object, java.lang.Object, java.lang.Object, java.lang.Object, java.lang.Object)'> (0x000000008a73acb0) 
thrown [s\open\src\hotspot\share\interpreter\linkResolver.cpp, line 804]
Event: 13.327 Thread 0x000001c3d0af6cb0 Exception <a 'java/lang/NoSuchMethodError'{0x000000008a772d88}: 'void java.lang.invoke.DirectMethodHandle$Holder.invokeSpecial(java.lang.Object, java.lang.Object, java.lang.Object, java.lang.Object, java.lang.Object, java.lang.Object)'> (0x000000008a772d88) 
thrown [s\open\src\hotspot\share\interpreter\linkResolver.cpp, line 804]
Event: 13.575 Thread 0x000001c3d0af6cb0 Exception <a 'java/lang/NoSuchMethodError'{0x000000008a669ef0}: 'java.lang.Object java.lang.invoke.DirectMethodHandle$Holder.invokeVirtual(java.lang.Object, java.lang.Object, java.lang.Object)'> (0x000000008a669ef0) 
thrown [s\open\src\hotspot\share\interpreter\linkResolver.cpp, line 804]
Event: 14.075 Thread 0x000001c3d0af6cb0 Exception <a 'java/lang/NoSuchMethodError'{0x000000008a5e6c58}: 'void java.lang.invoke.DirectMethodHandle$Holder.invokeVirtual(java.lang.Object, java.lang.Object, int)'> (0x000000008a5e6c58) 
thrown [s\open\src\hotspot\share\interpreter\linkResolver.cpp, line 804]
Event: 14.178 Thread 0x000001c3d0af6cb0 Exception <a 'java/lang/NoSuchMethodError'{0x000000008a5ffa80}: 'java.lang.Object java.lang.invoke.DirectMethodHandle$Holder.invokeStatic(java.lang.Object, java.lang.Object, java.lang.Object, java.lang.Object, int)'> (0x000000008a5ffa80) 
thrown [s\open\src\hotspot\share\interpreter\linkResolver.cpp, line 804]
Event: 14.188 Thread 0x000001c3d0af6cb0 Exception <a 'java/lang/NoSuchMethodError'{0x000000008a411428}: 'void java.lang.invoke.DirectMethodHandle$Holder.invokeSpecial(java.lang.Object, java.lang.Object, java.lang.Object, int)'> (0x000000008a411428) 
thrown [s\open\src\hotspot\share\interpreter\linkResolver.cpp, line 804]
Event: 14.264 Thread 0x000001c3d0af6cb0 Exception <a 'java/lang/NoSuchMethodError'{0x000000008a4197c0}: 'void java.lang.invoke.DelegatingMethodHandle$Holder.reinvoke_L(java.lang.Object, java.lang.Object, int)'> (0x000000008a4197c0) 
thrown [s\open\src\hotspot\share\interpreter\linkResolver.cpp, line 804]
Event: 33.349 Thread 0x000001c3d0af6cb0 Implicit null exception at 0x000001c3e31f9906 to 0x000001c3e31fa5dc
Event: 33.350 Thread 0x000001c3d0af6cb0 Implicit null exception at 0x000001c3e31a8e48 to 0x000001c3e31a900c
Event: 33.359 Thread 0x000001c3d0af6cb0 Implicit null exception at 0x000001c3e31e2c39 to 0x000001c3e31e3278
Event: 33.374 Thread 0x000001c3d0af6cb0 Exception <a 'java/lang/NoSuchMethodError'{0x000000008b7f2b50}: 'void java.lang.invoke.DirectMethodHandle$Holder.invokeStatic(java.lang.Object, java.lang.Object, java.lang.Object, java.lang.Object)'> (0x000000008b7f2b50) 
thrown [s\open\src\hotspot\share\interpreter\linkResolver.cpp, line 804]
Event: 33.496 Thread 0x000001c3d0af6cb0 Exception <a 'java/lang/NoSuchMethodError'{0x000000008b6804e0}: 'int java.lang.invoke.DirectMethodHandle$Holder.invokeSpecialIFC(java.lang.Object, java.lang.Object, java.lang.Object, java.lang.Object)'> (0x000000008b6804e0) 
thrown [s\open\src\hotspot\share\interpreter\linkResolver.cpp, line 804]

VM Operations (20 events):
Event: 7.017 Executing non-safepoint VM operation: HandshakeAllThreads (Deoptimize)
Event: 7.017 Executing non-safepoint VM operation: HandshakeAllThreads (Deoptimize) done
Event: 8.221 Executing non-safepoint VM operation: HandshakeAllThreads (Deoptimize)
Event: 8.221 Executing non-safepoint VM operation: HandshakeAllThreads (Deoptimize) done
Event: 9.377 Executing non-safepoint VM operation: HandshakeAllThreads (Deoptimize)
Event: 9.377 Executing non-safepoint VM operation: HandshakeAllThreads (Deoptimize) done
Event: 9.827 Executing non-safepoint VM operation: HandshakeAllThreads (Deoptimize)
Event: 9.827 Executing non-safepoint VM operation: HandshakeAllThreads (Deoptimize) done
Event: 10.368 Executing non-safepoint VM operation: HandshakeAllThreads (Deoptimize)
Event: 10.368 Executing non-safepoint VM operation: HandshakeAllThreads (Deoptimize) done
Event: 10.715 Executing non-safepoint VM operation: HandshakeAllThreads (Deoptimize)
Event: 10.717 Executing non-safepoint VM operation: HandshakeAllThreads (Deoptimize) done
Event: 11.161 Executing non-safepoint VM operation: HandshakeAllThreads (Deoptimize)
Event: 11.161 Executing non-safepoint VM operation: HandshakeAllThreads (Deoptimize) done
Event: 11.167 Executing non-safepoint VM operation: HandshakeAllThreads (Deoptimize)
Event: 11.167 Executing non-safepoint VM operation: HandshakeAllThreads (Deoptimize) done
Event: 30.601 Executing safepoint VM operation: G1CollectForAllocation (G1 Evacuation Pause)
Event: 30.684 Executing safepoint VM operation: G1CollectForAllocation (G1 Evacuation Pause) done
Event: 48.991 Executing safepoint VM operation: G1CollectForAllocation (G1 Evacuation Pause)
Event: 49.025 Executing safepoint VM operation: G1CollectForAllocation (G1 Evacuation Pause) done

Memory protections (0 events):
No events

Nmethod flushes (0 events):
No events

Events (16 events):
Event: 0.128 Thread 0x000001c3d0af6cb0 Thread added: 0x000001c3d0af6cb0
Event: 0.177 Thread 0x000001c3d0af6cb0 Thread added: 0x000001c3efa16b90
Event: 0.177 Thread 0x000001c3d0af6cb0 Thread added: 0x000001c3efa1a2d0
Event: 0.177 Thread 0x000001c3d0af6cb0 Thread added: 0x000001c3efa1be00
Event: 0.177 Thread 0x000001c3d0af6cb0 Thread added: 0x000001c3efa1db20
Event: 0.177 Thread 0x000001c3d0af6cb0 Thread added: 0x000001c3efa1e6e0
Event: 0.178 Thread 0x000001c3d0af6cb0 Thread added: 0x000001c3efa1f2a0
Event: 0.178 Thread 0x000001c3d0af6cb0 Thread added: 0x000001c3efa241a0
Event: 0.179 Thread 0x000001c3d0af6cb0 Thread added: 0x000001c3efa2abc0
Event: 0.198 Thread 0x000001c3d0af6cb0 Thread added: 0x000001c3efb8b4b0
Event: 0.204 Thread 0x000001c3d0af6cb0 Thread added: 0x000001c3efb93d50
Event: 0.756 Thread 0x000001c3d0af6cb0 Thread added: 0x000001c3efe33bf0
Event: 1.196 Thread 0x000001c3efe33bf0 Thread exited: 0x000001c3efe33bf0
Event: 2.210 Thread 0x000001c3efa2abc0 Thread added: 0x000001c3f486bcd0
Event: 3.184 Thread 0x000001c3f486bcd0 Thread exited: 0x000001c3f486bcd0
Event: 10.663 Thread 0x000001c3d0af6cb0 Thread added: 0x000001c3efaaab50


Dynamic libraries:
0x00007ff747410000 - 0x00007ff747420000 	C:\Program Files\Java\jdk-25\bin\java.exe
0x00007ffbc2740000 - 0x00007ffbc29a7000 	C:\WINDOWS\SYSTEM32\ntdll.dll
0x00007ffbc1280000 - 0x00007ffbc1349000 	C:\WINDOWS\System32\KERNEL32.DLL
0x00007ffbbfe10000 - 0x00007ffbc0207000 	C:\WINDOWS\System32\KERNELBASE.dll
0x00007ffbbfc10000 - 0x00007ffbbfd5b000 	C:\WINDOWS\System32\ucrtbase.dll
0x00007ffbadf80000 - 0x00007ffbadf9e000 	C:\Program Files\Java\jdk-25\bin\VCRUNTIME140.dll
0x00007ffb9fe20000 - 0x00007ffb9fe37000 	C:\Program Files\Java\jdk-25\bin\jli.dll
0x00007ffbc0600000 - 0x00007ffbc07c6000 	C:\WINDOWS\System32\USER32.dll
0x00007ffba2990000 - 0x00007ffba2c22000 	C:\WINDOWS\WinSxS\amd64_microsoft.windows.common-controls_6595b64144ccf1df_6.0.26100.8457_none_3e0b2faee331e92d\COMCTL32.dll
0x00007ffbc0490000 - 0x00007ffbc04b7000 	C:\WINDOWS\System32\win32u.dll
0x00007ffbc1350000 - 0x00007ffbc13f9000 	C:\WINDOWS\System32\msvcrt.dll
0x00007ffbc2640000 - 0x00007ffbc266b000 	C:\WINDOWS\System32\GDI32.dll
0x00007ffbc02d0000 - 0x00007ffbc03fc000 	C:\WINDOWS\System32\gdi32full.dll
0x00007ffbbfd60000 - 0x00007ffbbfe03000 	C:\WINDOWS\System32\msvcp_win.dll
0x00007ffbc05c0000 - 0x00007ffbc05f2000 	C:\WINDOWS\System32\IMM32.DLL
0x00007ffb9a270000 - 0x00007ffb9a27c000 	C:\Program Files\Java\jdk-25\bin\vcruntime140_1.dll
0x00007ffb92730000 - 0x00007ffb927bd000 	C:\Program Files\Java\jdk-25\bin\msvcp140.dll
0x00007ffb27770000 - 0x00007ffb285cf000 	C:\Program Files\Java\jdk-25\bin\server\jvm.dll
0x00007ffbc1760000 - 0x00007ffbc1816000 	C:\WINDOWS\System32\ADVAPI32.dll
0x00007ffbc11d0000 - 0x00007ffbc1277000 	C:\WINDOWS\System32\sechost.dll
0x00007ffbc1d10000 - 0x00007ffbc1e28000 	C:\WINDOWS\System32\RPCRT4.dll
0x00007ffbc1e30000 - 0x00007ffbc1eb0000 	C:\WINDOWS\System32\WS2_32.dll
0x00007ffbbeff0000 - 0x00007ffbbf04e000 	C:\WINDOWS\SYSTEM32\POWRPROF.dll
0x00007ffbb4680000 - 0x00007ffbb46b6000 	C:\WINDOWS\SYSTEM32\WINMM.dll
0x00007ffbac300000 - 0x00007ffbac30b000 	C:\WINDOWS\SYSTEM32\VERSION.dll
0x00007ffbbefd0000 - 0x00007ffbbefe4000 	C:\WINDOWS\SYSTEM32\UMPDC.dll
0x00007ffbbdec0000 - 0x00007ffbbdedb000 	C:\WINDOWS\SYSTEM32\kernel.appcore.dll
0x00007ffb98800000 - 0x00007ffb9880a000 	C:\Program Files\Java\jdk-25\bin\jimage.dll
0x00007ffbbd1a0000 - 0x00007ffbbd3e2000 	C:\WINDOWS\SYSTEM32\DBGHELP.DLL
0x00007ffbc1820000 - 0x00007ffbc1ba3000 	C:\WINDOWS\System32\combase.dll
0x00007ffbc1c30000 - 0x00007ffbc1d09000 	C:\WINDOWS\System32\OLEAUT32.dll
0x00007ffb9f3f0000 - 0x00007ffb9f42b000 	C:\WINDOWS\SYSTEM32\dbgcore.DLL
0x00007ffbbfb60000 - 0x00007ffbbfc08000 	C:\WINDOWS\System32\bcryptPrimitives.dll
0x00007ffb98500000 - 0x00007ffb9851f000 	C:\Program Files\Java\jdk-25\bin\java.dll
0x00007ffbc07e0000 - 0x00007ffbc0977000 	C:\WINDOWS\System32\ole32.dll
0x00007ffbc1ec0000 - 0x00007ffbc262e000 	C:\WINDOWS\System32\SHELL32.dll
0x00007ffbbf170000 - 0x00007ffbbf9dc000 	C:\WINDOWS\System32\windows.storage.dll
0x00007ffbc04c0000 - 0x00007ffbc05b6000 	C:\WINDOWS\System32\SHCORE.dll
0x00007ffbc0980000 - 0x00007ffbc09e6000 	C:\WINDOWS\System32\shlwapi.dll
0x00007ffbbf090000 - 0x00007ffbbf0b9000 	C:\WINDOWS\SYSTEM32\profapi.dll
0x00007ffb983c0000 - 0x00007ffb983d2000 	C:\Program Files\Java\jdk-25\bin\net.dll
0x00007ffbbe410000 - 0x00007ffbbe47c000 	C:\WINDOWS\system32\mswsock.dll
0x00007ffb983a0000 - 0x00007ffb983b6000 	C:\Program Files\Java\jdk-25\bin\nio.dll
0x00007ffb98090000 - 0x00007ffb980a7000 	C:\Program Files\Java\jdk-25\bin\zip.dll
0x00007ffb97cb0000 - 0x00007ffb97cd4000 	C:\Program Files\Apache\Maven\lib\jansi-native\Windows\x86_64\jansi.dll
0x00007ffb98610000 - 0x00007ffb98620000 	C:\Program Files\Java\jdk-25\bin\verify.dll

JVMTI agents: none

dbghelp: loaded successfully - version: 4.0.5 - missing functions: none
symbol engine: initialized successfully - sym options: 0x614 - pdb path: .;C:\Program Files\Java\jdk-25\bin;C:\WINDOWS\SYSTEM32;C:\WINDOWS\WinSxS\amd64_microsoft.windows.common-controls_6595b64144ccf1df_6.0.26100.8457_none_3e0b2faee331e92d;C:\Program Files\Java\jdk-25\bin\server;C:\Program Files\Apache\Maven\lib\jansi-native\Windows\x86_64

VM Arguments:
jvm_args: --enable-native-access=ALL-UNNAMED -Dclassworlds.conf=C:\Program Files\Apache\Maven\bin\m2.conf -Dmaven.home=C:\Program Files\Apache\Maven -Dlibrary.jansi.path=C:\Program Files\Apache\Maven\lib\jansi-native -Dmaven.multiModuleProjectDirectory=D:\workspace-spring-tools-for-eclipse-5.0.1.RELEASE\OnlineLearningManagementSystem\backend\course-service 
java_command: org.codehaus.plexus.classworlds.launcher.Launcher spring-boot:run
java_class_path (initial): C:\Program Files\Apache\Maven\boot\plexus-classworlds-2.9.0.jar
Launcher Type: SUN_STANDARD

[Global flags]
     intx CICompilerCount                          = 4                                         {product} {ergonomic}
     uint ConcGCThreads                            = 2                                         {product} {ergonomic}
     uint G1ConcRefinementThreads                  = 8                                         {product} {ergonomic}
   size_t G1HeapRegionSize                         = 1048576                                   {product} {ergonomic}
   size_t InitialHeapSize                          = 130023424                                 {product} {ergonomic}
   size_t MarkStackSize                            = 4194304                                   {product} {ergonomic}
   size_t MarkStackSizeMax                         = 536870912                                 {product} {ergonomic}
   size_t MaxHeapSize                              = 2080374784                                {product} {ergonomic}
   size_t MaxNewSize                               = 1247805440                                {product} {ergonomic}
   size_t MinHeapDeltaBytes                        = 1048576                                   {product} {ergonomic}
   size_t MinHeapSize                              = 8388608                                   {product} {ergonomic}
    uintx NonNMethodCodeHeapSize                   = 5832704                                {pd product} {ergonomic}
    uintx NonProfiledCodeHeapSize                  = 122945536                              {pd product} {ergonomic}
    uintx ProfiledCodeHeapSize                     = 122880000                              {pd product} {ergonomic}
    uintx ReservedCodeCacheSize                    = 251658240                              {pd product} {ergonomic}
     bool SegmentedCodeCache                       = true                                      {product} {ergonomic}
   size_t SoftMaxHeapSize                          = 2080374784                             {manageable} {ergonomic}
     bool UseCompressedOops                        = true                           {product lp64_product} {ergonomic}
     bool UseG1GC                                  = true                                      {product} {ergonomic}
     bool UseLargePagesIndividualAllocation        = false                                  {pd product} {ergonomic}

Logging:
Log output configuration:
 #0: stdout all=warning uptime,level,tags foldmultilines=false
 #1: stderr all=off uptime,level,tags foldmultilines=false

Release file:
IMPLEMENTOR="Oracle Corporation" 
JAVA_RUNTIME_VERSION="25.0.1+8-LTS-27" 
JAVA_VERSION="25.0.1" 
JAVA_VERSION_DATE="2025-10-21" 
LIBC="default" 
MODULES="java.base java.compiler java.datatransfer java.xml java.prefs java.desktop java.instrument java.logging java.management java.security.sasl java.naming java.rmi java.management.rmi java.net.http java.scripting java.security.jgss java.transaction.xa java.sql java.sql.rowset java.xml.crypto java.se java.smartcardio jdk.accessibility jdk.internal.jvmstat jdk.attach jdk.charsets jdk.internal.opt jdk.zipfs jdk.compiler jdk.crypto.cryptoki jdk.crypto.ec jdk.crypto.mscapi jdk.dynalink jdk.internal.ed jdk.editpad jdk.internal.vm.ci jdk.graal.compiler jdk.graal.compiler.management jdk.hotspot.agent jdk.httpserver jdk.incubator.vector jdk.internal.le jdk.internal.md jdk.jartool jdk.javadoc jdk.jcmd jdk.management jdk.management.agent jdk.jconsole jdk.jdeps jdk.jdwp.agent jdk.jdi jdk.jfr jdk.jlink jdk.jpackage jdk.jshell jdk.jsobject jdk.jstatd jdk.localedata jdk.management.jfr jdk.naming.dns jdk.naming.rmi jdk.net jdk.nio.mapmode jdk.sctp jdk.security.auth jdk.security.jgss jdk.unsupported jdk.unsupported.desktop jdk.xml.dom" 
OS_ARCH="x86_64" 
OS_NAME="Windows" 
SOURCE=".:git:862c85bc42b7 open:git:78770bfaefd2" 

Environment Variables:
PATH=C:\Program Files\Common Files\Oracle\Java\javapath;C:\WINDOWS\system32;C:\WINDOWS;C:\WINDOWS\System32\Wbem;C:\WINDOWS\System32\WindowsPowerShell\v1.0\;C:\WINDOWS\System32\OpenSSH\;C:\Program Files\MySQL\MySQL Server 8.0\bin;C:\Program Files\Python313;C:\Program Files\Python313\Scripts;C:\Program Files (x86)\cloudflared\;C:\Program Files\Git\cmd;C:\Program Files\nodejs\;C:\Program Files\Apache\Maven\bin;C:\Program Files\Apache\Maven\bin;d:\cursor\resources\app\codeBin;C:\Program Files\Common Files\Oracle\Java\javapath;C:\Program Files\Eclipse Adoptium\jdk-21.0.5.11-hotspot\bin;C:\Program Files (x86)\Common Files\Oracle\Java\javapath;C:\WINDOWS\system32;C:\WINDOWS;C:\WINDOWS\System32\Wbem;C:\WINDOWS\System32\WindowsPowerShell\v1.0\;C:\WINDOWS\System32\OpenSSH\;C:\Program Files\MySQL\MySQL Server 8.0\bin;C:\Program Files\Python313;C:\Program Files\Python313\Scripts;C:\Program Files (x86)\cloudflared\;C:\Program Files\Git\cmd;C:\Program Files\nodejs\;C:\Program Files\Apache\Maven\bin;C:\Program Files\Apache\Maven\bin;C:\Program Files\MySQL\MySQL Shell 8.0\bin\;C:\Users\ASHLESH SHUKLA\AppData\Local\Microsoft\WindowsApps;C:\MinGW\bin;C:\Users\ASHLESH SHUKLA\AppData\Local\Microsoft\WinGet\Packages\Schniz.fnm_Microsoft.Winget.Source_8wekyb3d8bbwe;C:\Users\ASHLESH SHUKLA\AppData\Roaming\npm;C:\Program Files\JetBrains\IntelliJ IDEA 2026.1\bin;D:\workspace-spring-tools-for-eclipse-5.0.1.RELEASE\OnlineLearningManagementSystem-Backend\apache-maven-3.8.1\bin;D:\workspace-spring-tools-for-eclipse-5.0.1.RELEASE\OnlineLearningManagementSystem\OnlineLearningManagementSystem-Backend\apache-maven-3.8.1\bin;C:\Users\ASHLESH SHUKLA\AppData\Local\Microsoft\WindowsApps;D:\Essential\Microsoft VS Code\bin;C:\Users\ASHLESH SHUKLA\AppData\Local\Programs\cursor\resources\app\bin;D:\Essential\Antigravity\bin
USERNAME=ASHLESH SHUKLA
LANG=en_US.UTF-8
OS=Windows_NT
PROCESSOR_IDENTIFIER=Intel64 Family 6 Model 140 Stepping 1, GenuineIntel
TMP=C:\Users\ASHLES~1\AppData\Local\Temp
TEMP=C:\Users\ASHLES~1\AppData\Local\Temp




Compilation memory statistics disabled.

Periodic native trim disabled

---------------  S Y S T E M  ---------------

OS:
 Windows 11 , 64 bit Build 26100 (10.0.26100.8328)
OS uptime: 0 days 1:39 hours
Hyper-V role detected

CPU: total 8 (initial active 8) (4 cores per cpu, 2 threads per core) family 6 model 140 stepping 1 microcode 0xbe, cx8, cmov, fxsr, ht, mmx, 3dnowpref, sse, sse2, sse3, ssse3, sse4.1, sse4.2, popcnt, lzcnt, tsc, tscinvbit, avx, avx2, aes, erms, clmul, bmi1, bmi2, adx, avx512f, avx512dq, avx512cd, avx512bw, avx512vl, sha, fma, vzeroupper, avx512_vpopcntdq, avx512_vpclmulqdq, avx512_vaes, avx512_vnni, clflush, clflushopt, clwb, avx512_vbmi2, avx512_vbmi, hv, rdtscp, rdpid, fsrm, gfni, avx512_bitalg, f16c, cet_ibt, cet_ss, avx512_ifma
Processor Information for the first 8 processors :
  Max Mhz: 1382, Current Mhz: 1382, Mhz Limit: 1382

Memory: 4k page, system-wide physical 7930M (212M free)
TotalPageFile size 26540M (AvailPageFile size 113M)
current process WorkingSet (physical memory assigned to process): 127M, peak: 130M
current process commit charge ("private bytes"): 254M, peak: 275M

vm_info: Java HotSpot(TM) 64-Bit Server VM (25.0.1+8-LTS-27) for windows-amd64 JRE (25.0.1+8-LTS-27), built on 2025-09-25T16:41:16Z with unknown MS VC++:1943

END.
